[ 2015-05-31T20:12:03+08:00 ] ::1 /stu/index.php/tec/Article/informed.html
INFO: [ app_init ] --START--
INFO: Run Behavior\BuildLiteBehavior [ RunTime:0.000000s ]
INFO: [ app_init ] --END-- [ RunTime:0.001000s ]
INFO: [ app_begin ] --START--
INFO: Run Behavior\ReadHtmlCacheBehavior [ RunTime:0.001000s ]
INFO: [ app_begin ] --END-- [ RunTime:0.001000s ]
ERR: 非法操作:informed

[ 2015-05-31T20:12:07+08:00 ] ::1 /stu/index.php/tec/Article/
INFO: [ app_init ] --START--
INFO: Run Behavior\BuildLiteBehavior [ RunTime:0.000000s ]
INFO: [ app_init ] --END-- [ RunTime:0.000000s ]
INFO: [ app_begin ] --START--
INFO: Run Behavior\ReadHtmlCacheBehavior [ RunTime:0.001001s ]
INFO: [ app_begin ] --END-- [ RunTime:0.001001s ]
INFO: [ app_end ] --START--
INFO: Run Behavior\ShowPageTraceBehavior [ RunTime:0.001000s ]
INFO: [ app_end ] --END-- [ RunTime:0.002000s ]

[ 2015-05-31T20:12:19+08:00 ] ::1 /stu/index.php/tec
INFO: [ app_init ] --START--
INFO: Run Behavior\BuildLiteBehavior [ RunTime:0.000000s ]
INFO: [ app_init ] --END-- [ RunTime:0.000000s ]
INFO: [ app_begin ] --START--
INFO: Run Behavior\ReadHtmlCacheBehavior [ RunTime:0.001000s ]
INFO: [ app_begin ] --END-- [ RunTime:0.001000s ]
INFO: [ view_parse ] --START--
INFO: [ template_filter ] --START--
INFO: Run Behavior\ContentReplaceBehavior [ RunTime:0.000000s ]
INFO: [ template_filter ] --END-- [ RunTime:0.000000s ]
NOTIC: [8] Undefined variable: name D:\WWW\stu\Application\Runtime\Cache\Tec\5f624b5d971a777208b44644c53daf2c.php 第 33 行.
INFO: Run Behavior\ParseTemplateBehavior [ RunTime:0.100006s ]
INFO: [ view_parse ] --END-- [ RunTime:0.100006s ]
INFO: [ view_filter ] --START--
INFO: Run Behavior\WriteHtmlCacheBehavior [ RunTime:0.001000s ]
INFO: [ view_filter ] --END-- [ RunTime:0.001000s ]
INFO: [ app_end ] --START--
INFO: Run Behavior\ShowPageTraceBehavior [ RunTime:0.000000s ]
INFO: [ app_end ] --END-- [ RunTime:0.000000s ]

[ 2015-05-31T20:12:20+08:00 ] ::1 /stu/index.php/Tec/Article/wait.html
INFO: [ app_init ] --START--
INFO: Run Behavior\BuildLiteBehavior [ RunTime:0.000000s ]
INFO: [ app_init ] --END-- [ RunTime:0.000000s ]
INFO: [ app_begin ] --START--
INFO: Run Behavior\ReadHtmlCacheBehavior [ RunTime:0.000000s ]
INFO: [ app_begin ] --END-- [ RunTime:0.001000s ]
INFO: [ view_parse ] --START--
INFO: [ template_filter ] --START--
INFO: Run Behavior\ContentReplaceBehavior [ RunTime:0.000000s ]
INFO: [ template_filter ] --END-- [ RunTime:0.000000s ]
NOTIC: [8] Undefined variable: name D:\WWW\stu\Application\Runtime\Cache\Tec\1f5a09f01b41faf18cd35b68b84e5f3e.php 第 27 行.
NOTIC: [8] Undefined variable: num D:\WWW\stu\Application\Runtime\Cache\Tec\1f5a09f01b41faf18cd35b68b84e5f3e.php 第 78 行.
INFO: Run Behavior\ParseTemplateBehavior [ RunTime:0.149009s ]
INFO: [ view_parse ] --END-- [ RunTime:0.149009s ]
INFO: [ view_filter ] --START--
INFO: Run Behavior\WriteHtmlCacheBehavior [ RunTime:0.001000s ]
INFO: [ view_filter ] --END-- [ RunTime:0.001000s ]
INFO: [ app_end ] --START--
INFO: Run Behavior\ShowPageTraceBehavior [ RunTime:0.000000s ]
INFO: [ app_end ] --END-- [ RunTime:0.000000s ]

[ 2015-05-31T20:12:23+08:00 ] ::1 /stu/index.php/Tec/Article/set.html
INFO: [ app_init ] --START--
INFO: Run Behavior\BuildLiteBehavior [ RunTime:0.000000s ]
INFO: [ app_init ] --END-- [ RunTime:0.000000s ]
INFO: [ app_begin ] --START--
INFO: Run Behavior\ReadHtmlCacheBehavior [ RunTime:0.000000s ]
INFO: [ app_begin ] --END-- [ RunTime:0.000000s ]
INFO: [ view_parse ] --START--
INFO: [ template_filter ] --START--
INFO: Run Behavior\ContentReplaceBehavior [ RunTime:0.000000s ]
INFO: [ template_filter ] --END-- [ RunTime:0.000000s ]
NOTIC: [8] Undefined variable: name D:\WWW\stu\Application\Runtime\Cache\Tec\f181a5cb81ed64917746b4f6ba3f07b4.php 第 27 行.
NOTIC: [8] Undefined variable: num D:\WWW\stu\Application\Runtime\Cache\Tec\f181a5cb81ed64917746b4f6ba3f07b4.php 第 78 行.
INFO: Run Behavior\ParseTemplateBehavior [ RunTime:0.025002s ]
INFO: [ view_parse ] --END-- [ RunTime:0.025002s ]
INFO: [ view_filter ] --START--
INFO: Run Behavior\WriteHtmlCacheBehavior [ RunTime:0.000000s ]
INFO: [ view_filter ] --END-- [ RunTime:0.000000s ]
INFO: [ app_end ] --START--
INFO: Run Behavior\ShowPageTraceBehavior [ RunTime:0.000000s ]
INFO: [ app_end ] --END-- [ RunTime:0.000000s ]

[ 2015-05-31T20:12:24+08:00 ] ::1 /stu/index.php/Tec/Article/wait.html
INFO: [ app_init ] --START--
INFO: Run Behavior\BuildLiteBehavior [ RunTime:0.000000s ]
INFO: [ app_init ] --END-- [ RunTime:0.000000s ]
INFO: [ app_begin ] --START--
INFO: Run Behavior\ReadHtmlCacheBehavior [ RunTime:0.000000s ]
INFO: [ app_begin ] --END-- [ RunTime:0.001000s ]
INFO: [ view_parse ] --START--
INFO: [ template_filter ] --START--
INFO: Run Behavior\ContentReplaceBehavior [ RunTime:0.000000s ]
INFO: [ template_filter ] --END-- [ RunTime:0.000000s ]
NOTIC: [8] Undefined variable: name D:\WWW\stu\Application\Runtime\Cache\Tec\1f5a09f01b41faf18cd35b68b84e5f3e.php 第 27 行.
NOTIC: [8] Undefined variable: num D:\WWW\stu\Application\Runtime\Cache\Tec\1f5a09f01b41faf18cd35b68b84e5f3e.php 第 78 行.
INFO: Run Behavior\ParseTemplateBehavior [ RunTime:0.012000s ]
INFO: [ view_parse ] --END-- [ RunTime:0.012000s ]
INFO: [ view_filter ] --START--
INFO: Run Behavior\WriteHtmlCacheBehavior [ RunTime:0.000000s ]
INFO: [ view_filter ] --END-- [ RunTime:0.000000s ]
INFO: [ app_end ] --START--
INFO: Run Behavior\ShowPageTraceBehavior [ RunTime:0.000000s ]
INFO: [ app_end ] --END-- [ RunTime:0.000000s ]

[ 2015-05-31T20:12:25+08:00 ] ::1 /stu/index.php/Tec/Article/set.html
INFO: [ app_init ] --START--
INFO: Run Behavior\BuildLiteBehavior [ RunTime:0.000000s ]
INFO: [ app_init ] --END-- [ RunTime:0.001000s ]
INFO: [ app_begin ] --START--
INFO: Run Behavior\ReadHtmlCacheBehavior [ RunTime:0.000000s ]
INFO: [ app_begin ] --END-- [ RunTime:0.000000s ]
INFO: [ view_parse ] --START--
INFO: [ template_filter ] --START--
INFO: Run Behavior\ContentReplaceBehavior [ RunTime:0.001000s ]
INFO: [ template_filter ] --END-- [ RunTime:0.001000s ]
NOTIC: [8] Undefined variable: name D:\WWW\stu\Application\Runtime\Cache\Tec\f181a5cb81ed64917746b4f6ba3f07b4.php 第 27 行.
NOTIC: [8] Undefined variable: num D:\WWW\stu\Application\Runtime\Cache\Tec\f181a5cb81ed64917746b4f6ba3f07b4.php 第 78 行.
INFO: Run Behavior\ParseTemplateBehavior [ RunTime:0.007000s ]
INFO: [ view_parse ] --END-- [ RunTime:0.007000s ]
INFO: [ view_filter ] --START--
INFO: Run Behavior\WriteHtmlCacheBehavior [ RunTime:0.001000s ]
INFO: [ view_filter ] --END-- [ RunTime:0.001000s ]
INFO: [ app_end ] --START--
INFO: Run Behavior\ShowPageTraceBehavior [ RunTime:0.000000s ]
INFO: [ app_end ] --END-- [ RunTime:0.000000s ]

[ 2015-05-31T20:12:25+08:00 ] ::1 /stu/index.php/Tec/Article/wait.html
INFO: [ app_init ] --START--
INFO: Run Behavior\BuildLiteBehavior [ RunTime:0.000000s ]
INFO: [ app_init ] --END-- [ RunTime:0.000000s ]
INFO: [ app_begin ] --START--
INFO: Run Behavior\ReadHtmlCacheBehavior [ RunTime:0.001000s ]
INFO: [ app_begin ] --END-- [ RunTime:0.001000s ]
INFO: [ view_parse ] --START--
INFO: [ template_filter ] --START--
INFO: Run Behavior\ContentReplaceBehavior [ RunTime:0.000000s ]
INFO: [ template_filter ] --END-- [ RunTime:0.000000s ]
NOTIC: [8] Undefined variable: name D:\WWW\stu\Application\Runtime\Cache\Tec\1f5a09f01b41faf18cd35b68b84e5f3e.php 第 27 行.
NOTIC: [8] Undefined variable: num D:\WWW\stu\Application\Runtime\Cache\Tec\1f5a09f01b41faf18cd35b68b84e5f3e.php 第 78 行.
INFO: Run Behavior\ParseTemplateBehavior [ RunTime:0.008001s ]
INFO: [ view_parse ] --END-- [ RunTime:0.008001s ]
INFO: [ view_filter ] --START--
INFO: Run Behavior\WriteHtmlCacheBehavior [ RunTime:0.000000s ]
INFO: [ view_filter ] --END-- [ RunTime:0.000000s ]
INFO: [ app_end ] --START--
INFO: Run Behavior\ShowPageTraceBehavior [ RunTime:0.001000s ]
INFO: [ app_end ] --END-- [ RunTime:0.001000s ]

[ 2015-05-31T20:12:26+08:00 ] ::1 /stu/index.php/Tec/Article/set.html
INFO: [ app_init ] --START--
INFO: Run Behavior\BuildLiteBehavior [ RunTime:0.000000s ]
INFO: [ app_init ] --END-- [ RunTime:0.001001s ]
INFO: [ app_begin ] --START--
INFO: Run Behavior\ReadHtmlCacheBehavior [ RunTime:0.000000s ]
INFO: [ app_begin ] --END-- [ RunTime:0.000000s ]
INFO: [ view_parse ] --START--
INFO: [ template_filter ] --START--
INFO: Run Behavior\ContentReplaceBehavior [ RunTime:0.000000s ]
INFO: [ template_filter ] --END-- [ RunTime:0.000000s ]
NOTIC: [8] Undefined variable: name D:\WWW\stu\Application\Runtime\Cache\Tec\f181a5cb81ed64917746b4f6ba3f07b4.php 第 27 行.
NOTIC: [8] Undefined variable: num D:\WWW\stu\Application\Runtime\Cache\Tec\f181a5cb81ed64917746b4f6ba3f07b4.php 第 78 行.
INFO: Run Behavior\ParseTemplateBehavior [ RunTime:0.009000s ]
INFO: [ view_parse ] --END-- [ RunTime:0.009000s ]
INFO: [ view_filter ] --START--
INFO: Run Behavior\WriteHtmlCacheBehavior [ RunTime:0.000000s ]
INFO: [ view_filter ] --END-- [ RunTime:0.000000s ]
INFO: [ app_end ] --START--
INFO: Run Behavior\ShowPageTraceBehavior [ RunTime:0.001000s ]
INFO: [ app_end ] --END-- [ RunTime:0.001000s ]

[ 2015-05-31T20:12:27+08:00 ] ::1 /stu/index.php/Tec/Article/wait.html
INFO: [ app_init ] --START--
INFO: Run Behavior\BuildLiteBehavior [ RunTime:0.000000s ]
INFO: [ app_init ] --END-- [ RunTime:0.000000s ]
INFO: [ app_begin ] --START--
INFO: Run Behavior\ReadHtmlCacheBehavior [ RunTime:0.001000s ]
INFO: [ app_begin ] --END-- [ RunTime:0.001000s ]
INFO: [ view_parse ] --START--
INFO: [ template_filter ] --START--
INFO: Run Behavior\ContentReplaceBehavior [ RunTime:0.000000s ]
INFO: [ template_filter ] --END-- [ RunTime:0.000000s ]
NOTIC: [8] Undefined variable: name D:\WWW\stu\Application\Runtime\Cache\Tec\1f5a09f01b41faf18cd35b68b84e5f3e.php 第 27 行.
NOTIC: [8] Undefined variable: num D:\WWW\stu\Application\Runtime\Cache\Tec\1f5a09f01b41faf18cd35b68b84e5f3e.php 第 78 行.
INFO: Run Behavior\ParseTemplateBehavior [ RunTime:0.013001s ]
INFO: [ view_parse ] --END-- [ RunTime:0.013001s ]
INFO: [ view_filter ] --START--
INFO: Run Behavior\WriteHtmlCacheBehavior [ RunTime:0.000000s ]
INFO: [ view_filter ] --END-- [ RunTime:0.000000s ]
INFO: [ app_end ] --START--
INFO: Run Behavior\ShowPageTraceBehavior [ RunTime:0.001000s ]
INFO: [ app_end ] --END-- [ RunTime:0.001000s ]

[ 2015-05-31T20:12:28+08:00 ] ::1 /stu/index.php/Tec/Article/set.html
INFO: [ app_init ] --START--
INFO: Run Behavior\BuildLiteBehavior [ RunTime:0.000000s ]
INFO: [ app_init ] --END-- [ RunTime:0.000000s ]
INFO: [ app_begin ] --START--
INFO: Run Behavior\ReadHtmlCacheBehavior [ RunTime:0.000000s ]
INFO: [ app_begin ] --END-- [ RunTime:0.000000s ]
INFO: [ view_parse ] --START--
INFO: [ template_filter ] --START--
INFO: Run Behavior\ContentReplaceBehavior [ RunTime:0.000000s ]
INFO: [ template_filter ] --END-- [ RunTime:0.000000s ]
NOTIC: [8] Undefined variable: name D:\WWW\stu\Application\Runtime\Cache\Tec\f181a5cb81ed64917746b4f6ba3f07b4.php 第 27 行.
NOTIC: [8] Undefined variable: num D:\WWW\stu\Application\Runtime\Cache\Tec\f181a5cb81ed64917746b4f6ba3f07b4.php 第 78 行.
INFO: Run Behavior\ParseTemplateBehavior [ RunTime:0.014001s ]
INFO: [ view_parse ] --END-- [ RunTime:0.014001s ]
INFO: [ view_filter ] --START--
INFO: Run Behavior\WriteHtmlCacheBehavior [ RunTime:0.000000s ]
INFO: [ view_filter ] --END-- [ RunTime:0.000000s ]
INFO: [ app_end ] --START--
INFO: Run Behavior\ShowPageTraceBehavior [ RunTime:0.001000s ]
INFO: [ app_end ] --END-- [ RunTime:0.001000s ]

[ 2015-05-31T20:12:28+08:00 ] ::1 /stu/index.php/Tec/Article/wait.html
INFO: [ app_init ] --START--
INFO: Run Behavior\BuildLiteBehavior [ RunTime:0.000000s ]
INFO: [ app_init ] --END-- [ RunTime:0.001000s ]
INFO: [ app_begin ] --START--
INFO: Run Behavior\ReadHtmlCacheBehavior [ RunTime:0.001000s ]
INFO: [ app_begin ] --END-- [ RunTime:0.001000s ]
INFO: [ view_parse ] --START--
INFO: [ template_filter ] --START--
INFO: Run Behavior\ContentReplaceBehavior [ RunTime:0.000000s ]
INFO: [ template_filter ] --END-- [ RunTime:0.000000s ]
NOTIC: [8] Undefined variable: name D:\WWW\stu\Application\Runtime\Cache\Tec\1f5a09f01b41faf18cd35b68b84e5f3e.php 第 27 行.
NOTIC: [8] Undefined variable: num D:\WWW\stu\Application\Runtime\Cache\Tec\1f5a09f01b41faf18cd35b68b84e5f3e.php 第 78 行.
INFO: Run Behavior\ParseTemplateBehavior [ RunTime:0.008001s ]
INFO: [ view_parse ] --END-- [ RunTime:0.009001s ]
INFO: [ view_filter ] --START--
INFO: Run Behavior\WriteHtmlCacheBehavior [ RunTime:0.000000s ]
INFO: [ view_filter ] --END-- [ RunTime:0.000000s ]
INFO: [ app_end ] --START--
INFO: Run Behavior\ShowPageTraceBehavior [ RunTime:0.000000s ]
INFO: [ app_end ] --END-- [ RunTime:0.000000s ]

[ 2015-05-31T20:12:28+08:00 ] ::1 /stu/index.php/Tec/Article/set.html
INFO: [ app_init ] --START--
INFO: Run Behavior\BuildLiteBehavior [ RunTime:0.000000s ]
INFO: [ app_init ] --END-- [ RunTime:0.001000s ]
INFO: [ app_begin ] --START--
INFO: Run Behavior\ReadHtmlCacheBehavior [ RunTime:0.001000s ]
INFO: [ app_begin ] --END-- [ RunTime:0.001000s ]
INFO: [ view_parse ] --START--
INFO: [ template_filter ] --START--
INFO: Run Behavior\ContentReplaceBehavior [ RunTime:0.000000s ]
INFO: [ template_filter ] --END-- [ RunTime:0.000000s ]
NOTIC: [8] Undefined variable: name D:\WWW\stu\Application\Runtime\Cache\Tec\f181a5cb81ed64917746b4f6ba3f07b4.php 第 27 行.
NOTIC: [8] Undefined variable: num D:\WWW\stu\Application\Runtime\Cache\Tec\f181a5cb81ed64917746b4f6ba3f07b4.php 第 78 行.
INFO: Run Behavior\ParseTemplateBehavior [ RunTime:0.009001s ]
INFO: [ view_parse ] --END-- [ RunTime:0.009001s ]
INFO: [ view_filter ] --START--
INFO: Run Behavior\WriteHtmlCacheBehavior [ RunTime:0.000000s ]
INFO: [ view_filter ] --END-- [ RunTime:0.000000s ]
INFO: [ app_end ] --START--
INFO: Run Behavior\ShowPageTraceBehavior [ RunTime:0.001000s ]
INFO: [ app_end ] --END-- [ RunTime:0.001000s ]

[ 2015-05-31T20:12:29+08:00 ] ::1 /stu/index.php/Tec/Article/wait.html
INFO: [ app_init ] --START--
INFO: Run Behavior\BuildLiteBehavior [ RunTime:0.000000s ]
INFO: [ app_init ] --END-- [ RunTime:0.000000s ]
INFO: [ app_begin ] --START--
INFO: Run Behavior\ReadHtmlCacheBehavior [ RunTime:0.001000s ]
INFO: [ app_begin ] --END-- [ RunTime:0.001000s ]
INFO: [ view_parse ] --START--
INFO: [ template_filter ] --START--
INFO: Run Behavior\ContentReplaceBehavior [ RunTime:0.000000s ]
INFO: [ template_filter ] --END-- [ RunTime:0.000000s ]
NOTIC: [8] Undefined variable: name D:\WWW\stu\Application\Runtime\Cache\Tec\1f5a09f01b41faf18cd35b68b84e5f3e.php 第 27 行.
NOTIC: [8] Undefined variable: num D:\WWW\stu\Application\Runtime\Cache\Tec\1f5a09f01b41faf18cd35b68b84e5f3e.php 第 78 行.
INFO: Run Behavior\ParseTemplateBehavior [ RunTime:0.008001s ]
INFO: [ view_parse ] --END-- [ RunTime:0.008001s ]
INFO: [ view_filter ] --START--
INFO: Run Behavior\WriteHtmlCacheBehavior [ RunTime:0.000000s ]
INFO: [ view_filter ] --END-- [ RunTime:0.000000s ]
INFO: [ app_end ] --START--
INFO: Run Behavior\ShowPageTraceBehavior [ RunTime:0.001000s ]
INFO: [ app_end ] --END-- [ RunTime:0.001000s ]

[ 2015-05-31T20:12:29+08:00 ] ::1 /stu/index.php/Tec/Article/set.html
INFO: [ app_init ] --START--
INFO: Run Behavior\BuildLiteBehavior [ RunTime:0.000000s ]
INFO: [ app_init ] --END-- [ RunTime:0.000000s ]
INFO: [ app_begin ] --START--
INFO: Run Behavior\ReadHtmlCacheBehavior [ RunTime:0.001000s ]
INFO: [ app_begin ] --END-- [ RunTime:0.001000s ]
INFO: [ view_parse ] --START--
INFO: [ template_filter ] --START--
INFO: Run Behavior\ContentReplaceBehavior [ RunTime:0.000000s ]
INFO: [ template_filter ] --END-- [ RunTime:0.000000s ]
NOTIC: [8] Undefined variable: name D:\WWW\stu\Application\Runtime\Cache\Tec\f181a5cb81ed64917746b4f6ba3f07b4.php 第 27 行.
NOTIC: [8] Undefined variable: num D:\WWW\stu\Application\Runtime\Cache\Tec\f181a5cb81ed64917746b4f6ba3f07b4.php 第 78 行.
INFO: Run Behavior\ParseTemplateBehavior [ RunTime:0.013001s ]
INFO: [ view_parse ] --END-- [ RunTime:0.013001s ]
INFO: [ view_filter ] --START--
INFO: Run Behavior\WriteHtmlCacheBehavior [ RunTime:0.000000s ]
INFO: [ view_filter ] --END-- [ RunTime:0.000000s ]
INFO: [ app_end ] --START--
INFO: Run Behavior\ShowPageTraceBehavior [ RunTime:0.001000s ]
INFO: [ app_end ] --END-- [ RunTime:0.001000s ]

[ 2015-05-31T20:12:29+08:00 ] ::1 /stu/index.php/Tec/Article/wait.html
INFO: [ app_init ] --START--
INFO: Run Behavior\BuildLiteBehavior [ RunTime:0.001001s ]
INFO: [ app_init ] --END-- [ RunTime:0.001001s ]
INFO: [ app_begin ] --START--
INFO: Run Behavior\ReadHtmlCacheBehavior [ RunTime:0.000000s ]
INFO: [ app_begin ] --END-- [ RunTime:0.000000s ]
INFO: [ view_parse ] --START--
INFO: [ template_filter ] --START--
INFO: Run Behavior\ContentReplaceBehavior [ RunTime:0.000000s ]
INFO: [ template_filter ] --END-- [ RunTime:0.000000s ]
NOTIC: [8] Undefined variable: name D:\WWW\stu\Application\Runtime\Cache\Tec\1f5a09f01b41faf18cd35b68b84e5f3e.php 第 27 行.
NOTIC: [8] Undefined variable: num D:\WWW\stu\Application\Runtime\Cache\Tec\1f5a09f01b41faf18cd35b68b84e5f3e.php 第 78 行.
INFO: Run Behavior\ParseTemplateBehavior [ RunTime:0.007000s ]
INFO: [ view_parse ] --END-- [ RunTime:0.007000s ]
INFO: [ view_filter ] --START--
INFO: Run Behavior\WriteHtmlCacheBehavior [ RunTime:0.000000s ]
INFO: [ view_filter ] --END-- [ RunTime:0.000000s ]
INFO: [ app_end ] --START--
INFO: Run Behavior\ShowPageTraceBehavior [ RunTime:0.001000s ]
INFO: [ app_end ] --END-- [ RunTime:0.001000s ]

[ 2015-05-31T20:36:39+08:00 ] ::1 /stu/index.php/tec/Article/informed.html
INFO: [ app_init ] --START--
INFO: Run Behavior\BuildLiteBehavior [ RunTime:0.000000s ]
INFO: [ app_init ] --END-- [ RunTime:0.000000s ]
INFO: [ app_begin ] --START--
INFO: Run Behavior\ReadHtmlCacheBehavior [ RunTime:0.000000s ]
INFO: [ app_begin ] --END-- [ RunTime:0.000000s ]
ERR: 非法操作:informed

[ 2015-05-31T20:36:43+08:00 ] ::1 /stu/index.php/tec/
INFO: [ app_init ] --START--
INFO: Run Behavior\BuildLiteBehavior [ RunTime:0.000000s ]
INFO: [ app_init ] --END-- [ RunTime:0.001000s ]
INFO: [ app_begin ] --START--
INFO: Run Behavior\ReadHtmlCacheBehavior [ RunTime:0.001000s ]
INFO: [ app_begin ] --END-- [ RunTime:0.001000s ]
INFO: [ view_parse ] --START--
INFO: [ template_filter ] --START--
INFO: Run Behavior\ContentReplaceBehavior [ RunTime:0.001000s ]
INFO: [ template_filter ] --END-- [ RunTime:0.001000s ]
NOTIC: [8] Undefined variable: name D:\WWW\stu\Application\Runtime\Cache\Tec\5f624b5d971a777208b44644c53daf2c.php 第 33 行.
INFO: Run Behavior\ParseTemplateBehavior [ RunTime:0.011001s ]
INFO: [ view_parse ] --END-- [ RunTime:0.011001s ]
INFO: [ view_filter ] --START--
INFO: Run Behavior\WriteHtmlCacheBehavior [ RunTime:0.001000s ]
INFO: [ view_filter ] --END-- [ RunTime:0.001000s ]
INFO: [ app_end ] --START--
INFO: Run Behavior\ShowPageTraceBehavior [ RunTime:0.000000s ]
INFO: [ app_end ] --END-- [ RunTime:0.000000s ]

[ 2015-05-31T20:36:46+08:00 ] ::1 /stu/index.php/Tec/Article/wait.html
INFO: [ app_init ] --START--
INFO: Run Behavior\BuildLiteBehavior [ RunTime:0.000000s ]
INFO: [ app_init ] --END-- [ RunTime:0.001000s ]
INFO: [ app_begin ] --START--
INFO: Run Behavior\ReadHtmlCacheBehavior [ RunTime:0.001000s ]
INFO: [ app_begin ] --END-- [ RunTime:0.001000s ]
SQL: SHOW COLUMNS FROM `mix` [ RunTime:0.0050s ]
ERR: Think\Model:get_apply方法不存在！

[ 2015-05-31T20:43:06+08:00 ] ::1 /stu/index.php/Tec/Article/wait.html
INFO: [ app_init ] --START--
INFO: Run Behavior\BuildLiteBehavior [ RunTime:0.000000s ]
INFO: [ app_init ] --END-- [ RunTime:0.001000s ]
INFO: [ app_begin ] --START--
INFO: Run Behavior\ReadHtmlCacheBehavior [ RunTime:0.000000s ]
INFO: [ app_begin ] --END-- [ RunTime:0.000000s ]
SQL: SHOW COLUMNS FROM `mix` [ RunTime:0.0060s ]
ERR: Think\Model:get_apply方法不存在！

[ 2015-05-31T20:45:43+08:00 ] ::1 /stu/index.php/tec
INFO: [ app_init ] --START--
INFO: Run Behavior\BuildLiteBehavior [ RunTime:0.000000s ]
INFO: [ app_init ] --END-- [ RunTime:0.001000s ]
INFO: [ app_begin ] --START--
INFO: Run Behavior\ReadHtmlCacheBehavior [ RunTime:0.000000s ]
INFO: [ app_begin ] --END-- [ RunTime:0.000000s ]
INFO: [ view_parse ] --START--
INFO: [ template_filter ] --START--
INFO: Run Behavior\ContentReplaceBehavior [ RunTime:0.000000s ]
INFO: [ template_filter ] --END-- [ RunTime:0.000000s ]
NOTIC: [8] Undefined variable: name D:\WWW\stu\Application\Runtime\Cache\Tec\5f624b5d971a777208b44644c53daf2c.php 第 33 行.
INFO: Run Behavior\ParseTemplateBehavior [ RunTime:0.009001s ]
INFO: [ view_parse ] --END-- [ RunTime:0.009001s ]
INFO: [ view_filter ] --START--
INFO: Run Behavior\WriteHtmlCacheBehavior [ RunTime:0.000000s ]
INFO: [ view_filter ] --END-- [ RunTime:0.000000s ]
INFO: [ app_end ] --START--
INFO: Run Behavior\ShowPageTraceBehavior [ RunTime:0.001000s ]
INFO: [ app_end ] --END-- [ RunTime:0.001000s ]

[ 2015-05-31T20:46:03+08:00 ] ::1 /stu/index.php/Tec/Article/wait.html
INFO: [ app_init ] --START--
INFO: Run Behavior\BuildLiteBehavior [ RunTime:0.000000s ]
INFO: [ app_init ] --END-- [ RunTime:0.000000s ]
INFO: [ app_begin ] --START--
INFO: Run Behavior\ReadHtmlCacheBehavior [ RunTime:0.000000s ]
INFO: [ app_begin ] --END-- [ RunTime:0.000000s ]
SQL: SHOW COLUMNS FROM `mix` [ RunTime:0.0050s ]
ERR: Think\Model:get_apply方法不存在！

[ 2015-05-31T20:46:56+08:00 ] ::1 /stu/index.php/Tec/Article/wait.html
INFO: [ app_init ] --START--
INFO: Run Behavior\BuildLiteBehavior [ RunTime:0.000000s ]
INFO: [ app_init ] --END-- [ RunTime:0.000000s ]
INFO: [ app_begin ] --START--
INFO: Run Behavior\ReadHtmlCacheBehavior [ RunTime:0.000000s ]
INFO: [ app_begin ] --END-- [ RunTime:0.000000s ]
SQL: SHOW COLUMNS FROM `mix` [ RunTime:0.0100s ]
ERR: Think\Model:get_apply方法不存在！

[ 2015-05-31T20:46:59+08:00 ] ::1 /stu/index.php/Tec/Article/wait.html
INFO: [ app_init ] --START--
INFO: Run Behavior\BuildLiteBehavior [ RunTime:0.000000s ]
INFO: [ app_init ] --END-- [ RunTime:0.000000s ]
INFO: [ app_begin ] --START--
INFO: Run Behavior\ReadHtmlCacheBehavior [ RunTime:0.000000s ]
INFO: [ app_begin ] --END-- [ RunTime:0.000000s ]
SQL: SHOW COLUMNS FROM `mix` [ RunTime:0.0040s ]
ERR: Think\Model:get_apply方法不存在！

[ 2015-05-31T22:06:55+08:00 ] ::1 /stu/index.php/Tec/Article/wait.html
INFO: [ app_init ] --START--
INFO: Run Behavior\BuildLiteBehavior [ RunTime:0.000000s ]
INFO: [ app_init ] --END-- [ RunTime:0.000000s ]
INFO: [ app_begin ] --START--
INFO: Run Behavior\ReadHtmlCacheBehavior [ RunTime:0.003000s ]
INFO: [ app_begin ] --END-- [ RunTime:0.003000s ]
SQL: SHOW COLUMNS FROM `mix` [ RunTime:0.0050s ]
NOTIC: [8] Undefined variable: staus D:\WWW\stu\Application\Tec\Controller\ArticleController.class.php 第 19 行.
ERR: Think\Model:get_apply方法不存在！

[ 2015-05-31T22:07:37+08:00 ] ::1 /stu/index.php/Tec/Article/wait.html
INFO: [ app_init ] --START--
INFO: Run Behavior\BuildLiteBehavior [ RunTime:0.000000s ]
INFO: [ app_init ] --END-- [ RunTime:0.001000s ]
INFO: [ app_begin ] --START--
INFO: Run Behavior\ReadHtmlCacheBehavior [ RunTime:0.000000s ]
INFO: [ app_begin ] --END-- [ RunTime:0.000000s ]
SQL: SHOW COLUMNS FROM `mix` [ RunTime:0.0040s ]
NOTIC: [8] Undefined variable: staus D:\WWW\stu\Application\Tec\Controller\ArticleController.class.php 第 19 行.
SQL: SELECT * FROM `mix` WHERE `stu_id` = 3 AND `info_type` = null AND `status` = 1  [ RunTime:0.0010s ]
SQL: SHOW COLUMNS FROM `stu` [ RunTime:0.0060s ]
NOTIC: [8] Undefined variable: stu_id D:\WWW\stu\Application\Tec\Controller\ArticleController.class.php 第 21 行.
ERR: Think\Model:getinfo方法不存在！

[ 2015-05-31T22:07:49+08:00 ] ::1 /stu/index.php/Tec/Article/wait.html
INFO: [ app_init ] --START--
INFO: Run Behavior\BuildLiteBehavior [ RunTime:0.000000s ]
INFO: [ app_init ] --END-- [ RunTime:0.000000s ]
INFO: [ app_begin ] --START--
INFO: Run Behavior\ReadHtmlCacheBehavior [ RunTime:0.000000s ]
INFO: [ app_begin ] --END-- [ RunTime:0.000000s ]
SQL: SHOW COLUMNS FROM `mix` [ RunTime:0.0050s ]
NOTIC: [8] Undefined variable: staus D:\WWW\stu\Application\Tec\Controller\ArticleController.class.php 第 19 行.
SQL: SELECT * FROM `mix` WHERE `stu_id` = 3 AND `info_type` = null AND `status` = 1  [ RunTime:0.0010s ]
SQL: SHOW COLUMNS FROM `stu` [ RunTime:0.0050s ]
NOTIC: [8] Undefined variable: stu_id D:\WWW\stu\Application\Tec\Controller\ArticleController.class.php 第 21 行.
SQL: SELECT `stu_id`,`name`,`student_id`,`gender`,`major`,`political_status`,`nation`,`country`,`birth`,`id_card`,`phone`,`health`,`address`,`home_phone`,`zipcode`,`email`,`grade` FROM `stu` WHERE `stu_id` = null  [ RunTime:0.0000s ]
NOTIC: [8] Undefined variable: moban_info D:\WWW\stu\Application\Tec\Controller\ArticleController.class.php 第 32 行.
INFO: [ view_parse ] --START--
INFO: [ template_filter ] --START--
INFO: Run Behavior\ContentReplaceBehavior [ RunTime:0.000000s ]
INFO: [ template_filter ] --END-- [ RunTime:0.001000s ]
NOTIC: [8] Undefined variable: name D:\WWW\stu\Application\Runtime\Cache\Tec\1f5a09f01b41faf18cd35b68b84e5f3e.php 第 27 行.
NOTIC: [8] Undefined variable: num D:\WWW\stu\Application\Runtime\Cache\Tec\1f5a09f01b41faf18cd35b68b84e5f3e.php 第 78 行.
NOTIC: [8] Undefined variable: id D:\WWW\stu\Application\Runtime\Cache\Tec\1f5a09f01b41faf18cd35b68b84e5f3e.php 第 101 行.
NOTIC: [8] Undefined variable: id D:\WWW\stu\Application\Runtime\Cache\Tec\1f5a09f01b41faf18cd35b68b84e5f3e.php 第 107 行.
NOTIC: [8] Undefined variable: id D:\WWW\stu\Application\Runtime\Cache\Tec\1f5a09f01b41faf18cd35b68b84e5f3e.php 第 108 行.
INFO: Run Behavior\ParseTemplateBehavior [ RunTime:0.022001s ]
INFO: [ view_parse ] --END-- [ RunTime:0.022001s ]
INFO: [ view_filter ] --START--
INFO: Run Behavior\WriteHtmlCacheBehavior [ RunTime:0.000000s ]
INFO: [ view_filter ] --END-- [ RunTime:0.000000s ]
INFO: [ app_end ] --START--
INFO: Run Behavior\ShowPageTraceBehavior [ RunTime:0.001000s ]
INFO: [ app_end ] --END-- [ RunTime:0.001000s ]

[ 2015-05-31T22:17:09+08:00 ] ::1 /stu/index.php/tec
INFO: [ app_init ] --START--
INFO: Run Behavior\BuildLiteBehavior [ RunTime:0.000000s ]
INFO: [ app_init ] --END-- [ RunTime:0.001000s ]
INFO: [ app_begin ] --START--
INFO: Run Behavior\ReadHtmlCacheBehavior [ RunTime:0.000000s ]
INFO: [ app_begin ] --END-- [ RunTime:0.001000s ]
INFO: [ view_parse ] --START--
INFO: [ template_filter ] --START--
INFO: Run Behavior\ContentReplaceBehavior [ RunTime:0.000000s ]
INFO: [ template_filter ] --END-- [ RunTime:0.000000s ]
NOTIC: [8] Undefined variable: name D:\WWW\stu\Application\Runtime\Cache\Tec\5f624b5d971a777208b44644c53daf2c.php 第 33 行.
INFO: Run Behavior\ParseTemplateBehavior [ RunTime:0.011000s ]
INFO: [ view_parse ] --END-- [ RunTime:0.011000s ]
INFO: [ view_filter ] --START--
INFO: Run Behavior\WriteHtmlCacheBehavior [ RunTime:0.000000s ]
INFO: [ view_filter ] --END-- [ RunTime:0.000000s ]
INFO: [ app_end ] --START--
INFO: Run Behavior\ShowPageTraceBehavior [ RunTime:0.000000s ]
INFO: [ app_end ] --END-- [ RunTime:0.000000s ]

[ 2015-05-31T22:17:14+08:00 ] ::1 /stu/index.php/Tec/Article/wait.html
INFO: [ app_init ] --START--
INFO: Run Behavior\BuildLiteBehavior [ RunTime:0.000000s ]
INFO: [ app_init ] --END-- [ RunTime:0.000000s ]
INFO: [ app_begin ] --START--
INFO: Run Behavior\ReadHtmlCacheBehavior [ RunTime:0.001000s ]
INFO: [ app_begin ] --END-- [ RunTime:0.002000s ]
SQL: SHOW COLUMNS FROM `mix` [ RunTime:0.0030s ]
NOTIC: [8] Undefined variable: staus D:\WWW\stu\Application\Tec\Controller\ArticleController.class.php 第 19 行.
SQL: SELECT * FROM `mix` WHERE `stu_id` = 3 AND `info_type` = null AND `status` = 1  [ RunTime:0.0010s ]
SQL: SHOW COLUMNS FROM `stu` [ RunTime:0.0060s ]
NOTIC: [8] Undefined variable: stu_id D:\WWW\stu\Application\Tec\Controller\ArticleController.class.php 第 21 行.
SQL: SELECT `stu_id`,`name`,`student_id`,`gender`,`major`,`political_status`,`nation`,`country`,`birth`,`id_card`,`phone`,`health`,`address`,`home_phone`,`zipcode`,`email`,`grade` FROM `stu` WHERE `stu_id` = null  [ RunTime:0.0000s ]
NOTIC: [8] Undefined variable: moban_info D:\WWW\stu\Application\Tec\Controller\ArticleController.class.php 第 32 行.
INFO: [ view_parse ] --START--
INFO: [ template_filter ] --START--
INFO: Run Behavior\ContentReplaceBehavior [ RunTime:0.000000s ]
INFO: [ template_filter ] --END-- [ RunTime:0.000000s ]
NOTIC: [8] Undefined variable: name D:\WWW\stu\Application\Runtime\Cache\Tec\1f5a09f01b41faf18cd35b68b84e5f3e.php 第 27 行.
NOTIC: [8] Undefined variable: num D:\WWW\stu\Application\Runtime\Cache\Tec\1f5a09f01b41faf18cd35b68b84e5f3e.php 第 78 行.
NOTIC: [8] Undefined variable: id D:\WWW\stu\Application\Runtime\Cache\Tec\1f5a09f01b41faf18cd35b68b84e5f3e.php 第 101 行.
NOTIC: [8] Undefined variable: id D:\WWW\stu\Application\Runtime\Cache\Tec\1f5a09f01b41faf18cd35b68b84e5f3e.php 第 107 行.
NOTIC: [8] Undefined variable: id D:\WWW\stu\Application\Runtime\Cache\Tec\1f5a09f01b41faf18cd35b68b84e5f3e.php 第 108 行.
INFO: Run Behavior\ParseTemplateBehavior [ RunTime:0.008001s ]
INFO: [ view_parse ] --END-- [ RunTime:0.008001s ]
INFO: [ view_filter ] --START--
INFO: Run Behavior\WriteHtmlCacheBehavior [ RunTime:0.000000s ]
INFO: [ view_filter ] --END-- [ RunTime:0.000000s ]
INFO: [ app_end ] --START--
INFO: Run Behavior\ShowPageTraceBehavior [ RunTime:0.000000s ]
INFO: [ app_end ] --END-- [ RunTime:0.000000s ]

[ 2015-05-31T22:18:58+08:00 ] ::1 /stu/index.php/Tec/Article/wait.html
INFO: [ app_init ] --START--
INFO: Run Behavior\BuildLiteBehavior [ RunTime:0.000000s ]
INFO: [ app_init ] --END-- [ RunTime:0.000000s ]
INFO: [ app_begin ] --START--
INFO: Run Behavior\ReadHtmlCacheBehavior [ RunTime:0.000000s ]
INFO: [ app_begin ] --END-- [ RunTime:0.000000s ]
SQL: SHOW COLUMNS FROM `mix` [ RunTime:0.0030s ]
NOTIC: [8] Undefined variable: staus D:\WWW\stu\Application\Tec\Controller\ArticleController.class.php 第 19 行.
SQL: SELECT * FROM `mix` WHERE `stu_id` = 3 AND `info_type` = null AND `status` = 1  [ RunTime:0.0000s ]
SQL: SHOW COLUMNS FROM `stu` [ RunTime:0.0030s ]
NOTIC: [8] Undefined variable: stu_id D:\WWW\stu\Application\Tec\Controller\ArticleController.class.php 第 21 行.
SQL: SELECT `stu_id`,`name`,`student_id`,`gender`,`major`,`political_status`,`nation`,`country`,`birth`,`id_card`,`phone`,`health`,`address`,`home_phone`,`zipcode`,`email`,`grade` FROM `stu` WHERE `stu_id` = null  [ RunTime:0.0000s ]
NOTIC: [8] Undefined variable: moban_info D:\WWW\stu\Application\Tec\Controller\ArticleController.class.php 第 32 行.
INFO: [ view_parse ] --START--
INFO: [ template_filter ] --START--
INFO: Run Behavior\ContentReplaceBehavior [ RunTime:0.000000s ]
INFO: [ template_filter ] --END-- [ RunTime:0.000000s ]
NOTIC: [8] Undefined variable: name D:\WWW\stu\Application\Runtime\Cache\Tec\1f5a09f01b41faf18cd35b68b84e5f3e.php 第 27 行.
NOTIC: [8] Undefined variable: num D:\WWW\stu\Application\Runtime\Cache\Tec\1f5a09f01b41faf18cd35b68b84e5f3e.php 第 78 行.
INFO: Run Behavior\ParseTemplateBehavior [ RunTime:0.011001s ]
INFO: [ view_parse ] --END-- [ RunTime:0.011001s ]
INFO: [ view_filter ] --START--
INFO: Run Behavior\WriteHtmlCacheBehavior [ RunTime:0.000000s ]
INFO: [ view_filter ] --END-- [ RunTime:0.000000s ]
INFO: [ app_end ] --START--
INFO: Run Behavior\ShowPageTraceBehavior [ RunTime:0.001000s ]
INFO: [ app_end ] --END-- [ RunTime:0.001000s ]

[ 2015-05-31T22:19:26+08:00 ] ::1 /stu/index.php/Tec/Article/wait.html
INFO: [ app_init ] --START--
INFO: Run Behavior\BuildLiteBehavior [ RunTime:0.000000s ]
INFO: [ app_init ] --END-- [ RunTime:0.000000s ]
INFO: [ app_begin ] --START--
INFO: Run Behavior\ReadHtmlCacheBehavior [ RunTime:0.000000s ]
INFO: [ app_begin ] --END-- [ RunTime:0.000000s ]
SQL: SHOW COLUMNS FROM `mix` [ RunTime:0.0060s ]
NOTIC: [8] Undefined variable: staus D:\WWW\stu\Application\Tec\Controller\ArticleController.class.php 第 19 行.
SQL: SELECT * FROM `mix` WHERE `stu_id` = 3 AND `info_type` = null AND `status` = 1  [ RunTime:0.0020s ]
SQL: SHOW COLUMNS FROM `stu` [ RunTime:0.0040s ]
NOTIC: [8] Undefined variable: stu_id D:\WWW\stu\Application\Tec\Controller\ArticleController.class.php 第 21 行.
SQL: SELECT `stu_id`,`name`,`student_id`,`gender`,`major`,`political_status`,`nation`,`country`,`birth`,`id_card`,`phone`,`health`,`address`,`home_phone`,`zipcode`,`email`,`grade` FROM `stu` WHERE `stu_id` = null  [ RunTime:0.0010s ]
NOTIC: [8] Undefined variable: moban_info D:\WWW\stu\Application\Tec\Controller\ArticleController.class.php 第 32 行.
NOTIC: [8] Undefined variable: moban_info D:\WWW\stu\Application\Tec\Controller\ArticleController.class.php 第 33 行.
INFO: [ view_parse ] --START--
INFO: [ template_filter ] --START--
INFO: Run Behavior\ContentReplaceBehavior [ RunTime:0.000000s ]
INFO: [ template_filter ] --END-- [ RunTime:0.000000s ]
NOTIC: [8] Undefined variable: name D:\WWW\stu\Application\Runtime\Cache\Tec\1f5a09f01b41faf18cd35b68b84e5f3e.php 第 27 行.
NOTIC: [8] Undefined variable: num D:\WWW\stu\Application\Runtime\Cache\Tec\1f5a09f01b41faf18cd35b68b84e5f3e.php 第 78 行.
INFO: Run Behavior\ParseTemplateBehavior [ RunTime:0.009001s ]
INFO: [ view_parse ] --END-- [ RunTime:0.009001s ]
INFO: [ view_filter ] --START--
INFO: Run Behavior\WriteHtmlCacheBehavior [ RunTime:0.000000s ]
INFO: [ view_filter ] --END-- [ RunTime:0.000000s ]
INFO: [ app_end ] --START--
INFO: Run Behavior\ShowPageTraceBehavior [ RunTime:0.000000s ]
INFO: [ app_end ] --END-- [ RunTime:0.000000s ]

[ 2015-05-31T22:27:11+08:00 ] ::1 /stu/index.php/Tec/Article/wait.html
INFO: [ app_init ] --START--
INFO: Run Behavior\BuildLiteBehavior [ RunTime:0.000000s ]
INFO: [ app_init ] --END-- [ RunTime:0.001000s ]
INFO: [ app_begin ] --START--
INFO: Run Behavior\ReadHtmlCacheBehavior [ RunTime:0.001000s ]
INFO: [ app_begin ] --END-- [ RunTime:0.001000s ]
SQL: SHOW COLUMNS FROM `mix` [ RunTime:0.0080s ]
SQL: SHOW COLUMNS FROM `stu` [ RunTime:0.0070s ]
SQL: SELECT `stu_id`,`name`,`student_id`,`gender`,`major`,`political_status`,`nation`,`country`,`birth`,`id_card`,`phone`,`health`,`address`,`home_phone`,`zipcode`,`email`,`grade` FROM `stu` WHERE `stu_id` = null  [ RunTime:0.0010s ]
NOTIC: [8] Undefined variable: moban_info D:\WWW\stu\Application\Tec\Controller\ArticleController.class.php 第 34 行.
NOTIC: [8] Undefined variable: moban_info D:\WWW\stu\Application\Tec\Controller\ArticleController.class.php 第 35 行.
INFO: [ view_parse ] --START--
INFO: [ template_filter ] --START--
INFO: Run Behavior\ContentReplaceBehavior [ RunTime:0.000000s ]
INFO: [ template_filter ] --END-- [ RunTime:0.000000s ]
NOTIC: [8] Undefined variable: name D:\WWW\stu\Application\Runtime\Cache\Tec\1f5a09f01b41faf18cd35b68b84e5f3e.php 第 27 行.
NOTIC: [8] Undefined variable: num D:\WWW\stu\Application\Runtime\Cache\Tec\1f5a09f01b41faf18cd35b68b84e5f3e.php 第 78 行.
INFO: Run Behavior\ParseTemplateBehavior [ RunTime:0.027001s ]
INFO: [ view_parse ] --END-- [ RunTime:0.027001s ]
INFO: [ view_filter ] --START--
INFO: Run Behavior\WriteHtmlCacheBehavior [ RunTime:0.000000s ]
INFO: [ view_filter ] --END-- [ RunTime:0.000000s ]
INFO: [ app_end ] --START--
INFO: Run Behavior\ShowPageTraceBehavior [ RunTime:0.001000s ]
INFO: [ app_end ] --END-- [ RunTime:0.001000s ]

[ 2015-05-31T22:27:35+08:00 ] ::1 /stu/index.php/Tec/Article/wait.html
INFO: [ app_init ] --START--
INFO: Run Behavior\BuildLiteBehavior [ RunTime:0.000000s ]
INFO: [ app_init ] --END-- [ RunTime:0.000000s ]
INFO: [ app_begin ] --START--
INFO: Run Behavior\ReadHtmlCacheBehavior [ RunTime:0.000000s ]
INFO: [ app_begin ] --END-- [ RunTime:0.001000s ]
SQL: SHOW COLUMNS FROM `mix` [ RunTime:0.0060s ]
SQL: SELECT * FROM `mix` WHERE `stu_id` = null AND `info_type` = 3 AND `status` = 1  [ RunTime:0.0010s ]
SQL: SHOW COLUMNS FROM `stu` [ RunTime:0.0070s ]
SQL: SELECT `stu_id`,`name`,`student_id`,`gender`,`major`,`political_status`,`nation`,`country`,`birth`,`id_card`,`phone`,`health`,`address`,`home_phone`,`zipcode`,`email`,`grade` FROM `stu` WHERE `stu_id` = null  [ RunTime:0.0010s ]
NOTIC: [8] Undefined variable: moban_info D:\WWW\stu\Application\Tec\Controller\ArticleController.class.php 第 34 行.
NOTIC: [8] Undefined variable: moban_info D:\WWW\stu\Application\Tec\Controller\ArticleController.class.php 第 35 行.
INFO: [ view_parse ] --START--
INFO: [ template_filter ] --START--
INFO: Run Behavior\ContentReplaceBehavior [ RunTime:0.001000s ]
INFO: [ template_filter ] --END-- [ RunTime:0.001000s ]
NOTIC: [8] Undefined variable: name D:\WWW\stu\Application\Runtime\Cache\Tec\1f5a09f01b41faf18cd35b68b84e5f3e.php 第 27 行.
NOTIC: [8] Undefined variable: num D:\WWW\stu\Application\Runtime\Cache\Tec\1f5a09f01b41faf18cd35b68b84e5f3e.php 第 78 行.
INFO: Run Behavior\ParseTemplateBehavior [ RunTime:0.031002s ]
INFO: [ view_parse ] --END-- [ RunTime:0.031002s ]
INFO: [ view_filter ] --START--
INFO: Run Behavior\WriteHtmlCacheBehavior [ RunTime:0.000000s ]
INFO: [ view_filter ] --END-- [ RunTime:0.000000s ]
INFO: [ app_end ] --START--
INFO: Run Behavior\ShowPageTraceBehavior [ RunTime:0.001000s ]
INFO: [ app_end ] --END-- [ RunTime:0.001000s ]

[ 2015-05-31T22:29:35+08:00 ] ::1 /stu/index.php/Tec/Article/wait.html
INFO: [ app_init ] --START--
INFO: Run Behavior\BuildLiteBehavior [ RunTime:0.000000s ]
INFO: [ app_init ] --END-- [ RunTime:0.000000s ]
INFO: [ app_begin ] --START--
INFO: Run Behavior\ReadHtmlCacheBehavior [ RunTime:0.001000s ]
INFO: [ app_begin ] --END-- [ RunTime:0.001000s ]
SQL: SHOW COLUMNS FROM `mix` [ RunTime:0.0050s ]
SQL: SELECT * FROM `mix` WHERE `info_type` = null AND `status` = 3  [ RunTime:0.0010s ]
SQL: SHOW COLUMNS FROM `stu` [ RunTime:0.0050s ]
SQL: SELECT `stu_id`,`name`,`student_id`,`gender`,`major`,`political_status`,`nation`,`country`,`birth`,`id_card`,`phone`,`health`,`address`,`home_phone`,`zipcode`,`email`,`grade` FROM `stu` WHERE `stu_id` = null  [ RunTime:0.0010s ]
NOTIC: [8] Undefined variable: moban_info D:\WWW\stu\Application\Tec\Controller\ArticleController.class.php 第 34 行.
NOTIC: [8] Undefined variable: moban_info D:\WWW\stu\Application\Tec\Controller\ArticleController.class.php 第 35 行.
INFO: [ view_parse ] --START--
INFO: [ template_filter ] --START--
INFO: Run Behavior\ContentReplaceBehavior [ RunTime:0.000000s ]
INFO: [ template_filter ] --END-- [ RunTime:0.000000s ]
NOTIC: [8] Undefined variable: name D:\WWW\stu\Application\Runtime\Cache\Tec\1f5a09f01b41faf18cd35b68b84e5f3e.php 第 27 行.
NOTIC: [8] Undefined variable: num D:\WWW\stu\Application\Runtime\Cache\Tec\1f5a09f01b41faf18cd35b68b84e5f3e.php 第 78 行.
INFO: Run Behavior\ParseTemplateBehavior [ RunTime:0.010000s ]
INFO: [ view_parse ] --END-- [ RunTime:0.010000s ]
INFO: [ view_filter ] --START--
INFO: Run Behavior\WriteHtmlCacheBehavior [ RunTime:0.001000s ]
INFO: [ view_filter ] --END-- [ RunTime:0.001000s ]
INFO: [ app_end ] --START--
INFO: Run Behavior\ShowPageTraceBehavior [ RunTime:0.001001s ]
INFO: [ app_end ] --END-- [ RunTime:0.001001s ]

[ 2015-05-31T22:32:18+08:00 ] ::1 /stu/index.php/Tec/Article/wait.html
INFO: [ app_init ] --START--
INFO: Run Behavior\BuildLiteBehavior [ RunTime:0.000000s ]
INFO: [ app_init ] --END-- [ RunTime:0.001000s ]
INFO: [ app_begin ] --START--
INFO: Run Behavior\ReadHtmlCacheBehavior [ RunTime:0.000000s ]
INFO: [ app_begin ] --END-- [ RunTime:0.000000s ]
SQL: SHOW COLUMNS FROM `mix` [ RunTime:0.0060s ]
SQL: SELECT * FROM `mix` WHERE `info_type` = 3 AND `status` = 1  [ RunTime:0.0000s ]
SQL: SHOW COLUMNS FROM `stu` [ RunTime:0.0040s ]
NOTIC: [8] Undefined index: stu_id D:\WWW\stu\Application\Tec\Controller\ArticleController.class.php 第 26 行.
SQL: SELECT `stu_id`,`name`,`student_id`,`gender`,`major`,`political_status`,`nation`,`country`,`birth`,`id_card`,`phone`,`health`,`address`,`home_phone`,`zipcode`,`email`,`grade` FROM `stu` WHERE `stu_id` = null  [ RunTime:0.0010s ]
NOTIC: [8] Undefined offset: 0 D:\WWW\stu\Application\Tec\Controller\ArticleController.class.php 第 29 行.
NOTIC: [8] Undefined offset: 0 D:\WWW\stu\Application\Tec\Controller\ArticleController.class.php 第 30 行.
NOTIC: [8] Undefined offset: 0 D:\WWW\stu\Application\Tec\Controller\ArticleController.class.php 第 32 行.
NOTIC: [8] Undefined index: stu_id D:\WWW\stu\Application\Tec\Controller\ArticleController.class.php 第 26 行.
SQL: SELECT `stu_id`,`name`,`student_id`,`gender`,`major`,`political_status`,`nation`,`country`,`birth`,`id_card`,`phone`,`health`,`address`,`home_phone`,`zipcode`,`email`,`grade` FROM `stu` WHERE `stu_id` = null  [ RunTime:0.0000s ]
NOTIC: [8] Undefined offset: 0 D:\WWW\stu\Application\Tec\Controller\ArticleController.class.php 第 29 行.
NOTIC: [8] Undefined offset: 0 D:\WWW\stu\Application\Tec\Controller\ArticleController.class.php 第 30 行.
NOTIC: [8] Undefined offset: 0 D:\WWW\stu\Application\Tec\Controller\ArticleController.class.php 第 32 行.
NOTIC: [8] Undefined index: stu_id D:\WWW\stu\Application\Tec\Controller\ArticleController.class.php 第 26 行.
SQL: SELECT `stu_id`,`name`,`student_id`,`gender`,`major`,`political_status`,`nation`,`country`,`birth`,`id_card`,`phone`,`health`,`address`,`home_phone`,`zipcode`,`email`,`grade` FROM `stu` WHERE `stu_id` = null  [ RunTime:0.0000s ]
NOTIC: [8] Undefined offset: 0 D:\WWW\stu\Application\Tec\Controller\ArticleController.class.php 第 29 行.
NOTIC: [8] Undefined offset: 0 D:\WWW\stu\Application\Tec\Controller\ArticleController.class.php 第 30 行.
NOTIC: [8] Undefined offset: 0 D:\WWW\stu\Application\Tec\Controller\ArticleController.class.php 第 32 行.
INFO: [ view_parse ] --START--
INFO: [ template_filter ] --START--
INFO: Run Behavior\ContentReplaceBehavior [ RunTime:0.000000s ]
INFO: [ template_filter ] --END-- [ RunTime:0.000000s ]
NOTIC: [8] Undefined variable: name D:\WWW\stu\Application\Runtime\Cache\Tec\1f5a09f01b41faf18cd35b68b84e5f3e.php 第 27 行.
NOTIC: [8] Undefined variable: num D:\WWW\stu\Application\Runtime\Cache\Tec\1f5a09f01b41faf18cd35b68b84e5f3e.php 第 78 行.
INFO: Run Behavior\ParseTemplateBehavior [ RunTime:0.023002s ]
INFO: [ view_parse ] --END-- [ RunTime:0.023002s ]
INFO: [ view_filter ] --START--
INFO: Run Behavior\WriteHtmlCacheBehavior [ RunTime:0.001000s ]
INFO: [ view_filter ] --END-- [ RunTime:0.001000s ]
INFO: [ app_end ] --START--
INFO: Run Behavior\ShowPageTraceBehavior [ RunTime:0.000000s ]
INFO: [ app_end ] --END-- [ RunTime:0.000000s ]

[ 2015-05-31T22:32:31+08:00 ] ::1 /stu/index.php/Tec/Article/wait.html
INFO: [ app_init ] --START--
INFO: Run Behavior\BuildLiteBehavior [ RunTime:0.000000s ]
INFO: [ app_init ] --END-- [ RunTime:0.001000s ]
INFO: [ app_begin ] --START--
INFO: Run Behavior\ReadHtmlCacheBehavior [ RunTime:0.001000s ]
INFO: [ app_begin ] --END-- [ RunTime:0.001000s ]
SQL: SHOW COLUMNS FROM `mix` [ RunTime:0.0050s ]
SQL: SELECT * FROM `mix` WHERE `info_type` = 3 AND `status` = 1  [ RunTime:0.0020s ]
SQL: SHOW COLUMNS FROM `stu` [ RunTime:0.0030s ]
NOTIC: [8] Undefined index: stu_id D:\WWW\stu\Application\Tec\Controller\ArticleController.class.php 第 26 行.
SQL: SELECT `stu_id`,`name`,`student_id`,`gender`,`major`,`political_status`,`nation`,`country`,`birth`,`id_card`,`phone`,`health`,`address`,`home_phone`,`zipcode`,`email`,`grade` FROM `stu` WHERE `stu_id` = null  [ RunTime:0.0000s ]
NOTIC: [8] Undefined offset: 0 D:\WWW\stu\Application\Tec\Controller\ArticleController.class.php 第 29 行.
NOTIC: [8] Undefined offset: 0 D:\WWW\stu\Application\Tec\Controller\ArticleController.class.php 第 30 行.
NOTIC: [8] Undefined offset: 0 D:\WWW\stu\Application\Tec\Controller\ArticleController.class.php 第 32 行.
NOTIC: [8] Undefined index: stu_id D:\WWW\stu\Application\Tec\Controller\ArticleController.class.php 第 26 行.
SQL: SELECT `stu_id`,`name`,`student_id`,`gender`,`major`,`political_status`,`nation`,`country`,`birth`,`id_card`,`phone`,`health`,`address`,`home_phone`,`zipcode`,`email`,`grade` FROM `stu` WHERE `stu_id` = null  [ RunTime:0.0010s ]
NOTIC: [8] Undefined offset: 0 D:\WWW\stu\Application\Tec\Controller\ArticleController.class.php 第 29 行.
NOTIC: [8] Undefined offset: 0 D:\WWW\stu\Application\Tec\Controller\ArticleController.class.php 第 30 行.
NOTIC: [8] Undefined offset: 0 D:\WWW\stu\Application\Tec\Controller\ArticleController.class.php 第 32 行.
NOTIC: [8] Undefined index: stu_id D:\WWW\stu\Application\Tec\Controller\ArticleController.class.php 第 26 行.
SQL: SELECT `stu_id`,`name`,`student_id`,`gender`,`major`,`political_status`,`nation`,`country`,`birth`,`id_card`,`phone`,`health`,`address`,`home_phone`,`zipcode`,`email`,`grade` FROM `stu` WHERE `stu_id` = null  [ RunTime:0.0000s ]
NOTIC: [8] Undefined offset: 0 D:\WWW\stu\Application\Tec\Controller\ArticleController.class.php 第 29 行.
NOTIC: [8] Undefined offset: 0 D:\WWW\stu\Application\Tec\Controller\ArticleController.class.php 第 30 行.
NOTIC: [8] Undefined offset: 0 D:\WWW\stu\Application\Tec\Controller\ArticleController.class.php 第 32 行.
INFO: [ view_parse ] --START--
INFO: [ template_filter ] --START--
INFO: Run Behavior\ContentReplaceBehavior [ RunTime:0.000000s ]
INFO: [ template_filter ] --END-- [ RunTime:0.000000s ]
NOTIC: [8] Undefined variable: name D:\WWW\stu\Application\Runtime\Cache\Tec\1f5a09f01b41faf18cd35b68b84e5f3e.php 第 27 行.
NOTIC: [8] Undefined variable: num D:\WWW\stu\Application\Runtime\Cache\Tec\1f5a09f01b41faf18cd35b68b84e5f3e.php 第 78 行.
INFO: Run Behavior\ParseTemplateBehavior [ RunTime:0.012000s ]
INFO: [ view_parse ] --END-- [ RunTime:0.012000s ]
INFO: [ view_filter ] --START--
INFO: Run Behavior\WriteHtmlCacheBehavior [ RunTime:0.000000s ]
INFO: [ view_filter ] --END-- [ RunTime:0.000000s ]
INFO: [ app_end ] --START--
INFO: Run Behavior\ShowPageTraceBehavior [ RunTime:0.001000s ]
INFO: [ app_end ] --END-- [ RunTime:0.001000s ]

[ 2015-05-31T22:33:07+08:00 ] ::1 /stu/index.php/Tec/Article/wait.html
INFO: [ app_init ] --START--
INFO: Run Behavior\BuildLiteBehavior [ RunTime:0.001000s ]
INFO: [ app_init ] --END-- [ RunTime:0.001000s ]
INFO: [ app_begin ] --START--
INFO: Run Behavior\ReadHtmlCacheBehavior [ RunTime:0.001000s ]
INFO: [ app_begin ] --END-- [ RunTime:0.001000s ]
SQL: SHOW COLUMNS FROM `mix` [ RunTime:0.0050s ]
SQL: SELECT * FROM `mix` WHERE `info_type` = 3 AND `status` = 1  [ RunTime:0.0010s ]
SQL: SHOW COLUMNS FROM `stu` [ RunTime:0.0070s ]
NOTIC: [8] Undefined index: stu_id D:\WWW\stu\Application\Tec\Controller\ArticleController.class.php 第 26 行.
SQL: SELECT `stu_id`,`name`,`student_id`,`gender`,`major`,`political_status`,`nation`,`country`,`birth`,`id_card`,`phone`,`health`,`address`,`home_phone`,`zipcode`,`email`,`grade` FROM `stu` WHERE `stu_id` = null  [ RunTime:0.0010s ]
NOTIC: [8] Undefined offset: 0 D:\WWW\stu\Application\Tec\Controller\ArticleController.class.php 第 29 行.
NOTIC: [8] Undefined offset: 0 D:\WWW\stu\Application\Tec\Controller\ArticleController.class.php 第 30 行.
NOTIC: [8] Undefined offset: 0 D:\WWW\stu\Application\Tec\Controller\ArticleController.class.php 第 32 行.
NOTIC: [8] Undefined index: stu_id D:\WWW\stu\Application\Tec\Controller\ArticleController.class.php 第 26 行.
SQL: SELECT `stu_id`,`name`,`student_id`,`gender`,`major`,`political_status`,`nation`,`country`,`birth`,`id_card`,`phone`,`health`,`address`,`home_phone`,`zipcode`,`email`,`grade` FROM `stu` WHERE `stu_id` = null  [ RunTime:0.0010s ]
NOTIC: [8] Undefined offset: 0 D:\WWW\stu\Application\Tec\Controller\ArticleController.class.php 第 29 行.
NOTIC: [8] Undefined offset: 0 D:\WWW\stu\Application\Tec\Controller\ArticleController.class.php 第 30 行.
NOTIC: [8] Undefined offset: 0 D:\WWW\stu\Application\Tec\Controller\ArticleController.class.php 第 32 行.
NOTIC: [8] Undefined index: stu_id D:\WWW\stu\Application\Tec\Controller\ArticleController.class.php 第 26 行.
SQL: SELECT `stu_id`,`name`,`student_id`,`gender`,`major`,`political_status`,`nation`,`country`,`birth`,`id_card`,`phone`,`health`,`address`,`home_phone`,`zipcode`,`email`,`grade` FROM `stu` WHERE `stu_id` = null  [ RunTime:0.0010s ]
NOTIC: [8] Undefined offset: 0 D:\WWW\stu\Application\Tec\Controller\ArticleController.class.php 第 29 行.
NOTIC: [8] Undefined offset: 0 D:\WWW\stu\Application\Tec\Controller\ArticleController.class.php 第 30 行.
NOTIC: [8] Undefined offset: 0 D:\WWW\stu\Application\Tec\Controller\ArticleController.class.php 第 32 行.
INFO: [ view_parse ] --START--
INFO: [ template_filter ] --START--
INFO: Run Behavior\ContentReplaceBehavior [ RunTime:0.000000s ]
INFO: [ template_filter ] --END-- [ RunTime:0.000000s ]
NOTIC: [8] Undefined variable: name D:\WWW\stu\Application\Runtime\Cache\Tec\1f5a09f01b41faf18cd35b68b84e5f3e.php 第 27 行.
INFO: Run Behavior\ParseTemplateBehavior [ RunTime:0.009001s ]
INFO: [ view_parse ] --END-- [ RunTime:0.009001s ]
INFO: [ view_filter ] --START--
INFO: Run Behavior\WriteHtmlCacheBehavior [ RunTime:0.000000s ]
INFO: [ view_filter ] --END-- [ RunTime:0.000000s ]
INFO: [ app_end ] --START--
INFO: Run Behavior\ShowPageTraceBehavior [ RunTime:0.001000s ]
INFO: [ app_end ] --END-- [ RunTime:0.001000s ]

[ 2015-05-31T22:33:13+08:00 ] ::1 /stu/index.php/Tec/article/detial/mix_id/1.html
INFO: [ app_init ] --START--
INFO: Run Behavior\BuildLiteBehavior [ RunTime:0.000000s ]
INFO: [ app_init ] --END-- [ RunTime:0.000000s ]
INFO: [ app_begin ] --START--
INFO: Run Behavior\ReadHtmlCacheBehavior [ RunTime:0.000000s ]
INFO: [ app_begin ] --END-- [ RunTime:0.000000s ]
ERR: 非法操作:detial

[ 2015-05-31T22:45:55+08:00 ] ::1 /stu/index.php/Tec/article/detial/mix_id/1.html
INFO: [ app_init ] --START--
INFO: Run Behavior\BuildLiteBehavior [ RunTime:0.000000s ]
INFO: [ app_init ] --END-- [ RunTime:0.000000s ]
INFO: [ app_begin ] --START--
INFO: Run Behavior\ReadHtmlCacheBehavior [ RunTime:0.001000s ]
INFO: [ app_begin ] --END-- [ RunTime:0.001000s ]

[ 2015-05-31T22:45:57+08:00 ] ::1 /stu/index.php/Tec/Article/wait.html
INFO: [ app_init ] --START--
INFO: Run Behavior\BuildLiteBehavior [ RunTime:0.000000s ]
INFO: [ app_init ] --END-- [ RunTime:0.001000s ]
INFO: [ app_begin ] --START--
INFO: Run Behavior\ReadHtmlCacheBehavior [ RunTime:0.001000s ]
INFO: [ app_begin ] --END-- [ RunTime:0.001000s ]

[ 2015-05-31T22:46:04+08:00 ] ::1 /stu/index.php/Tec/Article/wait.html
INFO: [ app_init ] --START--
INFO: Run Behavior\BuildLiteBehavior [ RunTime:0.000000s ]
INFO: [ app_init ] --END-- [ RunTime:0.000000s ]
INFO: [ app_begin ] --START--
INFO: Run Behavior\ReadHtmlCacheBehavior [ RunTime:0.000000s ]
INFO: [ app_begin ] --END-- [ RunTime:0.000000s ]
SQL: SHOW COLUMNS FROM `mix` [ RunTime:0.0080s ]
SQL: SELECT * FROM `mix` WHERE `info_type` = 3 AND `status` = 1  [ RunTime:0.0010s ]
SQL: SHOW COLUMNS FROM `stu` [ RunTime:0.0050s ]
NOTIC: [8] Undefined index: stu_id D:\WWW\stu\Application\Tec\Controller\ArticleController.class.php 第 26 行.
SQL: SELECT `stu_id`,`name`,`student_id`,`gender`,`major`,`political_status`,`nation`,`country`,`birth`,`id_card`,`phone`,`health`,`address`,`home_phone`,`zipcode`,`email`,`grade` FROM `stu` WHERE `stu_id` = null  [ RunTime:0.0010s ]
NOTIC: [8] Undefined index: stu_id D:\WWW\stu\Application\Tec\Controller\ArticleController.class.php 第 27 行.
NOTIC: [8] Undefined offset: 0 D:\WWW\stu\Application\Tec\Controller\ArticleController.class.php 第 30 行.
NOTIC: [8] Undefined offset: 0 D:\WWW\stu\Application\Tec\Controller\ArticleController.class.php 第 31 行.
NOTIC: [8] Undefined offset: 0 D:\WWW\stu\Application\Tec\Controller\ArticleController.class.php 第 33 行.
NOTIC: [8] Undefined index: stu_id D:\WWW\stu\Application\Tec\Controller\ArticleController.class.php 第 26 行.
SQL: SELECT `stu_id`,`name`,`student_id`,`gender`,`major`,`political_status`,`nation`,`country`,`birth`,`id_card`,`phone`,`health`,`address`,`home_phone`,`zipcode`,`email`,`grade` FROM `stu` WHERE `stu_id` = null  [ RunTime:0.0010s ]
NOTIC: [8] Undefined index: stu_id D:\WWW\stu\Application\Tec\Controller\ArticleController.class.php 第 27 行.
NOTIC: [8] Undefined offset: 0 D:\WWW\stu\Application\Tec\Controller\ArticleController.class.php 第 30 行.
NOTIC: [8] Undefined offset: 0 D:\WWW\stu\Application\Tec\Controller\ArticleController.class.php 第 31 行.
NOTIC: [8] Undefined offset: 0 D:\WWW\stu\Application\Tec\Controller\ArticleController.class.php 第 33 行.
NOTIC: [8] Undefined index: stu_id D:\WWW\stu\Application\Tec\Controller\ArticleController.class.php 第 26 行.
SQL: SELECT `stu_id`,`name`,`student_id`,`gender`,`major`,`political_status`,`nation`,`country`,`birth`,`id_card`,`phone`,`health`,`address`,`home_phone`,`zipcode`,`email`,`grade` FROM `stu` WHERE `stu_id` = null  [ RunTime:0.0010s ]
NOTIC: [8] Undefined index: stu_id D:\WWW\stu\Application\Tec\Controller\ArticleController.class.php 第 27 行.
NOTIC: [8] Undefined offset: 0 D:\WWW\stu\Application\Tec\Controller\ArticleController.class.php 第 30 行.
NOTIC: [8] Undefined offset: 0 D:\WWW\stu\Application\Tec\Controller\ArticleController.class.php 第 31 行.
NOTIC: [8] Undefined offset: 0 D:\WWW\stu\Application\Tec\Controller\ArticleController.class.php 第 33 行.
INFO: [ view_parse ] --START--
INFO: [ template_filter ] --START--
INFO: Run Behavior\ContentReplaceBehavior [ RunTime:0.000000s ]
INFO: [ template_filter ] --END-- [ RunTime:0.000000s ]
NOTIC: [8] Undefined variable: name D:\WWW\stu\Application\Runtime\Cache\Tec\1f5a09f01b41faf18cd35b68b84e5f3e.php 第 27 行.
INFO: Run Behavior\ParseTemplateBehavior [ RunTime:0.022001s ]
INFO: [ view_parse ] --END-- [ RunTime:0.022001s ]
INFO: [ view_filter ] --START--
INFO: Run Behavior\WriteHtmlCacheBehavior [ RunTime:0.001000s ]
INFO: [ view_filter ] --END-- [ RunTime:0.001000s ]
INFO: [ app_end ] --START--
INFO: Run Behavior\ShowPageTraceBehavior [ RunTime:0.002001s ]
INFO: [ app_end ] --END-- [ RunTime:0.002001s ]

[ 2015-05-31T22:46:13+08:00 ] ::1 /stu/index.php/Tec/Article/set.html
INFO: [ app_init ] --START--
INFO: Run Behavior\BuildLiteBehavior [ RunTime:0.000000s ]
INFO: [ app_init ] --END-- [ RunTime:0.000000s ]
INFO: [ app_begin ] --START--
INFO: Run Behavior\ReadHtmlCacheBehavior [ RunTime:0.000000s ]
INFO: [ app_begin ] --END-- [ RunTime:0.000000s ]
INFO: [ view_parse ] --START--
INFO: [ template_filter ] --START--
INFO: Run Behavior\ContentReplaceBehavior [ RunTime:0.000000s ]
INFO: [ template_filter ] --END-- [ RunTime:0.000000s ]
NOTIC: [8] Undefined variable: name D:\WWW\stu\Application\Runtime\Cache\Tec\f181a5cb81ed64917746b4f6ba3f07b4.php 第 27 行.
NOTIC: [8] Undefined variable: num D:\WWW\stu\Application\Runtime\Cache\Tec\f181a5cb81ed64917746b4f6ba3f07b4.php 第 78 行.
INFO: Run Behavior\ParseTemplateBehavior [ RunTime:0.022001s ]
INFO: [ view_parse ] --END-- [ RunTime:0.022001s ]
INFO: [ view_filter ] --START--
INFO: Run Behavior\WriteHtmlCacheBehavior [ RunTime:0.000000s ]
INFO: [ view_filter ] --END-- [ RunTime:0.000000s ]
INFO: [ app_end ] --START--
INFO: Run Behavior\ShowPageTraceBehavior [ RunTime:0.001000s ]
INFO: [ app_end ] --END-- [ RunTime:0.001000s ]

[ 2015-05-31T22:46:15+08:00 ] ::1 /stu/index.php/Tec/Article/wait.html
INFO: [ app_init ] --START--
INFO: Run Behavior\BuildLiteBehavior [ RunTime:0.000000s ]
INFO: [ app_init ] --END-- [ RunTime:0.001000s ]
INFO: [ app_begin ] --START--
INFO: Run Behavior\ReadHtmlCacheBehavior [ RunTime:0.000000s ]
INFO: [ app_begin ] --END-- [ RunTime:0.000000s ]
SQL: SHOW COLUMNS FROM `mix` [ RunTime:0.0050s ]
SQL: SELECT * FROM `mix` WHERE `info_type` = 3 AND `status` = 1  [ RunTime:0.0010s ]
SQL: SHOW COLUMNS FROM `stu` [ RunTime:0.0040s ]
NOTIC: [8] Undefined index: stu_id D:\WWW\stu\Application\Tec\Controller\ArticleController.class.php 第 26 行.
SQL: SELECT `stu_id`,`name`,`student_id`,`gender`,`major`,`political_status`,`nation`,`country`,`birth`,`id_card`,`phone`,`health`,`address`,`home_phone`,`zipcode`,`email`,`grade` FROM `stu` WHERE `stu_id` = null  [ RunTime:0.0010s ]
NOTIC: [8] Undefined index: stu_id D:\WWW\stu\Application\Tec\Controller\ArticleController.class.php 第 27 行.
NOTIC: [8] Undefined offset: 0 D:\WWW\stu\Application\Tec\Controller\ArticleController.class.php 第 30 行.
NOTIC: [8] Undefined offset: 0 D:\WWW\stu\Application\Tec\Controller\ArticleController.class.php 第 31 行.
NOTIC: [8] Undefined offset: 0 D:\WWW\stu\Application\Tec\Controller\ArticleController.class.php 第 33 行.
NOTIC: [8] Undefined index: stu_id D:\WWW\stu\Application\Tec\Controller\ArticleController.class.php 第 26 行.
SQL: SELECT `stu_id`,`name`,`student_id`,`gender`,`major`,`political_status`,`nation`,`country`,`birth`,`id_card`,`phone`,`health`,`address`,`home_phone`,`zipcode`,`email`,`grade` FROM `stu` WHERE `stu_id` = null  [ RunTime:0.0000s ]
NOTIC: [8] Undefined index: stu_id D:\WWW\stu\Application\Tec\Controller\ArticleController.class.php 第 27 行.
NOTIC: [8] Undefined offset: 0 D:\WWW\stu\Application\Tec\Controller\ArticleController.class.php 第 30 行.
NOTIC: [8] Undefined offset: 0 D:\WWW\stu\Application\Tec\Controller\ArticleController.class.php 第 31 行.
NOTIC: [8] Undefined offset: 0 D:\WWW\stu\Application\Tec\Controller\ArticleController.class.php 第 33 行.
NOTIC: [8] Undefined index: stu_id D:\WWW\stu\Application\Tec\Controller\ArticleController.class.php 第 26 行.
SQL: SELECT `stu_id`,`name`,`student_id`,`gender`,`major`,`political_status`,`nation`,`country`,`birth`,`id_card`,`phone`,`health`,`address`,`home_phone`,`zipcode`,`email`,`grade` FROM `stu` WHERE `stu_id` = null  [ RunTime:0.0000s ]
NOTIC: [8] Undefined index: stu_id D:\WWW\stu\Application\Tec\Controller\ArticleController.class.php 第 27 行.
NOTIC: [8] Undefined offset: 0 D:\WWW\stu\Application\Tec\Controller\ArticleController.class.php 第 30 行.
NOTIC: [8] Undefined offset: 0 D:\WWW\stu\Application\Tec\Controller\ArticleController.class.php 第 31 行.
NOTIC: [8] Undefined offset: 0 D:\WWW\stu\Application\Tec\Controller\ArticleController.class.php 第 33 行.
INFO: [ view_parse ] --START--
INFO: [ template_filter ] --START--
INFO: Run Behavior\ContentReplaceBehavior [ RunTime:0.000000s ]
INFO: [ template_filter ] --END-- [ RunTime:0.000000s ]
NOTIC: [8] Undefined variable: name D:\WWW\stu\Application\Runtime\Cache\Tec\1f5a09f01b41faf18cd35b68b84e5f3e.php 第 27 行.
INFO: Run Behavior\ParseTemplateBehavior [ RunTime:0.014001s ]
INFO: [ view_parse ] --END-- [ RunTime:0.014001s ]
INFO: [ view_filter ] --START--
INFO: Run Behavior\WriteHtmlCacheBehavior [ RunTime:0.001000s ]
INFO: [ view_filter ] --END-- [ RunTime:0.001000s ]
INFO: [ app_end ] --START--
INFO: Run Behavior\ShowPageTraceBehavior [ RunTime:0.000000s ]
INFO: [ app_end ] --END-- [ RunTime:0.000000s ]

[ 2015-05-31T22:46:31+08:00 ] ::1 /stu/index.php/Tec/Article/wait.html
INFO: [ app_init ] --START--
INFO: Run Behavior\BuildLiteBehavior [ RunTime:0.000000s ]
INFO: [ app_init ] --END-- [ RunTime:0.000000s ]
INFO: [ app_begin ] --START--
INFO: Run Behavior\ReadHtmlCacheBehavior [ RunTime:0.000000s ]
INFO: [ app_begin ] --END-- [ RunTime:0.000000s ]
SQL: SHOW COLUMNS FROM `mix` [ RunTime:0.0070s ]
SQL: SELECT * FROM `mix` WHERE `info_type` = 3 AND `status` = 1  [ RunTime:0.0010s ]
SQL: SHOW COLUMNS FROM `stu` [ RunTime:0.0040s ]
NOTIC: [8] Undefined index: stu_id D:\WWW\stu\Application\Tec\Controller\ArticleController.class.php 第 26 行.
SQL: SELECT `stu_id`,`name`,`student_id`,`gender`,`major`,`political_status`,`nation`,`country`,`birth`,`id_card`,`phone`,`health`,`address`,`home_phone`,`zipcode`,`email`,`grade` FROM `stu` WHERE `stu_id` = null  [ RunTime:0.0010s ]
NOTIC: [8] Undefined offset: 0 D:\WWW\stu\Application\Tec\Controller\ArticleController.class.php 第 30 行.
NOTIC: [8] Undefined offset: 0 D:\WWW\stu\Application\Tec\Controller\ArticleController.class.php 第 31 行.
NOTIC: [8] Undefined offset: 0 D:\WWW\stu\Application\Tec\Controller\ArticleController.class.php 第 33 行.
NOTIC: [8] Undefined index: stu_id D:\WWW\stu\Application\Tec\Controller\ArticleController.class.php 第 26 行.
SQL: SELECT `stu_id`,`name`,`student_id`,`gender`,`major`,`political_status`,`nation`,`country`,`birth`,`id_card`,`phone`,`health`,`address`,`home_phone`,`zipcode`,`email`,`grade` FROM `stu` WHERE `stu_id` = null  [ RunTime:0.0010s ]
NOTIC: [8] Undefined offset: 0 D:\WWW\stu\Application\Tec\Controller\ArticleController.class.php 第 30 行.
NOTIC: [8] Undefined offset: 0 D:\WWW\stu\Application\Tec\Controller\ArticleController.class.php 第 31 行.
NOTIC: [8] Undefined offset: 0 D:\WWW\stu\Application\Tec\Controller\ArticleController.class.php 第 33 行.
NOTIC: [8] Undefined index: stu_id D:\WWW\stu\Application\Tec\Controller\ArticleController.class.php 第 26 行.
SQL: SELECT `stu_id`,`name`,`student_id`,`gender`,`major`,`political_status`,`nation`,`country`,`birth`,`id_card`,`phone`,`health`,`address`,`home_phone`,`zipcode`,`email`,`grade` FROM `stu` WHERE `stu_id` = null  [ RunTime:0.0000s ]
NOTIC: [8] Undefined offset: 0 D:\WWW\stu\Application\Tec\Controller\ArticleController.class.php 第 30 行.
NOTIC: [8] Undefined offset: 0 D:\WWW\stu\Application\Tec\Controller\ArticleController.class.php 第 31 行.
NOTIC: [8] Undefined offset: 0 D:\WWW\stu\Application\Tec\Controller\ArticleController.class.php 第 33 行.
INFO: [ view_parse ] --START--
INFO: [ template_filter ] --START--
INFO: Run Behavior\ContentReplaceBehavior [ RunTime:0.000000s ]
INFO: [ template_filter ] --END-- [ RunTime:0.000000s ]
NOTIC: [8] Undefined variable: name D:\WWW\stu\Application\Runtime\Cache\Tec\1f5a09f01b41faf18cd35b68b84e5f3e.php 第 27 行.
INFO: Run Behavior\ParseTemplateBehavior [ RunTime:0.009001s ]
INFO: [ view_parse ] --END-- [ RunTime:0.009001s ]
INFO: [ view_filter ] --START--
INFO: Run Behavior\WriteHtmlCacheBehavior [ RunTime:0.000000s ]
INFO: [ view_filter ] --END-- [ RunTime:0.000000s ]
INFO: [ app_end ] --START--
INFO: Run Behavior\ShowPageTraceBehavior [ RunTime:0.000000s ]
INFO: [ app_end ] --END-- [ RunTime:0.001000s ]

[ 2015-05-31T22:46:52+08:00 ] ::1 /stu/index.php/Tec/Article/wait.html
INFO: [ app_init ] --START--
INFO: Run Behavior\BuildLiteBehavior [ RunTime:0.000000s ]
INFO: [ app_init ] --END-- [ RunTime:0.000000s ]
INFO: [ app_begin ] --START--
INFO: Run Behavior\ReadHtmlCacheBehavior [ RunTime:0.000000s ]
INFO: [ app_begin ] --END-- [ RunTime:0.000000s ]
SQL: SHOW COLUMNS FROM `mix` [ RunTime:0.0080s ]
SQL: SELECT * FROM `mix` WHERE `info_type` = 3 AND `status` = 1  [ RunTime:0.0010s ]
SQL: SHOW COLUMNS FROM `stu` [ RunTime:0.0090s ]
NOTIC: [8] Undefined index: stu_id D:\WWW\stu\Application\Tec\Controller\ArticleController.class.php 第 26 行.
SQL: SELECT `stu_id`,`name`,`student_id`,`gender`,`major`,`political_status`,`nation`,`country`,`birth`,`id_card`,`phone`,`health`,`address`,`home_phone`,`zipcode`,`email`,`grade` FROM `stu` WHERE `stu_id` = null  [ RunTime:0.0010s ]
NOTIC: [8] Undefined offset: 0 D:\WWW\stu\Application\Tec\Controller\ArticleController.class.php 第 30 行.
NOTIC: [8] Undefined offset: 0 D:\WWW\stu\Application\Tec\Controller\ArticleController.class.php 第 31 行.
NOTIC: [8] Undefined offset: 0 D:\WWW\stu\Application\Tec\Controller\ArticleController.class.php 第 33 行.
NOTIC: [8] Undefined index: stu_id D:\WWW\stu\Application\Tec\Controller\ArticleController.class.php 第 26 行.
SQL: SELECT `stu_id`,`name`,`student_id`,`gender`,`major`,`political_status`,`nation`,`country`,`birth`,`id_card`,`phone`,`health`,`address`,`home_phone`,`zipcode`,`email`,`grade` FROM `stu` WHERE `stu_id` = null  [ RunTime:0.0010s ]
NOTIC: [8] Undefined offset: 0 D:\WWW\stu\Application\Tec\Controller\ArticleController.class.php 第 30 行.
NOTIC: [8] Undefined offset: 0 D:\WWW\stu\Application\Tec\Controller\ArticleController.class.php 第 31 行.
NOTIC: [8] Undefined offset: 0 D:\WWW\stu\Application\Tec\Controller\ArticleController.class.php 第 33 行.
NOTIC: [8] Undefined index: stu_id D:\WWW\stu\Application\Tec\Controller\ArticleController.class.php 第 26 行.
SQL: SELECT `stu_id`,`name`,`student_id`,`gender`,`major`,`political_status`,`nation`,`country`,`birth`,`id_card`,`phone`,`health`,`address`,`home_phone`,`zipcode`,`email`,`grade` FROM `stu` WHERE `stu_id` = null  [ RunTime:0.0010s ]
NOTIC: [8] Undefined offset: 0 D:\WWW\stu\Application\Tec\Controller\ArticleController.class.php 第 30 行.
NOTIC: [8] Undefined offset: 0 D:\WWW\stu\Application\Tec\Controller\ArticleController.class.php 第 31 行.
NOTIC: [8] Undefined offset: 0 D:\WWW\stu\Application\Tec\Controller\ArticleController.class.php 第 33 行.
INFO: [ view_parse ] --START--
INFO: [ template_filter ] --START--
INFO: Run Behavior\ContentReplaceBehavior [ RunTime:0.000000s ]
INFO: [ template_filter ] --END-- [ RunTime:0.000000s ]
NOTIC: [8] Undefined variable: name D:\WWW\stu\Application\Runtime\Cache\Tec\1f5a09f01b41faf18cd35b68b84e5f3e.php 第 27 行.
INFO: Run Behavior\ParseTemplateBehavior [ RunTime:0.014001s ]
INFO: [ view_parse ] --END-- [ RunTime:0.014001s ]
INFO: [ view_filter ] --START--
INFO: Run Behavior\WriteHtmlCacheBehavior [ RunTime:0.000000s ]
INFO: [ view_filter ] --END-- [ RunTime:0.000000s ]
INFO: [ app_end ] --START--
INFO: Run Behavior\ShowPageTraceBehavior [ RunTime:0.001000s ]
INFO: [ app_end ] --END-- [ RunTime:0.001000s ]

[ 2015-05-31T22:47:02+08:00 ] ::1 /stu/index.php/Tec/Article/wait.html
INFO: [ app_init ] --START--
INFO: Run Behavior\BuildLiteBehavior [ RunTime:0.000000s ]
INFO: [ app_init ] --END-- [ RunTime:0.000000s ]
INFO: [ app_begin ] --START--
INFO: Run Behavior\ReadHtmlCacheBehavior [ RunTime:0.000000s ]
INFO: [ app_begin ] --END-- [ RunTime:0.000000s ]
SQL: SHOW COLUMNS FROM `mix` [ RunTime:0.0040s ]
SQL: SELECT * FROM `mix` WHERE `info_type` = 3 AND `status` = 1  [ RunTime:0.0000s ]
SQL: SHOW COLUMNS FROM `stu` [ RunTime:0.0040s ]
SQL: SELECT `stu_id`,`name`,`student_id`,`gender`,`major`,`political_status`,`nation`,`country`,`birth`,`id_card`,`phone`,`health`,`address`,`home_phone`,`zipcode`,`email`,`grade` FROM `stu` WHERE `stu_id` = 1  [ RunTime:0.0020s ]
SQL: SELECT `stu_id`,`name`,`student_id`,`gender`,`major`,`political_status`,`nation`,`country`,`birth`,`id_card`,`phone`,`health`,`address`,`home_phone`,`zipcode`,`email`,`grade` FROM `stu` WHERE `stu_id` = 1  [ RunTime:0.0010s ]
SQL: SELECT `stu_id`,`name`,`student_id`,`gender`,`major`,`political_status`,`nation`,`country`,`birth`,`id_card`,`phone`,`health`,`address`,`home_phone`,`zipcode`,`email`,`grade` FROM `stu` WHERE `stu_id` = 1  [ RunTime:0.0010s ]
INFO: [ view_parse ] --START--
INFO: [ template_filter ] --START--
INFO: Run Behavior\ContentReplaceBehavior [ RunTime:0.000000s ]
INFO: [ template_filter ] --END-- [ RunTime:0.000000s ]
NOTIC: [8] Undefined variable: name D:\WWW\stu\Application\Runtime\Cache\Tec\1f5a09f01b41faf18cd35b68b84e5f3e.php 第 27 行.
INFO: Run Behavior\ParseTemplateBehavior [ RunTime:0.016001s ]
INFO: [ view_parse ] --END-- [ RunTime:0.016001s ]
INFO: [ view_filter ] --START--
INFO: Run Behavior\WriteHtmlCacheBehavior [ RunTime:0.001000s ]
INFO: [ view_filter ] --END-- [ RunTime:0.001000s ]
INFO: [ app_end ] --START--
INFO: Run Behavior\ShowPageTraceBehavior [ RunTime:0.000000s ]
INFO: [ app_end ] --END-- [ RunTime:0.000000s ]

