[ 2015-05-27T09:17:18+08:00 ] ::1 /stu/index.php
INFO: [ app_init ] --START--
INFO: Run Behavior\BuildLiteBehavior [ RunTime:0.000000s ]
INFO: [ app_init ] --END-- [ RunTime:0.000000s ]
INFO: [ app_begin ] --START--
INFO: Run Behavior\ReadHtmlCacheBehavior [ RunTime:0.000000s ]
INFO: [ app_begin ] --END-- [ RunTime:0.000000s ]
INFO: [ app_end ] --START--
INFO: Run Behavior\ShowPageTraceBehavior [ RunTime:0.000000s ]
INFO: [ app_end ] --END-- [ RunTime:0.000000s ]

[ 2015-05-27T09:20:27+08:00 ] ::1 /stu/index.php/tec
INFO: [ app_init ] --START--
INFO: Run Behavior\BuildLiteBehavior [ RunTime:0.000000s ]
INFO: [ app_init ] --END-- [ RunTime:0.000000s ]
INFO: [ app_begin ] --START--
INFO: Run Behavior\ReadHtmlCacheBehavior [ RunTime:0.000000s ]
INFO: [ app_begin ] --END-- [ RunTime:0.000000s ]
INFO: [ app_end ] --START--
INFO: Run Behavior\ShowPageTraceBehavior [ RunTime:0.000000s ]
INFO: [ app_end ] --END-- [ RunTime:0.000000s ]

[ 2015-05-27T09:27:12+08:00 ] ::1 /stu/index.php/tec/article/setin
INFO: [ app_init ] --START--
INFO: Run Behavior\BuildLiteBehavior [ RunTime:0.000000s ]
INFO: [ app_init ] --END-- [ RunTime:0.000000s ]
INFO: [ app_begin ] --START--
INFO: Run Behavior\ReadHtmlCacheBehavior [ RunTime:0.000000s ]
INFO: [ app_begin ] --END-- [ RunTime:0.001000s ]
INFO: [ view_parse ] --START--
INFO: [ template_filter ] --START--
INFO: Run Behavior\ContentReplaceBehavior [ RunTime:0.000000s ]
INFO: [ template_filter ] --END-- [ RunTime:0.000000s ]
NOTIC: [8] Undefined variable: name D:\WWW\stu\Application\Runtime\Cache\Tec\67f931f561bd6d01045ccfb387484752.php 第 27 行.
INFO: Run Behavior\ParseTemplateBehavior [ RunTime:0.150008s ]
INFO: [ view_parse ] --END-- [ RunTime:0.150008s ]
INFO: [ view_filter ] --START--
INFO: Run Behavior\WriteHtmlCacheBehavior [ RunTime:0.000000s ]
INFO: [ view_filter ] --END-- [ RunTime:0.000000s ]
INFO: [ app_end ] --START--
INFO: Run Behavior\ShowPageTraceBehavior [ RunTime:0.000000s ]
INFO: [ app_end ] --END-- [ RunTime:0.001000s ]

[ 2015-05-27T09:27:40+08:00 ] ::1 /stu/index.php/Tec/article/upload.html
INFO: [ app_init ] --START--
INFO: Run Behavior\BuildLiteBehavior [ RunTime:0.000000s ]
INFO: [ app_init ] --END-- [ RunTime:0.001000s ]
INFO: [ app_begin ] --START--
INFO: Run Behavior\ReadHtmlCacheBehavior [ RunTime:0.001000s ]
INFO: [ app_begin ] --END-- [ RunTime:0.001000s ]

[ 2015-05-27T09:28:06+08:00 ] ::1 /stu/index.php/tec/article/setin
INFO: [ app_init ] --START--
INFO: Run Behavior\BuildLiteBehavior [ RunTime:0.000000s ]
INFO: [ app_init ] --END-- [ RunTime:0.001000s ]
INFO: [ app_begin ] --START--
INFO: Run Behavior\ReadHtmlCacheBehavior [ RunTime:0.001000s ]
INFO: [ app_begin ] --END-- [ RunTime:0.001000s ]
INFO: [ view_parse ] --START--
INFO: [ template_filter ] --START--
INFO: Run Behavior\ContentReplaceBehavior [ RunTime:0.001000s ]
INFO: [ template_filter ] --END-- [ RunTime:0.001000s ]
NOTIC: [8] Undefined variable: name D:\WWW\stu\Application\Runtime\Cache\Tec\67f931f561bd6d01045ccfb387484752.php 第 27 行.
INFO: Run Behavior\ParseTemplateBehavior [ RunTime:0.007000s ]
INFO: [ view_parse ] --END-- [ RunTime:0.007000s ]
INFO: [ view_filter ] --START--
INFO: Run Behavior\WriteHtmlCacheBehavior [ RunTime:0.000000s ]
INFO: [ view_filter ] --END-- [ RunTime:0.000000s ]
INFO: [ app_end ] --START--
INFO: Run Behavior\ShowPageTraceBehavior [ RunTime:0.001000s ]
INFO: [ app_end ] --END-- [ RunTime:0.001000s ]

[ 2015-05-27T09:28:08+08:00 ] ::1 /stu/index.php/Tec/article/upload.html
INFO: [ app_init ] --START--
INFO: Run Behavior\BuildLiteBehavior [ RunTime:0.000000s ]
INFO: [ app_init ] --END-- [ RunTime:0.001000s ]
INFO: [ app_begin ] --START--
INFO: Run Behavior\ReadHtmlCacheBehavior [ RunTime:0.000000s ]
INFO: [ app_begin ] --END-- [ RunTime:0.000000s ]

[ 2015-05-27T09:28:13+08:00 ] ::1 /stu/index.php/Tec/article/upload.html
INFO: [ app_init ] --START--
INFO: Run Behavior\BuildLiteBehavior [ RunTime:0.000000s ]
INFO: [ app_init ] --END-- [ RunTime:0.000000s ]
INFO: [ app_begin ] --START--
INFO: Run Behavior\ReadHtmlCacheBehavior [ RunTime:0.000000s ]
INFO: [ app_begin ] --END-- [ RunTime:0.000000s ]

[ 2015-05-27T09:32:19+08:00 ] ::1 /stu/index.php?s=/tec/login/index.html
INFO: [ app_init ] --START--
INFO: Run Behavior\BuildLiteBehavior [ RunTime:0.000000s ]
INFO: [ app_init ] --END-- [ RunTime:0.000000s ]
INFO: [ app_begin ] --START--
INFO: Run Behavior\ReadHtmlCacheBehavior [ RunTime:0.000000s ]
INFO: [ app_begin ] --END-- [ RunTime:0.000000s ]
INFO: [ view_parse ] --START--
INFO: [ template_filter ] --START--
INFO: Run Behavior\ContentReplaceBehavior [ RunTime:0.000000s ]
INFO: [ template_filter ] --END-- [ RunTime:0.000000s ]
INFO: Run Behavior\ParseTemplateBehavior [ RunTime:0.005000s ]
INFO: [ view_parse ] --END-- [ RunTime:0.005000s ]
INFO: [ view_filter ] --START--
INFO: Run Behavior\WriteHtmlCacheBehavior [ RunTime:0.000000s ]
INFO: [ view_filter ] --END-- [ RunTime:0.000000s ]
INFO: [ app_end ] --START--
INFO: Run Behavior\ShowPageTraceBehavior [ RunTime:0.001000s ]
INFO: [ app_end ] --END-- [ RunTime:0.001000s ]

[ 2015-05-27T09:32:22+08:00 ] ::1 /stu/index.php?s=/tec/sys/index.html
INFO: [ app_init ] --START--
INFO: Run Behavior\BuildLiteBehavior [ RunTime:0.000000s ]
INFO: [ app_init ] --END-- [ RunTime:0.000000s ]
INFO: [ app_begin ] --START--
INFO: Run Behavior\ReadHtmlCacheBehavior [ RunTime:0.001000s ]
INFO: [ app_begin ] --END-- [ RunTime:0.001000s ]
INFO: [ view_parse ] --START--
INFO: [ template_filter ] --START--
INFO: Run Behavior\ContentReplaceBehavior [ RunTime:0.000000s ]
INFO: [ template_filter ] --END-- [ RunTime:0.000000s ]
INFO: Run Behavior\ParseTemplateBehavior [ RunTime:0.080004s ]
INFO: [ view_parse ] --END-- [ RunTime:0.080004s ]
INFO: [ view_filter ] --START--
INFO: Run Behavior\WriteHtmlCacheBehavior [ RunTime:0.001000s ]
INFO: [ view_filter ] --END-- [ RunTime:0.001000s ]
INFO: [ app_end ] --START--
INFO: Run Behavior\ShowPageTraceBehavior [ RunTime:0.000000s ]
INFO: [ app_end ] --END-- [ RunTime:0.000000s ]

[ 2015-05-27T09:32:41+08:00 ] ::1 /stu/index.php/Tec/Article/wait.html
INFO: [ app_init ] --START--
INFO: Run Behavior\BuildLiteBehavior [ RunTime:0.000000s ]
INFO: [ app_init ] --END-- [ RunTime:0.000000s ]
INFO: [ app_begin ] --START--
INFO: Run Behavior\ReadHtmlCacheBehavior [ RunTime:0.001000s ]
INFO: [ app_begin ] --END-- [ RunTime:0.001000s ]
INFO: [ view_parse ] --START--
INFO: [ template_filter ] --START--
INFO: Run Behavior\ContentReplaceBehavior [ RunTime:0.000000s ]
INFO: [ template_filter ] --END-- [ RunTime:0.000000s ]
NOTIC: [8] Undefined variable: name D:\WWW\stu\Application\Runtime\Cache\Tec\1f5a09f01b41faf18cd35b68b84e5f3e.php 第 27 行.
NOTIC: [8] Undefined variable: num D:\WWW\stu\Application\Runtime\Cache\Tec\1f5a09f01b41faf18cd35b68b84e5f3e.php 第 78 行.
INFO: Run Behavior\ParseTemplateBehavior [ RunTime:0.021001s ]
INFO: [ view_parse ] --END-- [ RunTime:0.021001s ]
INFO: [ view_filter ] --START--
INFO: Run Behavior\WriteHtmlCacheBehavior [ RunTime:0.000000s ]
INFO: [ view_filter ] --END-- [ RunTime:0.000000s ]
INFO: [ app_end ] --START--
INFO: Run Behavior\ShowPageTraceBehavior [ RunTime:0.001000s ]
INFO: [ app_end ] --END-- [ RunTime:0.001000s ]

[ 2015-05-27T09:32:44+08:00 ] ::1 /stu/index.php/Tec/Article/setin.html
INFO: [ app_init ] --START--
INFO: Run Behavior\BuildLiteBehavior [ RunTime:0.000000s ]
INFO: [ app_init ] --END-- [ RunTime:0.001000s ]
INFO: [ app_begin ] --START--
INFO: Run Behavior\ReadHtmlCacheBehavior [ RunTime:0.001000s ]
INFO: [ app_begin ] --END-- [ RunTime:0.001000s ]
INFO: [ view_parse ] --START--
INFO: [ template_filter ] --START--
INFO: Run Behavior\ContentReplaceBehavior [ RunTime:0.000000s ]
INFO: [ template_filter ] --END-- [ RunTime:0.001000s ]
NOTIC: [8] Undefined variable: name D:\WWW\stu\Application\Runtime\Cache\Tec\67f931f561bd6d01045ccfb387484752.php 第 27 行.
INFO: Run Behavior\ParseTemplateBehavior [ RunTime:0.007000s ]
INFO: [ view_parse ] --END-- [ RunTime:0.007000s ]
INFO: [ view_filter ] --START--
INFO: Run Behavior\WriteHtmlCacheBehavior [ RunTime:0.000000s ]
INFO: [ view_filter ] --END-- [ RunTime:0.000000s ]
INFO: [ app_end ] --START--
INFO: Run Behavior\ShowPageTraceBehavior [ RunTime:0.001000s ]
INFO: [ app_end ] --END-- [ RunTime:0.001000s ]

[ 2015-05-27T09:32:51+08:00 ] ::1 /stu/index.php/Tec/article/upload.html
INFO: [ app_init ] --START--
INFO: Run Behavior\BuildLiteBehavior [ RunTime:0.000000s ]
INFO: [ app_init ] --END-- [ RunTime:0.000000s ]
INFO: [ app_begin ] --START--
INFO: Run Behavior\ReadHtmlCacheBehavior [ RunTime:0.000000s ]
INFO: [ app_begin ] --END-- [ RunTime:0.000000s ]
NOTIC: [2] call_user_func() expects parameter 1 to be a valid callback, no array or string given D:\WWW\stu\ThinkPHP\Library\Think\Upload.class.php 第 170 行.
NOTIC: [8] Undefined index: ext D:\WWW\stu\Application\Tec\Controller\ArticleController.class.php 第 53 行.
INFO: [ app_end ] --START--
INFO: Run Behavior\ShowPageTraceBehavior [ RunTime:0.001001s ]
INFO: [ app_end ] --END-- [ RunTime:0.001001s ]

[ 2015-05-27T10:41:24+08:00 ] ::1 /stu/index.php/tec
INFO: [ app_init ] --START--
INFO: Run Behavior\BuildLiteBehavior [ RunTime:0.000000s ]
INFO: [ app_init ] --END-- [ RunTime:0.000000s ]
INFO: [ app_begin ] --START--
INFO: Run Behavior\ReadHtmlCacheBehavior [ RunTime:0.000000s ]
INFO: [ app_begin ] --END-- [ RunTime:0.000000s ]
INFO: [ app_end ] --START--
INFO: Run Behavior\ShowPageTraceBehavior [ RunTime:0.001000s ]
INFO: [ app_end ] --END-- [ RunTime:0.001000s ]

[ 2015-05-27T10:41:28+08:00 ] ::1 /stu/index.php/tec/article/setin
INFO: [ app_init ] --START--
INFO: Run Behavior\BuildLiteBehavior [ RunTime:0.000000s ]
INFO: [ app_init ] --END-- [ RunTime:0.001000s ]
INFO: [ app_begin ] --START--
INFO: Run Behavior\ReadHtmlCacheBehavior [ RunTime:0.000000s ]
INFO: [ app_begin ] --END-- [ RunTime:0.000000s ]
INFO: [ view_parse ] --START--
INFO: [ template_filter ] --START--
INFO: Run Behavior\ContentReplaceBehavior [ RunTime:0.000000s ]
INFO: [ template_filter ] --END-- [ RunTime:0.000000s ]
NOTIC: [8] Undefined variable: name D:\WWW\stu\Application\Runtime\Cache\Tec\67f931f561bd6d01045ccfb387484752.php 第 27 行.
INFO: Run Behavior\ParseTemplateBehavior [ RunTime:0.070004s ]
INFO: [ view_parse ] --END-- [ RunTime:0.070004s ]
INFO: [ view_filter ] --START--
INFO: Run Behavior\WriteHtmlCacheBehavior [ RunTime:0.000000s ]
INFO: [ view_filter ] --END-- [ RunTime:0.000000s ]
INFO: [ app_end ] --START--
INFO: Run Behavior\ShowPageTraceBehavior [ RunTime:0.000000s ]
INFO: [ app_end ] --END-- [ RunTime:0.000000s ]

[ 2015-05-27T20:52:40+08:00 ] ::1 /stu/index.php/tec/article/setin
INFO: [ app_init ] --START--
INFO: Run Behavior\BuildLiteBehavior [ RunTime:0.001000s ]
INFO: [ app_init ] --END-- [ RunTime:0.001000s ]
INFO: [ app_begin ] --START--
INFO: Run Behavior\ReadHtmlCacheBehavior [ RunTime:0.001000s ]
INFO: [ app_begin ] --END-- [ RunTime:0.001000s ]
INFO: [ view_parse ] --START--
INFO: [ template_filter ] --START--
INFO: Run Behavior\ContentReplaceBehavior [ RunTime:0.000000s ]
INFO: [ template_filter ] --END-- [ RunTime:0.000000s ]
NOTIC: [8] Undefined variable: name D:\WWW\stu\Application\Runtime\Cache\Tec\67f931f561bd6d01045ccfb387484752.php 第 27 行.
INFO: Run Behavior\ParseTemplateBehavior [ RunTime:0.204012s ]
INFO: [ view_parse ] --END-- [ RunTime:0.204012s ]
INFO: [ view_filter ] --START--
INFO: Run Behavior\WriteHtmlCacheBehavior [ RunTime:0.037002s ]
INFO: [ view_filter ] --END-- [ RunTime:0.037002s ]
INFO: [ app_end ] --START--
INFO: Run Behavior\ShowPageTraceBehavior [ RunTime:0.001000s ]
INFO: [ app_end ] --END-- [ RunTime:0.001000s ]

[ 2015-05-27T20:52:42+08:00 ] ::1 /stu/index.php/Tec/Article/wait.html
INFO: [ app_init ] --START--
INFO: Run Behavior\BuildLiteBehavior [ RunTime:0.000000s ]
INFO: [ app_init ] --END-- [ RunTime:0.000000s ]
INFO: [ app_begin ] --START--
INFO: Run Behavior\ReadHtmlCacheBehavior [ RunTime:0.000000s ]
INFO: [ app_begin ] --END-- [ RunTime:0.001000s ]
INFO: [ view_parse ] --START--
INFO: [ template_filter ] --START--
INFO: Run Behavior\ContentReplaceBehavior [ RunTime:0.000000s ]
INFO: [ template_filter ] --END-- [ RunTime:0.000000s ]
NOTIC: [8] Undefined variable: name D:\WWW\stu\Application\Runtime\Cache\Tec\1f5a09f01b41faf18cd35b68b84e5f3e.php 第 27 行.
NOTIC: [8] Undefined variable: num D:\WWW\stu\Application\Runtime\Cache\Tec\1f5a09f01b41faf18cd35b68b84e5f3e.php 第 78 行.
INFO: Run Behavior\ParseTemplateBehavior [ RunTime:0.110006s ]
INFO: [ view_parse ] --END-- [ RunTime:0.110006s ]
INFO: [ view_filter ] --START--
INFO: Run Behavior\WriteHtmlCacheBehavior [ RunTime:0.000000s ]
INFO: [ view_filter ] --END-- [ RunTime:0.000000s ]
INFO: [ app_end ] --START--
INFO: Run Behavior\ShowPageTraceBehavior [ RunTime:0.000000s ]
INFO: [ app_end ] --END-- [ RunTime:0.000000s ]

[ 2015-05-27T20:52:43+08:00 ] ::1 /stu/index.php/Tec/User/upinfo.html
INFO: [ app_init ] --START--
INFO: Run Behavior\BuildLiteBehavior [ RunTime:0.001000s ]
INFO: [ app_init ] --END-- [ RunTime:0.001000s ]
INFO: [ app_begin ] --START--
INFO: Run Behavior\ReadHtmlCacheBehavior [ RunTime:0.000000s ]
INFO: [ app_begin ] --END-- [ RunTime:0.000000s ]
INFO: [ view_parse ] --START--
INFO: [ template_filter ] --START--
INFO: Run Behavior\ContentReplaceBehavior [ RunTime:0.000000s ]
INFO: [ template_filter ] --END-- [ RunTime:0.000000s ]
NOTIC: [8] Undefined variable: name D:\WWW\stu\Application\Runtime\Cache\Tec\66bd6015d9c411672a9733ce0bb6af46.php 第 27 行.
INFO: Run Behavior\ParseTemplateBehavior [ RunTime:0.007000s ]
INFO: [ view_parse ] --END-- [ RunTime:0.008000s ]
INFO: [ view_filter ] --START--
INFO: Run Behavior\WriteHtmlCacheBehavior [ RunTime:0.000000s ]
INFO: [ view_filter ] --END-- [ RunTime:0.000000s ]
INFO: [ app_end ] --START--
INFO: Run Behavior\ShowPageTraceBehavior [ RunTime:0.000000s ]
INFO: [ app_end ] --END-- [ RunTime:0.000000s ]

[ 2015-05-27T20:52:43+08:00 ] ::1 /stu/index.php/Tec/Sys/index.html
INFO: [ app_init ] --START--
INFO: Run Behavior\BuildLiteBehavior [ RunTime:0.000000s ]
INFO: [ app_init ] --END-- [ RunTime:0.001000s ]
INFO: [ app_begin ] --START--
INFO: Run Behavior\ReadHtmlCacheBehavior [ RunTime:0.001000s ]
INFO: [ app_begin ] --END-- [ RunTime:0.001000s ]
INFO: [ view_parse ] --START--
INFO: [ template_filter ] --START--
INFO: Run Behavior\ContentReplaceBehavior [ RunTime:0.000000s ]
INFO: [ template_filter ] --END-- [ RunTime:0.000000s ]
INFO: Run Behavior\ParseTemplateBehavior [ RunTime:0.023001s ]
INFO: [ view_parse ] --END-- [ RunTime:0.023001s ]
INFO: [ view_filter ] --START--
INFO: Run Behavior\WriteHtmlCacheBehavior [ RunTime:0.000000s ]
INFO: [ view_filter ] --END-- [ RunTime:0.000000s ]
INFO: [ app_end ] --START--
INFO: Run Behavior\ShowPageTraceBehavior [ RunTime:0.000000s ]
INFO: [ app_end ] --END-- [ RunTime:0.001000s ]

[ 2015-05-27T20:52:44+08:00 ] ::1 /stu/index.php/Tec/Sys/index.html
INFO: [ app_init ] --START--
INFO: Run Behavior\BuildLiteBehavior [ RunTime:0.000000s ]
INFO: [ app_init ] --END-- [ RunTime:0.000000s ]
INFO: [ app_begin ] --START--
INFO: Run Behavior\ReadHtmlCacheBehavior [ RunTime:0.000000s ]
INFO: [ app_begin ] --END-- [ RunTime:0.000000s ]
INFO: [ view_parse ] --START--
INFO: [ template_filter ] --START--
INFO: Run Behavior\ContentReplaceBehavior [ RunTime:0.000000s ]
INFO: [ template_filter ] --END-- [ RunTime:0.000000s ]
INFO: Run Behavior\ParseTemplateBehavior [ RunTime:0.007000s ]
INFO: [ view_parse ] --END-- [ RunTime:0.007000s ]
INFO: [ view_filter ] --START--
INFO: Run Behavior\WriteHtmlCacheBehavior [ RunTime:0.000000s ]
INFO: [ view_filter ] --END-- [ RunTime:0.000000s ]
INFO: [ app_end ] --START--
INFO: Run Behavior\ShowPageTraceBehavior [ RunTime:0.001000s ]
INFO: [ app_end ] --END-- [ RunTime:0.001000s ]

[ 2015-05-27T20:52:46+08:00 ] ::1 /stu/index.php/Tec/Article/wait.html
INFO: [ app_init ] --START--
INFO: Run Behavior\BuildLiteBehavior [ RunTime:0.000000s ]
INFO: [ app_init ] --END-- [ RunTime:0.000000s ]
INFO: [ app_begin ] --START--
INFO: Run Behavior\ReadHtmlCacheBehavior [ RunTime:0.000000s ]
INFO: [ app_begin ] --END-- [ RunTime:0.000000s ]
INFO: [ view_parse ] --START--
INFO: [ template_filter ] --START--
INFO: Run Behavior\ContentReplaceBehavior [ RunTime:0.000000s ]
INFO: [ template_filter ] --END-- [ RunTime:0.001000s ]
NOTIC: [8] Undefined variable: name D:\WWW\stu\Application\Runtime\Cache\Tec\1f5a09f01b41faf18cd35b68b84e5f3e.php 第 27 行.
NOTIC: [8] Undefined variable: num D:\WWW\stu\Application\Runtime\Cache\Tec\1f5a09f01b41faf18cd35b68b84e5f3e.php 第 78 行.
INFO: Run Behavior\ParseTemplateBehavior [ RunTime:0.007000s ]
INFO: [ view_parse ] --END-- [ RunTime:0.007000s ]
INFO: [ view_filter ] --START--
INFO: Run Behavior\WriteHtmlCacheBehavior [ RunTime:0.000000s ]
INFO: [ view_filter ] --END-- [ RunTime:0.000000s ]
INFO: [ app_end ] --START--
INFO: Run Behavior\ShowPageTraceBehavior [ RunTime:0.001000s ]
INFO: [ app_end ] --END-- [ RunTime:0.001000s ]

[ 2015-05-27T20:52:46+08:00 ] ::1 /stu/index.php/Tec/Article/set.html
INFO: [ app_init ] --START--
INFO: Run Behavior\BuildLiteBehavior [ RunTime:0.000000s ]
INFO: [ app_init ] --END-- [ RunTime:0.000000s ]
INFO: [ app_begin ] --START--
INFO: Run Behavior\ReadHtmlCacheBehavior [ RunTime:0.000000s ]
INFO: [ app_begin ] --END-- [ RunTime:0.000000s ]
INFO: [ view_parse ] --START--
INFO: [ template_filter ] --START--
INFO: Run Behavior\ContentReplaceBehavior [ RunTime:0.000000s ]
INFO: [ template_filter ] --END-- [ RunTime:0.000000s ]
NOTIC: [8] Undefined variable: name D:\WWW\stu\Application\Runtime\Cache\Tec\f181a5cb81ed64917746b4f6ba3f07b4.php 第 27 行.
NOTIC: [8] Undefined variable: num D:\WWW\stu\Application\Runtime\Cache\Tec\f181a5cb81ed64917746b4f6ba3f07b4.php 第 78 行.
INFO: Run Behavior\ParseTemplateBehavior [ RunTime:0.060003s ]
INFO: [ view_parse ] --END-- [ RunTime:0.060003s ]
INFO: [ view_filter ] --START--
INFO: Run Behavior\WriteHtmlCacheBehavior [ RunTime:0.000000s ]
INFO: [ view_filter ] --END-- [ RunTime:0.000000s ]
INFO: [ app_end ] --START--
INFO: Run Behavior\ShowPageTraceBehavior [ RunTime:0.001001s ]
INFO: [ app_end ] --END-- [ RunTime:0.001001s ]

[ 2015-05-27T21:48:36+08:00 ] ::1 /stu/index.php/Tec/Article/setin.html
INFO: [ app_init ] --START--
INFO: Run Behavior\BuildLiteBehavior [ RunTime:0.000000s ]
INFO: [ app_init ] --END-- [ RunTime:0.000000s ]
INFO: [ app_begin ] --START--
INFO: Run Behavior\ReadHtmlCacheBehavior [ RunTime:0.000000s ]
INFO: [ app_begin ] --END-- [ RunTime:0.000000s ]
INFO: [ view_parse ] --START--
INFO: [ template_filter ] --START--
INFO: Run Behavior\ContentReplaceBehavior [ RunTime:0.000000s ]
INFO: [ template_filter ] --END-- [ RunTime:0.000000s ]
NOTIC: [8] Undefined variable: name D:\WWW\stu\Application\Runtime\Cache\Tec\67f931f561bd6d01045ccfb387484752.php 第 27 行.
INFO: Run Behavior\ParseTemplateBehavior [ RunTime:0.016001s ]
INFO: [ view_parse ] --END-- [ RunTime:0.016001s ]
INFO: [ view_filter ] --START--
INFO: Run Behavior\WriteHtmlCacheBehavior [ RunTime:0.000000s ]
INFO: [ view_filter ] --END-- [ RunTime:0.000000s ]
INFO: [ app_end ] --START--
INFO: Run Behavior\ShowPageTraceBehavior [ RunTime:0.000000s ]
INFO: [ app_end ] --END-- [ RunTime:0.000000s ]

[ 2015-05-27T22:13:17+08:00 ] ::1 /stu/index.php/Tec/article/upload.html
INFO: [ app_init ] --START--
INFO: Run Behavior\BuildLiteBehavior [ RunTime:0.000000s ]
INFO: [ app_init ] --END-- [ RunTime:0.001000s ]
INFO: [ app_begin ] --START--
INFO: Run Behavior\ReadHtmlCacheBehavior [ RunTime:0.000000s ]
INFO: [ app_begin ] --END-- [ RunTime:0.000000s ]
NOTIC: [2] call_user_func() expects parameter 1 to be a valid callback, no array or string given D:\WWW\stu\ThinkPHP\Library\Think\Upload.class.php 第 170 行.
NOTIC: [8] Undefined index: ext D:\WWW\stu\Application\Tec\Controller\ArticleController.class.php 第 53 行.
INFO: [ app_end ] --START--
INFO: Run Behavior\ShowPageTraceBehavior [ RunTime:0.001000s ]
INFO: [ app_end ] --END-- [ RunTime:0.001000s ]

[ 2015-05-27T22:13:50+08:00 ] ::1 /stu/index.php/Tec/article/upload.html
INFO: [ app_init ] --START--
INFO: Run Behavior\BuildLiteBehavior [ RunTime:0.000000s ]
INFO: [ app_init ] --END-- [ RunTime:0.001000s ]
INFO: [ app_begin ] --START--
INFO: Run Behavior\ReadHtmlCacheBehavior [ RunTime:0.001000s ]
INFO: [ app_begin ] --END-- [ RunTime:0.001000s ]
NOTIC: [2] call_user_func() expects parameter 1 to be a valid callback, no array or string given D:\WWW\stu\ThinkPHP\Library\Think\Upload.class.php 第 170 行.
NOTIC: [8] Undefined index: ext D:\WWW\stu\Application\Tec\Controller\ArticleController.class.php 第 53 行.
ERR: SQLSTATE[42S02]: Base table or view not found: 1146 Table 'xuesheng.stu' doesn't exist

[ 2015-05-27T22:15:06+08:00 ] ::1 /stu/index.php/Tec/article/upload.html
INFO: [ app_init ] --START--
INFO: Run Behavior\BuildLiteBehavior [ RunTime:0.000000s ]
INFO: [ app_init ] --END-- [ RunTime:0.000000s ]
INFO: [ app_begin ] --START--
INFO: Run Behavior\ReadHtmlCacheBehavior [ RunTime:0.001000s ]
INFO: [ app_begin ] --END-- [ RunTime:0.001000s ]
NOTIC: [2] call_user_func() expects parameter 1 to be a valid callback, no array or string given D:\WWW\stu\ThinkPHP\Library\Think\Upload.class.php 第 170 行.
NOTIC: [8] Undefined index: ext D:\WWW\stu\Application\Tec\Controller\ArticleController.class.php 第 53 行.
SQL: SHOW COLUMNS FROM `stu` [ RunTime:0.0040s ]
SQL: INSERT INTO `stu` (`name`,`student_id`,`password`,`gender`,`major`,`political_status`,`nation`,`country`,`birth`,`id_card`,`phone`,`health`,`address`,`home_phone`,`zipcode`,`email`,`grade`) VALUES ('王小明','20132213686','20132213686','男','网络工程','团员','汉','中国','1994.08.18','370481199408185016','18353580563','健康','山东省滕州市洪绪镇','2891739817','277510','coiajdoiwj@ldustu.com','0') [ RunTime:0.0060s ]
INFO: [ app_end ] --START--
INFO: Run Behavior\ShowPageTraceBehavior [ RunTime:0.001000s ]
INFO: [ app_end ] --END-- [ RunTime:0.001000s ]

[ 2015-05-27T22:18:15+08:00 ] ::1 /stu/index.php/Tec/Article/setin.html
INFO: [ app_init ] --START--
INFO: Run Behavior\BuildLiteBehavior [ RunTime:0.000000s ]
INFO: [ app_init ] --END-- [ RunTime:0.000000s ]
INFO: [ app_begin ] --START--
INFO: Run Behavior\ReadHtmlCacheBehavior [ RunTime:0.000000s ]
INFO: [ app_begin ] --END-- [ RunTime:0.000000s ]
INFO: [ view_parse ] --START--
INFO: [ template_filter ] --START--
INFO: Run Behavior\ContentReplaceBehavior [ RunTime:0.000000s ]
INFO: [ template_filter ] --END-- [ RunTime:0.000000s ]
NOTIC: [8] Undefined variable: name D:\WWW\stu\Application\Runtime\Cache\Tec\67f931f561bd6d01045ccfb387484752.php 第 27 行.
INFO: Run Behavior\ParseTemplateBehavior [ RunTime:0.016001s ]
INFO: [ view_parse ] --END-- [ RunTime:0.017001s ]
INFO: [ view_filter ] --START--
INFO: Run Behavior\WriteHtmlCacheBehavior [ RunTime:0.000000s ]
INFO: [ view_filter ] --END-- [ RunTime:0.000000s ]
INFO: [ app_end ] --START--
INFO: Run Behavior\ShowPageTraceBehavior [ RunTime:0.001000s ]
INFO: [ app_end ] --END-- [ RunTime:0.001000s ]

[ 2015-05-27T22:18:20+08:00 ] ::1 /stu/index.php/Tec/article/upload.html
INFO: [ app_init ] --START--
INFO: Run Behavior\BuildLiteBehavior [ RunTime:0.000000s ]
INFO: [ app_init ] --END-- [ RunTime:0.000000s ]
INFO: [ app_begin ] --START--
INFO: Run Behavior\ReadHtmlCacheBehavior [ RunTime:0.001000s ]
INFO: [ app_begin ] --END-- [ RunTime:0.001000s ]
NOTIC: [2] call_user_func() expects parameter 1 to be a valid callback, no array or string given D:\WWW\stu\ThinkPHP\Library\Think\Upload.class.php 第 170 行.
NOTIC: [8] Undefined index: ext D:\WWW\stu\Application\Tec\Controller\ArticleController.class.php 第 53 行.
SQL: SHOW COLUMNS FROM `stu` [ RunTime:0.0040s ]
SQL: INSERT INTO `stu` (`name`,`student_id`,`password`,`gender`,`major`,`political_status`,`nation`,`country`,`birth`,`id_card`,`phone`,`health`,`address`,`home_phone`,`zipcode`,`email`,`grade`) VALUES ('王小明','20132213686','20132213686','男','网络工程','团员','汉','中国','1994.08.18','370481199408185016','18353580563','健康','山东省滕州市洪绪镇','2891739817','277510','coiajdoiwj@ldustu.com','0') [ RunTime:0.0010s ]
SQL: INSERT INTO `stu` (`name`,`student_id`,`password`,`gender`,`major`,`political_status`,`nation`,`country`,`birth`,`id_card`,`phone`,`health`,`address`,`home_phone`,`zipcode`,`email`,`grade`) VALUES ('张小白','21212121','21212121','女','专业','政治面貌','民族','国家','出生时间','身份证号','手机号','健康状况','家庭住址','家庭联系方式','0','邮箱','0') [ RunTime:0.0010s ]
SQL: INSERT INTO `stu` (`name`,`student_id`,`password`,`gender`,`major`,`political_status`,`nation`,`country`,`birth`,`id_card`,`phone`,`health`,`address`,`home_phone`,`zipcode`,`email`,`grade`) VALUES ('王小明','20132213686','20132213686','男','网络工程','团员','汉','中国','1994.08.18','370481199408185016','18353580563','健康','山东省滕州市洪绪镇','2891739817','277510','coiajdoiwj@ldustu.com','0') [ RunTime:0.0010s ]
SQL: INSERT INTO `stu` (`name`,`student_id`,`password`,`gender`,`major`,`political_status`,`nation`,`country`,`birth`,`id_card`,`phone`,`health`,`address`,`home_phone`,`zipcode`,`email`,`grade`) VALUES ('张小白','21212121','21212121','女','专业','政治面貌','民族','国家','出生时间','身份证号','手机号','健康状况','家庭住址','家庭联系方式','0','邮箱','0') [ RunTime:0.0010s ]
SQL: INSERT INTO `stu` (`name`,`student_id`,`password`,`gender`,`major`,`political_status`,`nation`,`country`,`birth`,`id_card`,`phone`,`health`,`address`,`home_phone`,`zipcode`,`email`,`grade`) VALUES ('王小明','20132213686','20132213686','男','网络工程','团员','汉','中国','1994.08.18','370481199408185016','18353580563','健康','山东省滕州市洪绪镇','2891739817','277510','coiajdoiwj@ldustu.com','0') [ RunTime:0.0010s ]
SQL: INSERT INTO `stu` (`name`,`student_id`,`password`,`gender`,`major`,`political_status`,`nation`,`country`,`birth`,`id_card`,`phone`,`health`,`address`,`home_phone`,`zipcode`,`email`,`grade`) VALUES ('张小白','21212121','21212121','女','专业','政治面貌','民族','国家','出生时间','身份证号','手机号','健康状况','家庭住址','家庭联系方式','0','邮箱','0') [ RunTime:0.0010s ]
SQL: INSERT INTO `stu` (`name`,`student_id`,`password`,`gender`,`major`,`political_status`,`nation`,`country`,`birth`,`id_card`,`phone`,`health`,`address`,`home_phone`,`zipcode`,`email`,`grade`) VALUES ('王小明','20132213686','20132213686','男','网络工程','团员','汉','中国','1994.08.18','370481199408185016','18353580563','健康','山东省滕州市洪绪镇','2891739817','277510','coiajdoiwj@ldustu.com','0') [ RunTime:0.0010s ]
SQL: INSERT INTO `stu` (`name`,`student_id`,`password`,`gender`,`major`,`political_status`,`nation`,`country`,`birth`,`id_card`,`phone`,`health`,`address`,`home_phone`,`zipcode`,`email`,`grade`) VALUES ('张小白','21212121','21212121','女','专业','政治面貌','民族','国家','出生时间','身份证号','手机号','健康状况','家庭住址','家庭联系方式','0','邮箱','0') [ RunTime:0.0000s ]
SQL: INSERT INTO `stu` (`name`,`student_id`,`password`,`gender`,`major`,`political_status`,`nation`,`country`,`birth`,`id_card`,`phone`,`health`,`address`,`home_phone`,`zipcode`,`email`,`grade`) VALUES ('王小明','20132213686','20132213686','男','网络工程','团员','汉','中国','1994.08.18','370481199408185016','18353580563','健康','山东省滕州市洪绪镇','2891739817','277510','coiajdoiwj@ldustu.com','0') [ RunTime:0.0010s ]
SQL: INSERT INTO `stu` (`name`,`student_id`,`password`,`gender`,`major`,`political_status`,`nation`,`country`,`birth`,`id_card`,`phone`,`health`,`address`,`home_phone`,`zipcode`,`email`,`grade`) VALUES ('张小白','21212121','21212121','女','专业','政治面貌','民族','国家','出生时间','身份证号','手机号','健康状况','家庭住址','家庭联系方式','0','邮箱','0') [ RunTime:0.0010s ]
SQL: INSERT INTO `stu` (`name`,`student_id`,`password`,`gender`,`major`,`political_status`,`nation`,`country`,`birth`,`id_card`,`phone`,`health`,`address`,`home_phone`,`zipcode`,`email`,`grade`) VALUES ('王小明','20132213686','20132213686','男','网络工程','团员','汉','中国','1994.08.18','370481199408185016','18353580563','健康','山东省滕州市洪绪镇','2891739817','277510','coiajdoiwj@ldustu.com','0') [ RunTime:0.0010s ]
SQL: INSERT INTO `stu` (`name`,`student_id`,`password`,`gender`,`major`,`political_status`,`nation`,`country`,`birth`,`id_card`,`phone`,`health`,`address`,`home_phone`,`zipcode`,`email`,`grade`) VALUES ('张小白','21212121','21212121','女','专业','政治面貌','民族','国家','出生时间','身份证号','手机号','健康状况','家庭住址','家庭联系方式','0','邮箱','0') [ RunTime:0.0010s ]
SQL: INSERT INTO `stu` (`name`,`student_id`,`password`,`gender`,`major`,`political_status`,`nation`,`country`,`birth`,`id_card`,`phone`,`health`,`address`,`home_phone`,`zipcode`,`email`,`grade`) VALUES ('王小明','20132213686','20132213686','男','网络工程','团员','汉','中国','1994.08.18','370481199408185016','18353580563','健康','山东省滕州市洪绪镇','2891739817','277510','coiajdoiwj@ldustu.com','0') [ RunTime:0.0000s ]
SQL: INSERT INTO `stu` (`name`,`student_id`,`password`,`gender`,`major`,`political_status`,`nation`,`country`,`birth`,`id_card`,`phone`,`health`,`address`,`home_phone`,`zipcode`,`email`,`grade`) VALUES ('张小白','21212121','21212121','女','专业','政治面貌','民族','国家','出生时间','身份证号','手机号','健康状况','家庭住址','家庭联系方式','0','邮箱','0') [ RunTime:0.0010s ]
SQL: INSERT INTO `stu` (`name`,`student_id`,`password`,`gender`,`major`,`political_status`,`nation`,`country`,`birth`,`id_card`,`phone`,`health`,`address`,`home_phone`,`zipcode`,`email`,`grade`) VALUES ('王小明','20132213686','20132213686','男','网络工程','团员','汉','中国','1994.08.18','370481199408185016','18353580563','健康','山东省滕州市洪绪镇','2891739817','277510','coiajdoiwj@ldustu.com','0') [ RunTime:0.0010s ]
SQL: INSERT INTO `stu` (`name`,`student_id`,`password`,`gender`,`major`,`political_status`,`nation`,`country`,`birth`,`id_card`,`phone`,`health`,`address`,`home_phone`,`zipcode`,`email`,`grade`) VALUES ('张小白','21212121','21212121','女','专业','政治面貌','民族','国家','出生时间','身份证号','手机号','健康状况','家庭住址','家庭联系方式','0','邮箱','0') [ RunTime:0.0010s ]
SQL: INSERT INTO `stu` (`name`,`student_id`,`password`,`gender`,`major`,`political_status`,`nation`,`country`,`birth`,`id_card`,`phone`,`health`,`address`,`home_phone`,`zipcode`,`email`,`grade`) VALUES ('王小明','20132213686','20132213686','男','网络工程','团员','汉','中国','1994.08.18','370481199408185016','18353580563','健康','山东省滕州市洪绪镇','2891739817','277510','coiajdoiwj@ldustu.com','0') [ RunTime:0.0010s ]
SQL: INSERT INTO `stu` (`name`,`student_id`,`password`,`gender`,`major`,`political_status`,`nation`,`country`,`birth`,`id_card`,`phone`,`health`,`address`,`home_phone`,`zipcode`,`email`,`grade`) VALUES ('张小白','21212121','21212121','女','专业','政治面貌','民族','国家','出生时间','身份证号','手机号','健康状况','家庭住址','家庭联系方式','0','邮箱','0') [ RunTime:0.0010s ]
SQL: INSERT INTO `stu` (`name`,`student_id`,`password`,`gender`,`major`,`political_status`,`nation`,`country`,`birth`,`id_card`,`phone`,`health`,`address`,`home_phone`,`zipcode`,`email`,`grade`) VALUES ('王小明','20132213686','20132213686','男','网络工程','团员','汉','中国','1994.08.18','370481199408185016','18353580563','健康','山东省滕州市洪绪镇','2891739817','277510','coiajdoiwj@ldustu.com','0') [ RunTime:0.0010s ]
SQL: INSERT INTO `stu` (`name`,`student_id`,`password`,`gender`,`major`,`political_status`,`nation`,`country`,`birth`,`id_card`,`phone`,`health`,`address`,`home_phone`,`zipcode`,`email`,`grade`) VALUES ('张小白','21212121','21212121','女','专业','政治面貌','民族','国家','出生时间','身份证号','手机号','健康状况','家庭住址','家庭联系方式','0','邮箱','0') [ RunTime:0.0010s ]
SQL: INSERT INTO `stu` (`name`,`student_id`,`password`,`gender`,`major`,`political_status`,`nation`,`country`,`birth`,`id_card`,`phone`,`health`,`address`,`home_phone`,`zipcode`,`email`,`grade`) VALUES ('王小明','20132213686','20132213686','男','网络工程','团员','汉','中国','1994.08.18','370481199408185016','18353580563','健康','山东省滕州市洪绪镇','2891739817','277510','coiajdoiwj@ldustu.com','0') [ RunTime:0.0010s ]
INFO: [ view_parse ] --START--
INFO: [ template_filter ] --START--
INFO: Run Behavior\ContentReplaceBehavior [ RunTime:0.000000s ]
INFO: [ template_filter ] --END-- [ RunTime:0.000000s ]
INFO: Run Behavior\ParseTemplateBehavior [ RunTime:0.032002s ]
INFO: [ view_parse ] --END-- [ RunTime:0.032002s ]
INFO: [ view_filter ] --START--
INFO: Run Behavior\WriteHtmlCacheBehavior [ RunTime:0.000000s ]
INFO: [ view_filter ] --END-- [ RunTime:0.000000s ]
INFO: [ app_end ] --START--
INFO: Run Behavior\ShowPageTraceBehavior [ RunTime:0.001000s ]
INFO: [ app_end ] --END-- [ RunTime:0.001000s ]

[ 2015-05-27T22:18:22+08:00 ] ::1 /stu/index.php/Tec/article/Article/setin
INFO: [ app_init ] --START--
INFO: Run Behavior\BuildLiteBehavior [ RunTime:0.000000s ]
INFO: [ app_init ] --END-- [ RunTime:0.001000s ]
INFO: [ app_begin ] --START--
INFO: Run Behavior\ReadHtmlCacheBehavior [ RunTime:0.001000s ]
INFO: [ app_begin ] --END-- [ RunTime:0.001000s ]
ERR: 非法操作:Article

[ 2015-05-27T22:19:15+08:00 ] ::1 /stu/index.php/Tec/article/setin
INFO: [ app_init ] --START--
INFO: Run Behavior\BuildLiteBehavior [ RunTime:0.000000s ]
INFO: [ app_init ] --END-- [ RunTime:0.000000s ]
INFO: [ app_begin ] --START--
INFO: Run Behavior\ReadHtmlCacheBehavior [ RunTime:0.001000s ]
INFO: [ app_begin ] --END-- [ RunTime:0.001000s ]
INFO: [ view_parse ] --START--
INFO: [ template_filter ] --START--
INFO: Run Behavior\ContentReplaceBehavior [ RunTime:0.000000s ]
INFO: [ template_filter ] --END-- [ RunTime:0.000000s ]
NOTIC: [8] Undefined variable: name D:\WWW\stu\Application\Runtime\Cache\Tec\67f931f561bd6d01045ccfb387484752.php 第 27 行.
INFO: Run Behavior\ParseTemplateBehavior [ RunTime:0.009001s ]
INFO: [ view_parse ] --END-- [ RunTime:0.009001s ]
INFO: [ view_filter ] --START--
INFO: Run Behavior\WriteHtmlCacheBehavior [ RunTime:0.000000s ]
INFO: [ view_filter ] --END-- [ RunTime:0.000000s ]
INFO: [ app_end ] --START--
INFO: Run Behavior\ShowPageTraceBehavior [ RunTime:0.001000s ]
INFO: [ app_end ] --END-- [ RunTime:0.001000s ]

[ 2015-05-27T22:19:21+08:00 ] ::1 /stu/index.php/Tec/Article/wait.html
INFO: [ app_init ] --START--
INFO: Run Behavior\BuildLiteBehavior [ RunTime:0.000000s ]
INFO: [ app_init ] --END-- [ RunTime:0.001000s ]
INFO: [ app_begin ] --START--
INFO: Run Behavior\ReadHtmlCacheBehavior [ RunTime:0.000000s ]
INFO: [ app_begin ] --END-- [ RunTime:0.000000s ]
INFO: [ view_parse ] --START--
INFO: [ template_filter ] --START--
INFO: Run Behavior\ContentReplaceBehavior [ RunTime:0.000000s ]
INFO: [ template_filter ] --END-- [ RunTime:0.000000s ]
NOTIC: [8] Undefined variable: name D:\WWW\stu\Application\Runtime\Cache\Tec\1f5a09f01b41faf18cd35b68b84e5f3e.php 第 27 行.
NOTIC: [8] Undefined variable: num D:\WWW\stu\Application\Runtime\Cache\Tec\1f5a09f01b41faf18cd35b68b84e5f3e.php 第 78 行.
INFO: Run Behavior\ParseTemplateBehavior [ RunTime:0.008000s ]
INFO: [ view_parse ] --END-- [ RunTime:0.008000s ]
INFO: [ view_filter ] --START--
INFO: Run Behavior\WriteHtmlCacheBehavior [ RunTime:0.000000s ]
INFO: [ view_filter ] --END-- [ RunTime:0.000000s ]
INFO: [ app_end ] --START--
INFO: Run Behavior\ShowPageTraceBehavior [ RunTime:0.001000s ]
INFO: [ app_end ] --END-- [ RunTime:0.001000s ]

[ 2015-05-27T22:19:26+08:00 ] ::1 /stu/index.php/Tec/Article/set.html
INFO: [ app_init ] --START--
INFO: Run Behavior\BuildLiteBehavior [ RunTime:0.000000s ]
INFO: [ app_init ] --END-- [ RunTime:0.001000s ]
INFO: [ app_begin ] --START--
INFO: Run Behavior\ReadHtmlCacheBehavior [ RunTime:0.001000s ]
INFO: [ app_begin ] --END-- [ RunTime:0.001000s ]
INFO: [ view_parse ] --START--
INFO: [ template_filter ] --START--
INFO: Run Behavior\ContentReplaceBehavior [ RunTime:0.000000s ]
INFO: [ template_filter ] --END-- [ RunTime:0.000000s ]
NOTIC: [8] Undefined variable: name D:\WWW\stu\Application\Runtime\Cache\Tec\f181a5cb81ed64917746b4f6ba3f07b4.php 第 27 行.
NOTIC: [8] Undefined variable: num D:\WWW\stu\Application\Runtime\Cache\Tec\f181a5cb81ed64917746b4f6ba3f07b4.php 第 78 行.
INFO: Run Behavior\ParseTemplateBehavior [ RunTime:0.012001s ]
INFO: [ view_parse ] --END-- [ RunTime:0.012001s ]
INFO: [ view_filter ] --START--
INFO: Run Behavior\WriteHtmlCacheBehavior [ RunTime:0.000000s ]
INFO: [ view_filter ] --END-- [ RunTime:0.001000s ]
INFO: [ app_end ] --START--
INFO: Run Behavior\ShowPageTraceBehavior [ RunTime:0.000000s ]
INFO: [ app_end ] --END-- [ RunTime:0.000000s ]

[ 2015-05-27T22:19:27+08:00 ] ::1 /stu/index.php/Tec/Article/setin.html
INFO: [ app_init ] --START--
INFO: Run Behavior\BuildLiteBehavior [ RunTime:0.000000s ]
INFO: [ app_init ] --END-- [ RunTime:0.001000s ]
INFO: [ app_begin ] --START--
INFO: Run Behavior\ReadHtmlCacheBehavior [ RunTime:0.001000s ]
INFO: [ app_begin ] --END-- [ RunTime:0.001000s ]
INFO: [ view_parse ] --START--
INFO: [ template_filter ] --START--
INFO: Run Behavior\ContentReplaceBehavior [ RunTime:0.000000s ]
INFO: [ template_filter ] --END-- [ RunTime:0.000000s ]
NOTIC: [8] Undefined variable: name D:\WWW\stu\Application\Runtime\Cache\Tec\67f931f561bd6d01045ccfb387484752.php 第 27 行.
INFO: Run Behavior\ParseTemplateBehavior [ RunTime:0.007001s ]
INFO: [ view_parse ] --END-- [ RunTime:0.007001s ]
INFO: [ view_filter ] --START--
INFO: Run Behavior\WriteHtmlCacheBehavior [ RunTime:0.000000s ]
INFO: [ view_filter ] --END-- [ RunTime:0.001000s ]
INFO: [ app_end ] --START--
INFO: Run Behavior\ShowPageTraceBehavior [ RunTime:0.000000s ]
INFO: [ app_end ] --END-- [ RunTime:0.000000s ]

[ 2015-05-27T22:19:27+08:00 ] ::1 /stu/index.php/Tec/Article/search.html
INFO: [ app_init ] --START--
INFO: Run Behavior\BuildLiteBehavior [ RunTime:0.000000s ]
INFO: [ app_init ] --END-- [ RunTime:0.000000s ]
INFO: [ app_begin ] --START--
INFO: Run Behavior\ReadHtmlCacheBehavior [ RunTime:0.001000s ]
INFO: [ app_begin ] --END-- [ RunTime:0.001000s ]
INFO: [ view_parse ] --START--
INFO: [ template_filter ] --START--
INFO: Run Behavior\ContentReplaceBehavior [ RunTime:0.000000s ]
INFO: [ template_filter ] --END-- [ RunTime:0.000000s ]
NOTIC: [8] Undefined variable: name D:\WWW\stu\Application\Runtime\Cache\Tec\08d623f7f2d7674b45c3a38776611eb8.php 第 27 行.
NOTIC: [8] Undefined variable: id D:\WWW\stu\Application\Runtime\Cache\Tec\08d623f7f2d7674b45c3a38776611eb8.php 第 104 行.
NOTIC: [8] Undefined variable: id D:\WWW\stu\Application\Runtime\Cache\Tec\08d623f7f2d7674b45c3a38776611eb8.php 第 110 行.
NOTIC: [8] Undefined variable: id D:\WWW\stu\Application\Runtime\Cache\Tec\08d623f7f2d7674b45c3a38776611eb8.php 第 111 行.
INFO: Run Behavior\ParseTemplateBehavior [ RunTime:0.030002s ]
INFO: [ view_parse ] --END-- [ RunTime:0.030002s ]
INFO: [ view_filter ] --START--
INFO: Run Behavior\WriteHtmlCacheBehavior [ RunTime:0.000000s ]
INFO: [ view_filter ] --END-- [ RunTime:0.000000s ]
INFO: [ app_end ] --START--
INFO: Run Behavior\ShowPageTraceBehavior [ RunTime:0.001000s ]
INFO: [ app_end ] --END-- [ RunTime:0.001000s ]

[ 2015-05-27T22:19:41+08:00 ] ::1 /stu/index.php/Tec/article/content.html
INFO: [ app_init ] --START--
INFO: Run Behavior\BuildLiteBehavior [ RunTime:0.000000s ]
INFO: [ app_init ] --END-- [ RunTime:0.001000s ]
INFO: [ app_begin ] --START--
INFO: Run Behavior\ReadHtmlCacheBehavior [ RunTime:0.001000s ]
INFO: [ app_begin ] --END-- [ RunTime:0.001000s ]
INFO: [ view_parse ] --START--
INFO: [ template_filter ] --START--
INFO: Run Behavior\ContentReplaceBehavior [ RunTime:0.000000s ]
INFO: [ template_filter ] --END-- [ RunTime:0.000000s ]
NOTIC: [8] Undefined variable: name D:\WWW\stu\Application\Runtime\Cache\Tec\75ec54f31f1860f652b647436fb951a2.php 第 27 行.
INFO: Run Behavior\ParseTemplateBehavior [ RunTime:0.037002s ]
INFO: [ view_parse ] --END-- [ RunTime:0.037002s ]
INFO: [ view_filter ] --START--
INFO: Run Behavior\WriteHtmlCacheBehavior [ RunTime:0.000000s ]
INFO: [ view_filter ] --END-- [ RunTime:0.000000s ]
INFO: [ app_end ] --START--
INFO: Run Behavior\ShowPageTraceBehavior [ RunTime:0.001000s ]
INFO: [ app_end ] --END-- [ RunTime:0.001000s ]

[ 2015-05-27T22:19:45+08:00 ] ::1 /stu/index.php/Tec/Article/setin.html
INFO: [ app_init ] --START--
INFO: Run Behavior\BuildLiteBehavior [ RunTime:0.000000s ]
INFO: [ app_init ] --END-- [ RunTime:0.001000s ]
INFO: [ app_begin ] --START--
INFO: Run Behavior\ReadHtmlCacheBehavior [ RunTime:0.001000s ]
INFO: [ app_begin ] --END-- [ RunTime:0.001000s ]
INFO: [ view_parse ] --START--
INFO: [ template_filter ] --START--
INFO: Run Behavior\ContentReplaceBehavior [ RunTime:0.001000s ]
INFO: [ template_filter ] --END-- [ RunTime:0.001000s ]
NOTIC: [8] Undefined variable: name D:\WWW\stu\Application\Runtime\Cache\Tec\67f931f561bd6d01045ccfb387484752.php 第 27 行.
INFO: Run Behavior\ParseTemplateBehavior [ RunTime:0.007001s ]
INFO: [ view_parse ] --END-- [ RunTime:0.007001s ]
INFO: [ view_filter ] --START--
INFO: Run Behavior\WriteHtmlCacheBehavior [ RunTime:0.000000s ]
INFO: [ view_filter ] --END-- [ RunTime:0.000000s ]
INFO: [ app_end ] --START--
INFO: Run Behavior\ShowPageTraceBehavior [ RunTime:0.001000s ]
INFO: [ app_end ] --END-- [ RunTime:0.001000s ]

[ 2015-05-27T22:19:46+08:00 ] ::1 /stu/index.php/Tec/Article/search.html
INFO: [ app_init ] --START--
INFO: Run Behavior\BuildLiteBehavior [ RunTime:0.000000s ]
INFO: [ app_init ] --END-- [ RunTime:0.000000s ]
INFO: [ app_begin ] --START--
INFO: Run Behavior\ReadHtmlCacheBehavior [ RunTime:0.000000s ]
INFO: [ app_begin ] --END-- [ RunTime:0.000000s ]
INFO: [ view_parse ] --START--
INFO: [ template_filter ] --START--
INFO: Run Behavior\ContentReplaceBehavior [ RunTime:0.000000s ]
INFO: [ template_filter ] --END-- [ RunTime:0.000000s ]
NOTIC: [8] Undefined variable: name D:\WWW\stu\Application\Runtime\Cache\Tec\08d623f7f2d7674b45c3a38776611eb8.php 第 27 行.
NOTIC: [8] Undefined variable: id D:\WWW\stu\Application\Runtime\Cache\Tec\08d623f7f2d7674b45c3a38776611eb8.php 第 104 行.
NOTIC: [8] Undefined variable: id D:\WWW\stu\Application\Runtime\Cache\Tec\08d623f7f2d7674b45c3a38776611eb8.php 第 110 行.
NOTIC: [8] Undefined variable: id D:\WWW\stu\Application\Runtime\Cache\Tec\08d623f7f2d7674b45c3a38776611eb8.php 第 111 行.
INFO: Run Behavior\ParseTemplateBehavior [ RunTime:0.008000s ]
INFO: [ view_parse ] --END-- [ RunTime:0.008000s ]
INFO: [ view_filter ] --START--
INFO: Run Behavior\WriteHtmlCacheBehavior [ RunTime:0.000000s ]
INFO: [ view_filter ] --END-- [ RunTime:0.000000s ]
INFO: [ app_end ] --START--
INFO: Run Behavior\ShowPageTraceBehavior [ RunTime:0.001000s ]
INFO: [ app_end ] --END-- [ RunTime:0.001000s ]

[ 2015-05-27T22:19:47+08:00 ] ::1 /stu/index.php/Tec/Article/wait.html
INFO: [ app_init ] --START--
INFO: Run Behavior\BuildLiteBehavior [ RunTime:0.000000s ]
INFO: [ app_init ] --END-- [ RunTime:0.000000s ]
INFO: [ app_begin ] --START--
INFO: Run Behavior\ReadHtmlCacheBehavior [ RunTime:0.001000s ]
INFO: [ app_begin ] --END-- [ RunTime:0.001000s ]
INFO: [ view_parse ] --START--
INFO: [ template_filter ] --START--
INFO: Run Behavior\ContentReplaceBehavior [ RunTime:0.000000s ]
INFO: [ template_filter ] --END-- [ RunTime:0.001000s ]
NOTIC: [8] Undefined variable: name D:\WWW\stu\Application\Runtime\Cache\Tec\1f5a09f01b41faf18cd35b68b84e5f3e.php 第 27 行.
NOTIC: [8] Undefined variable: num D:\WWW\stu\Application\Runtime\Cache\Tec\1f5a09f01b41faf18cd35b68b84e5f3e.php 第 78 行.
INFO: Run Behavior\ParseTemplateBehavior [ RunTime:0.012001s ]
INFO: [ view_parse ] --END-- [ RunTime:0.012001s ]
INFO: [ view_filter ] --START--
INFO: Run Behavior\WriteHtmlCacheBehavior [ RunTime:0.001000s ]
INFO: [ view_filter ] --END-- [ RunTime:0.001000s ]
INFO: [ app_end ] --START--
INFO: Run Behavior\ShowPageTraceBehavior [ RunTime:0.001000s ]
INFO: [ app_end ] --END-- [ RunTime:0.001000s ]

[ 2015-05-27T22:19:47+08:00 ] ::1 /stu/index.php/Tec/Article/set.html
INFO: [ app_init ] --START--
INFO: Run Behavior\BuildLiteBehavior [ RunTime:0.000000s ]
INFO: [ app_init ] --END-- [ RunTime:0.000000s ]
INFO: [ app_begin ] --START--
INFO: Run Behavior\ReadHtmlCacheBehavior [ RunTime:0.001000s ]
INFO: [ app_begin ] --END-- [ RunTime:0.001000s ]
INFO: [ view_parse ] --START--
INFO: [ template_filter ] --START--
INFO: Run Behavior\ContentReplaceBehavior [ RunTime:0.000000s ]
INFO: [ template_filter ] --END-- [ RunTime:0.000000s ]
NOTIC: [8] Undefined variable: name D:\WWW\stu\Application\Runtime\Cache\Tec\f181a5cb81ed64917746b4f6ba3f07b4.php 第 27 行.
NOTIC: [8] Undefined variable: num D:\WWW\stu\Application\Runtime\Cache\Tec\f181a5cb81ed64917746b4f6ba3f07b4.php 第 78 行.
INFO: Run Behavior\ParseTemplateBehavior [ RunTime:0.009001s ]
INFO: [ view_parse ] --END-- [ RunTime:0.009001s ]
INFO: [ view_filter ] --START--
INFO: Run Behavior\WriteHtmlCacheBehavior [ RunTime:0.001000s ]
INFO: [ view_filter ] --END-- [ RunTime:0.001000s ]
INFO: [ app_end ] --START--
INFO: Run Behavior\ShowPageTraceBehavior [ RunTime:0.000000s ]
INFO: [ app_end ] --END-- [ RunTime:0.000000s ]

[ 2015-05-27T22:19:49+08:00 ] ::1 /stu/index.php/Tec/User/upinfo.html
INFO: [ app_init ] --START--
INFO: Run Behavior\BuildLiteBehavior [ RunTime:0.000000s ]
INFO: [ app_init ] --END-- [ RunTime:0.000000s ]
INFO: [ app_begin ] --START--
INFO: Run Behavior\ReadHtmlCacheBehavior [ RunTime:0.000000s ]
INFO: [ app_begin ] --END-- [ RunTime:0.000000s ]
INFO: [ view_parse ] --START--
INFO: [ template_filter ] --START--
INFO: Run Behavior\ContentReplaceBehavior [ RunTime:0.000000s ]
INFO: [ template_filter ] --END-- [ RunTime:0.000000s ]
NOTIC: [8] Undefined variable: name D:\WWW\stu\Application\Runtime\Cache\Tec\66bd6015d9c411672a9733ce0bb6af46.php 第 27 行.
INFO: Run Behavior\ParseTemplateBehavior [ RunTime:0.008000s ]
INFO: [ view_parse ] --END-- [ RunTime:0.008000s ]
INFO: [ view_filter ] --START--
INFO: Run Behavior\WriteHtmlCacheBehavior [ RunTime:0.000000s ]
INFO: [ view_filter ] --END-- [ RunTime:0.000000s ]
INFO: [ app_end ] --START--
INFO: Run Behavior\ShowPageTraceBehavior [ RunTime:0.001000s ]
INFO: [ app_end ] --END-- [ RunTime:0.001000s ]

[ 2015-05-27T22:19:49+08:00 ] ::1 /stu/index.php/Tec/Article/wait.html
INFO: [ app_init ] --START--
INFO: Run Behavior\BuildLiteBehavior [ RunTime:0.000000s ]
INFO: [ app_init ] --END-- [ RunTime:0.001000s ]
INFO: [ app_begin ] --START--
INFO: Run Behavior\ReadHtmlCacheBehavior [ RunTime:0.001000s ]
INFO: [ app_begin ] --END-- [ RunTime:0.004000s ]
INFO: [ view_parse ] --START--
INFO: [ template_filter ] --START--
INFO: Run Behavior\ContentReplaceBehavior [ RunTime:0.000000s ]
INFO: [ template_filter ] --END-- [ RunTime:0.000000s ]
NOTIC: [8] Undefined variable: name D:\WWW\stu\Application\Runtime\Cache\Tec\1f5a09f01b41faf18cd35b68b84e5f3e.php 第 27 行.
NOTIC: [8] Undefined variable: num D:\WWW\stu\Application\Runtime\Cache\Tec\1f5a09f01b41faf18cd35b68b84e5f3e.php 第 78 行.
INFO: Run Behavior\ParseTemplateBehavior [ RunTime:0.008001s ]
INFO: [ view_parse ] --END-- [ RunTime:0.008001s ]
INFO: [ view_filter ] --START--
INFO: Run Behavior\WriteHtmlCacheBehavior [ RunTime:0.000000s ]
INFO: [ view_filter ] --END-- [ RunTime:0.000000s ]
INFO: [ app_end ] --START--
INFO: Run Behavior\ShowPageTraceBehavior [ RunTime:0.000000s ]
INFO: [ app_end ] --END-- [ RunTime:0.000000s ]

[ 2015-05-27T22:19:50+08:00 ] ::1 /stu/index.php/Tec/Sys/index.html
INFO: [ app_init ] --START--
INFO: Run Behavior\BuildLiteBehavior [ RunTime:0.000000s ]
INFO: [ app_init ] --END-- [ RunTime:0.000000s ]
INFO: [ app_begin ] --START--
INFO: Run Behavior\ReadHtmlCacheBehavior [ RunTime:0.001000s ]
INFO: [ app_begin ] --END-- [ RunTime:0.001000s ]
INFO: [ view_parse ] --START--
INFO: [ template_filter ] --START--
INFO: Run Behavior\ContentReplaceBehavior [ RunTime:0.000000s ]
INFO: [ template_filter ] --END-- [ RunTime:0.000000s ]
INFO: Run Behavior\ParseTemplateBehavior [ RunTime:0.006001s ]
INFO: [ view_parse ] --END-- [ RunTime:0.006001s ]
INFO: [ view_filter ] --START--
INFO: Run Behavior\WriteHtmlCacheBehavior [ RunTime:0.001000s ]
INFO: [ view_filter ] --END-- [ RunTime:0.001000s ]
INFO: [ app_end ] --START--
INFO: Run Behavior\ShowPageTraceBehavior [ RunTime:0.000000s ]
INFO: [ app_end ] --END-- [ RunTime:0.000000s ]

