[ 2015-06-11T12:27:21+08:00 ] ::1 /stu/index.php/tec
INFO: [ app_init ] --START--
INFO: Run Behavior\BuildLiteBehavior [ RunTime:0.000000s ]
INFO: [ app_init ] --END-- [ RunTime:0.010000s ]
INFO: [ app_begin ] --START--
INFO: Run Behavior\ReadHtmlCacheBehavior [ RunTime:0.000000s ]
INFO: [ app_begin ] --END-- [ RunTime:0.000000s ]
SQL: SHOW COLUMNS FROM `mix` [ RunTime:0.0050s ]
SQL: SELECT COUNT(*) AS tp_count FROM `mix` WHERE `stu_id` = 1 AND `status` IN ('1') LIMIT 1   [ RunTime:0.0010s ]
SQL: SELECT * FROM `mix` WHERE `stu_id` = 1 AND `status` IN ('1') LIMIT 0,10   [ RunTime:0.0000s ]
SQL: SHOW COLUMNS FROM `stu` [ RunTime:0.0040s ]
SQL: SELECT * FROM `stu` WHERE ( stu_id=1 ) LIMIT 0,10   [ RunTime:0.0010s ]
SQL: SHOW COLUMNS FROM `status` [ RunTime:0.0030s ]
SQL: SELECT `status_name` FROM `status` WHERE `status` = 1  [ RunTime:0.0000s ]
SQL: SELECT `status_name` FROM `status` WHERE `status` = 4  [ RunTime:0.0010s ]
INFO: [ view_parse ] --START--
INFO: [ template_filter ] --START--
INFO: Run Behavior\ContentReplaceBehavior [ RunTime:0.000000s ]
INFO: [ template_filter ] --END-- [ RunTime:0.000000s ]
NOTIC: [8] Undefined variable: name D:\WWW\stu\Application\Runtime\Cache\Tec\5f624b5d971a777208b44644c53daf2c.php 第 33 行.
INFO: Run Behavior\ParseTemplateBehavior [ RunTime:0.044003s ]
INFO: [ view_parse ] --END-- [ RunTime:0.044003s ]
INFO: [ view_filter ] --START--
INFO: Run Behavior\WriteHtmlCacheBehavior [ RunTime:0.001000s ]
INFO: [ view_filter ] --END-- [ RunTime:0.001000s ]
INFO: [ app_end ] --START--
INFO: Run Behavior\ShowPageTraceBehavior [ RunTime:0.000000s ]
INFO: [ app_end ] --END-- [ RunTime:0.000000s ]

[ 2015-06-11T12:28:05+08:00 ] ::1 /stu/index.php/Tec/Article/wait.html
INFO: [ app_init ] --START--
INFO: Run Behavior\BuildLiteBehavior [ RunTime:0.000000s ]
INFO: [ app_init ] --END-- [ RunTime:0.001000s ]
INFO: [ app_begin ] --START--
INFO: Run Behavior\ReadHtmlCacheBehavior [ RunTime:0.000000s ]
INFO: [ app_begin ] --END-- [ RunTime:0.000000s ]
SQL: SHOW COLUMNS FROM `mix` [ RunTime:0.0030s ]
SQL: SELECT * FROM `mix` WHERE `status` = 1  [ RunTime:0.0010s ]
SQL: SHOW COLUMNS FROM `stu` [ RunTime:0.0050s ]
SQL: SHOW COLUMNS FROM `status` [ RunTime:0.0040s ]
SQL: SELECT `status_name` FROM `status` WHERE `status` = 1  [ RunTime:0.0000s ]
SQL: SELECT `stu_id`,`name`,`student_id`,`gender`,`major`,`political_status`,`nation`,`country`,`birth`,`id_card`,`phone`,`health`,`address`,`home_phone`,`zipcode`,`email`,`grade` FROM `stu` WHERE `stu_id` = 1  [ RunTime:0.0000s ]
SQL: SELECT `status_name` FROM `status` WHERE `status` = 1  [ RunTime:0.0010s ]
SQL: SELECT `stu_id`,`name`,`student_id`,`gender`,`major`,`political_status`,`nation`,`country`,`birth`,`id_card`,`phone`,`health`,`address`,`home_phone`,`zipcode`,`email`,`grade` FROM `stu` WHERE `stu_id` = 1  [ RunTime:0.0000s ]
INFO: [ view_parse ] --START--
INFO: [ template_filter ] --START--
INFO: Run Behavior\ContentReplaceBehavior [ RunTime:0.000000s ]
INFO: [ template_filter ] --END-- [ RunTime:0.000000s ]
NOTIC: [8] Undefined variable: name D:\WWW\stu\Application\Runtime\Cache\Tec\1f5a09f01b41faf18cd35b68b84e5f3e.php 第 27 行.
INFO: Run Behavior\ParseTemplateBehavior [ RunTime:0.070004s ]
INFO: [ view_parse ] --END-- [ RunTime:0.070004s ]
INFO: [ view_filter ] --START--
INFO: Run Behavior\WriteHtmlCacheBehavior [ RunTime:0.001000s ]
INFO: [ view_filter ] --END-- [ RunTime:0.001000s ]
INFO: [ app_end ] --START--
INFO: Run Behavior\ShowPageTraceBehavior [ RunTime:0.000000s ]
INFO: [ app_end ] --END-- [ RunTime:0.000000s ]

[ 2015-06-11T12:28:11+08:00 ] ::1 /stu/index.php/Tec/Article/set.html
INFO: [ app_init ] --START--
INFO: Run Behavior\BuildLiteBehavior [ RunTime:0.000000s ]
INFO: [ app_init ] --END-- [ RunTime:0.000000s ]
INFO: [ app_begin ] --START--
INFO: Run Behavior\ReadHtmlCacheBehavior [ RunTime:0.001000s ]
INFO: [ app_begin ] --END-- [ RunTime:0.001000s ]
SQL: SHOW COLUMNS FROM `mix` [ RunTime:0.0160s ]
SQL: SELECT * FROM `mix` WHERE `status` = 2  [ RunTime:0.0000s ]
SQL: SHOW COLUMNS FROM `stu` [ RunTime:0.0050s ]
SQL: SHOW COLUMNS FROM `status` [ RunTime:0.0090s ]
SQL: SELECT `status_name` FROM `status` WHERE `status` = 2  [ RunTime:0.0000s ]
SQL: SELECT `stu_id`,`name`,`student_id`,`gender`,`major`,`political_status`,`nation`,`country`,`birth`,`id_card`,`phone`,`health`,`address`,`home_phone`,`zipcode`,`email`,`grade` FROM `stu` WHERE `stu_id` = 1  [ RunTime:0.0010s ]
INFO: [ view_parse ] --START--
INFO: [ template_filter ] --START--
INFO: Run Behavior\ContentReplaceBehavior [ RunTime:0.000000s ]
INFO: [ template_filter ] --END-- [ RunTime:0.000000s ]
NOTIC: [8] Undefined variable: name D:\WWW\stu\Application\Runtime\Cache\Tec\f181a5cb81ed64917746b4f6ba3f07b4.php 第 27 行.
INFO: Run Behavior\ParseTemplateBehavior [ RunTime:0.027002s ]
INFO: [ view_parse ] --END-- [ RunTime:0.027002s ]
INFO: [ view_filter ] --START--
INFO: Run Behavior\WriteHtmlCacheBehavior [ RunTime:0.000000s ]
INFO: [ view_filter ] --END-- [ RunTime:0.000000s ]
INFO: [ app_end ] --START--
INFO: Run Behavior\ShowPageTraceBehavior [ RunTime:0.001000s ]
INFO: [ app_end ] --END-- [ RunTime:0.001000s ]

[ 2015-06-11T12:28:13+08:00 ] ::1 /stu/index.php/Tec/Article/setinfo.html
INFO: [ app_init ] --START--
INFO: Run Behavior\BuildLiteBehavior [ RunTime:0.000000s ]
INFO: [ app_init ] --END-- [ RunTime:0.000000s ]
INFO: [ app_begin ] --START--
INFO: Run Behavior\ReadHtmlCacheBehavior [ RunTime:0.000000s ]
INFO: [ app_begin ] --END-- [ RunTime:0.000000s ]
INFO: [ view_parse ] --START--
INFO: [ template_filter ] --START--
INFO: Run Behavior\ContentReplaceBehavior [ RunTime:0.000000s ]
INFO: [ template_filter ] --END-- [ RunTime:0.000000s ]
NOTIC: [8] Undefined variable: name D:\WWW\stu\Application\Runtime\Cache\Tec\efa7def092e951e2bb3a6ef1df6f8e56.php 第 27 行.
NOTIC: [8] Undefined variable: count D:\WWW\stu\Application\Runtime\Cache\Tec\efa7def092e951e2bb3a6ef1df6f8e56.php 第 79 行.
NOTIC: [8] Undefined variable: moban_info D:\WWW\stu\Application\Runtime\Cache\Tec\efa7def092e951e2bb3a6ef1df6f8e56.php 第 95 行.
INFO: Run Behavior\ParseTemplateBehavior [ RunTime:0.023001s ]
INFO: [ view_parse ] --END-- [ RunTime:0.023001s ]
INFO: [ view_filter ] --START--
INFO: Run Behavior\WriteHtmlCacheBehavior [ RunTime:0.000000s ]
INFO: [ view_filter ] --END-- [ RunTime:0.000000s ]
INFO: [ app_end ] --START--
INFO: Run Behavior\ShowPageTraceBehavior [ RunTime:0.000000s ]
INFO: [ app_end ] --END-- [ RunTime:0.000000s ]

[ 2015-06-11T12:28:16+08:00 ] ::1 /stu/index.php/Tec/Article/wait.html
INFO: [ app_init ] --START--
INFO: Run Behavior\BuildLiteBehavior [ RunTime:0.000000s ]
INFO: [ app_init ] --END-- [ RunTime:0.001000s ]
INFO: [ app_begin ] --START--
INFO: Run Behavior\ReadHtmlCacheBehavior [ RunTime:0.001000s ]
INFO: [ app_begin ] --END-- [ RunTime:0.001000s ]
SQL: SHOW COLUMNS FROM `mix` [ RunTime:0.0030s ]
SQL: SELECT * FROM `mix` WHERE `status` = 1  [ RunTime:0.0000s ]
SQL: SHOW COLUMNS FROM `stu` [ RunTime:0.0050s ]
SQL: SHOW COLUMNS FROM `status` [ RunTime:0.0030s ]
SQL: SELECT `status_name` FROM `status` WHERE `status` = 1  [ RunTime:0.0010s ]
SQL: SELECT `stu_id`,`name`,`student_id`,`gender`,`major`,`political_status`,`nation`,`country`,`birth`,`id_card`,`phone`,`health`,`address`,`home_phone`,`zipcode`,`email`,`grade` FROM `stu` WHERE `stu_id` = 1  [ RunTime:0.0000s ]
SQL: SELECT `status_name` FROM `status` WHERE `status` = 1  [ RunTime:0.0010s ]
SQL: SELECT `stu_id`,`name`,`student_id`,`gender`,`major`,`political_status`,`nation`,`country`,`birth`,`id_card`,`phone`,`health`,`address`,`home_phone`,`zipcode`,`email`,`grade` FROM `stu` WHERE `stu_id` = 1  [ RunTime:0.0000s ]
INFO: [ view_parse ] --START--
INFO: [ template_filter ] --START--
INFO: Run Behavior\ContentReplaceBehavior [ RunTime:0.000000s ]
INFO: [ template_filter ] --END-- [ RunTime:0.000000s ]
NOTIC: [8] Undefined variable: name D:\WWW\stu\Application\Runtime\Cache\Tec\1f5a09f01b41faf18cd35b68b84e5f3e.php 第 27 行.
INFO: Run Behavior\ParseTemplateBehavior [ RunTime:0.010000s ]
INFO: [ view_parse ] --END-- [ RunTime:0.010000s ]
INFO: [ view_filter ] --START--
INFO: Run Behavior\WriteHtmlCacheBehavior [ RunTime:0.000000s ]
INFO: [ view_filter ] --END-- [ RunTime:0.000000s ]
INFO: [ app_end ] --START--
INFO: Run Behavior\ShowPageTraceBehavior [ RunTime:0.001000s ]
INFO: [ app_end ] --END-- [ RunTime:0.001000s ]

[ 2015-06-11T12:28:21+08:00 ] ::1 /stu/index.php/Tec/Article/search.html
INFO: [ app_init ] --START--
INFO: Run Behavior\BuildLiteBehavior [ RunTime:0.000000s ]
INFO: [ app_init ] --END-- [ RunTime:0.000000s ]
INFO: [ app_begin ] --START--
INFO: Run Behavior\ReadHtmlCacheBehavior [ RunTime:0.000000s ]
INFO: [ app_begin ] --END-- [ RunTime:0.000000s ]
INFO: [ view_parse ] --START--
INFO: [ template_filter ] --START--
INFO: Run Behavior\ContentReplaceBehavior [ RunTime:0.001000s ]
INFO: [ template_filter ] --END-- [ RunTime:0.001000s ]
NOTIC: [8] Undefined variable: name D:\WWW\stu\Application\Runtime\Cache\Tec\08d623f7f2d7674b45c3a38776611eb8.php 第 27 行.
NOTIC: [8] Undefined variable: id D:\WWW\stu\Application\Runtime\Cache\Tec\08d623f7f2d7674b45c3a38776611eb8.php 第 105 行.
NOTIC: [8] Undefined variable: id D:\WWW\stu\Application\Runtime\Cache\Tec\08d623f7f2d7674b45c3a38776611eb8.php 第 111 行.
NOTIC: [8] Undefined variable: id D:\WWW\stu\Application\Runtime\Cache\Tec\08d623f7f2d7674b45c3a38776611eb8.php 第 112 行.
INFO: Run Behavior\ParseTemplateBehavior [ RunTime:0.099005s ]
INFO: [ view_parse ] --END-- [ RunTime:0.099005s ]
INFO: [ view_filter ] --START--
INFO: Run Behavior\WriteHtmlCacheBehavior [ RunTime:0.000000s ]
INFO: [ view_filter ] --END-- [ RunTime:0.000000s ]
INFO: [ app_end ] --START--
INFO: Run Behavior\ShowPageTraceBehavior [ RunTime:0.001000s ]
INFO: [ app_end ] --END-- [ RunTime:0.001000s ]

[ 2015-06-11T17:38:03+08:00 ] ::1 /stu/index.php/tec/Index/index.html
INFO: [ app_init ] --START--
INFO: Run Behavior\BuildLiteBehavior [ RunTime:0.000000s ]
INFO: [ app_init ] --END-- [ RunTime:0.000000s ]
INFO: [ app_begin ] --START--
INFO: Run Behavior\ReadHtmlCacheBehavior [ RunTime:0.000000s ]
INFO: [ app_begin ] --END-- [ RunTime:0.000000s ]
SQL: SHOW COLUMNS FROM `mix` [ RunTime:0.0050s ]
SQL: SELECT COUNT(*) AS tp_count FROM `mix` WHERE `stu_id` = 1 AND `status` IN ('1') LIMIT 1   [ RunTime:0.0020s ]
SQL: SELECT * FROM `mix` WHERE `stu_id` = 1 AND `status` IN ('1') LIMIT 0,10   [ RunTime:0.0010s ]
SQL: SHOW COLUMNS FROM `stu` [ RunTime:0.0050s ]
SQL: SELECT * FROM `stu` WHERE ( stu_id=1 ) LIMIT 0,10   [ RunTime:0.0000s ]
SQL: SHOW COLUMNS FROM `status` [ RunTime:0.0030s ]
SQL: SELECT `status_name` FROM `status` WHERE `status` = 1  [ RunTime:0.0010s ]
SQL: SELECT `status_name` FROM `status` WHERE `status` = 4  [ RunTime:0.0030s ]
INFO: [ view_parse ] --START--
INFO: [ template_filter ] --START--
INFO: Run Behavior\ContentReplaceBehavior [ RunTime:0.000000s ]
INFO: [ template_filter ] --END-- [ RunTime:0.000000s ]
NOTIC: [8] Undefined variable: name D:\WWW\stu\Application\Runtime\Cache\Tec\5f624b5d971a777208b44644c53daf2c.php 第 33 行.
INFO: Run Behavior\ParseTemplateBehavior [ RunTime:0.271016s ]
INFO: [ view_parse ] --END-- [ RunTime:0.271016s ]
INFO: [ view_filter ] --START--
INFO: Run Behavior\WriteHtmlCacheBehavior [ RunTime:0.000000s ]
INFO: [ view_filter ] --END-- [ RunTime:0.000000s ]
INFO: [ app_end ] --START--
INFO: Run Behavior\ShowPageTraceBehavior [ RunTime:0.001000s ]
INFO: [ app_end ] --END-- [ RunTime:0.001000s ]

[ 2015-06-11T17:38:10+08:00 ] ::1 /stu/index.php/Tec/Article/wait.html
INFO: [ app_init ] --START--
INFO: Run Behavior\BuildLiteBehavior [ RunTime:0.000000s ]
INFO: [ app_init ] --END-- [ RunTime:0.000000s ]
INFO: [ app_begin ] --START--
INFO: Run Behavior\ReadHtmlCacheBehavior [ RunTime:0.002000s ]
INFO: [ app_begin ] --END-- [ RunTime:0.002000s ]
SQL: SHOW COLUMNS FROM `mix` [ RunTime:0.0040s ]
NOTIC: [8] Undefined variable: stu_id D:\WWW\stu\Application\Tec\Controller\ArticleController.class.php 第 18 行.
SQL: SELECT COUNT(*) AS tp_count FROM `mix` WHERE `stu_id` = null AND `status` IN ('1') LIMIT 1   [ RunTime:0.0010s ]

[ 2015-06-11T17:38:21+08:00 ] ::1 /stu/index.php/Tec/Article/wait.html
INFO: [ app_init ] --START--
INFO: Run Behavior\BuildLiteBehavior [ RunTime:0.000000s ]
INFO: [ app_init ] --END-- [ RunTime:0.001000s ]
INFO: [ app_begin ] --START--
INFO: Run Behavior\ReadHtmlCacheBehavior [ RunTime:0.001000s ]
INFO: [ app_begin ] --END-- [ RunTime:0.001000s ]
SQL: SHOW COLUMNS FROM `mix` [ RunTime:0.0040s ]
NOTIC: [8] Undefined variable: stu_id D:\WWW\stu\Application\Tec\Controller\ArticleController.class.php 第 19 行.
SQL: SELECT COUNT(*) AS tp_count FROM `mix` WHERE `stu_id` = null AND `status` IN ('1') LIMIT 1   [ RunTime:0.0010s ]
SQL: SELECT * FROM `mix` WHERE `stu_id` = null AND `status` IN ('1') LIMIT 0,10   [ RunTime:0.0010s ]
SQL: SHOW COLUMNS FROM `stu` [ RunTime:0.0040s ]
NOTIC: [8] Undefined variable: stu_id D:\WWW\stu\Application\Tec\Controller\ArticleController.class.php 第 32 行.
ERR: SQLSTATE[42000]: Syntax error or access violation: 1064 You have an error in your SQL syntax; check the manual that corresponds to your MySQL server version for the right syntax to use near ') LIMIT 0,10' at line 1

[ 2015-06-11T17:38:50+08:00 ] ::1 /stu/index.php/Tec/Article/wait.html
INFO: [ app_init ] --START--
INFO: Run Behavior\BuildLiteBehavior [ RunTime:0.000000s ]
INFO: [ app_init ] --END-- [ RunTime:0.000000s ]
INFO: [ app_begin ] --START--
INFO: Run Behavior\ReadHtmlCacheBehavior [ RunTime:0.001000s ]
INFO: [ app_begin ] --END-- [ RunTime:0.001000s ]
SQL: SHOW COLUMNS FROM `mix` [ RunTime:0.0360s ]
NOTIC: [8] Undefined variable: stu_id D:\WWW\stu\Application\Tec\Controller\ArticleController.class.php 第 19 行.
SQL: SELECT COUNT(*) AS tp_count FROM `mix` WHERE `stu_id` = null AND `status` = 1 LIMIT 1   [ RunTime:0.0010s ]
SQL: SELECT * FROM `mix` WHERE `stu_id` = null AND `status` = 1 LIMIT 0,10   [ RunTime:0.0000s ]
SQL: SHOW COLUMNS FROM `stu` [ RunTime:0.0050s ]
NOTIC: [8] Undefined variable: stu_id D:\WWW\stu\Application\Tec\Controller\ArticleController.class.php 第 32 行.
ERR: SQLSTATE[42000]: Syntax error or access violation: 1064 You have an error in your SQL syntax; check the manual that corresponds to your MySQL server version for the right syntax to use near ') LIMIT 0,10' at line 1

[ 2015-06-11T17:38:59+08:00 ] ::1 /stu/index.php/Tec/Article/wait.html
INFO: [ app_init ] --START--
INFO: Run Behavior\BuildLiteBehavior [ RunTime:0.000000s ]
INFO: [ app_init ] --END-- [ RunTime:0.000000s ]
INFO: [ app_begin ] --START--
INFO: Run Behavior\ReadHtmlCacheBehavior [ RunTime:0.001000s ]
INFO: [ app_begin ] --END-- [ RunTime:0.001000s ]
INFO: [ view_parse ] --START--
INFO: [ template_filter ] --START--
INFO: Run Behavior\ContentReplaceBehavior [ RunTime:0.000000s ]
INFO: [ template_filter ] --END-- [ RunTime:0.000000s ]
NOTIC: [8] Undefined variable: name D:\WWW\stu\Application\Runtime\Cache\Tec\1f5a09f01b41faf18cd35b68b84e5f3e.php 第 27 行.
NOTIC: [8] Undefined variable: count D:\WWW\stu\Application\Runtime\Cache\Tec\1f5a09f01b41faf18cd35b68b84e5f3e.php 第 79 行.
NOTIC: [8] Undefined variable: moban_info D:\WWW\stu\Application\Runtime\Cache\Tec\1f5a09f01b41faf18cd35b68b84e5f3e.php 第 100 行.
INFO: Run Behavior\ParseTemplateBehavior [ RunTime:0.067004s ]
INFO: [ view_parse ] --END-- [ RunTime:0.067004s ]
INFO: [ view_filter ] --START--
INFO: Run Behavior\WriteHtmlCacheBehavior [ RunTime:0.000000s ]
INFO: [ view_filter ] --END-- [ RunTime:0.000000s ]
INFO: [ app_end ] --START--
INFO: Run Behavior\ShowPageTraceBehavior [ RunTime:0.001000s ]
INFO: [ app_end ] --END-- [ RunTime:0.001000s ]

[ 2015-06-11T17:39:18+08:00 ] ::1 /stu/index.php/Tec/Article/wait.html
INFO: [ app_init ] --START--
INFO: Run Behavior\BuildLiteBehavior [ RunTime:0.000000s ]
INFO: [ app_init ] --END-- [ RunTime:0.000000s ]
INFO: [ app_begin ] --START--
INFO: Run Behavior\ReadHtmlCacheBehavior [ RunTime:0.001000s ]
INFO: [ app_begin ] --END-- [ RunTime:0.001000s ]
SQL: SHOW COLUMNS FROM `mix` [ RunTime:0.0040s ]
NOTIC: [8] Undefined variable: stu_id D:\WWW\stu\Application\Tec\Controller\ArticleController.class.php 第 19 行.
SQL: SELECT COUNT(*) AS tp_count FROM `mix` WHERE `stu_id` = null AND `status` = 1 LIMIT 1   [ RunTime:0.0010s ]
SQL: SHOW COLUMNS FROM `stu` [ RunTime:0.0040s ]
NOTIC: [8] Undefined variable: stu_id D:\WWW\stu\Application\Tec\Controller\ArticleController.class.php 第 32 行.
ERR: SQLSTATE[42000]: Syntax error or access violation: 1064 You have an error in your SQL syntax; check the manual that corresponds to your MySQL server version for the right syntax to use near ') LIMIT 0,10' at line 1

[ 2015-06-11T17:39:26+08:00 ] ::1 /stu/index.php/Tec/Article/wait.html
INFO: [ app_init ] --START--
INFO: Run Behavior\BuildLiteBehavior [ RunTime:0.000000s ]
INFO: [ app_init ] --END-- [ RunTime:0.001000s ]
INFO: [ app_begin ] --START--
INFO: Run Behavior\ReadHtmlCacheBehavior [ RunTime:0.000000s ]
INFO: [ app_begin ] --END-- [ RunTime:0.000000s ]
SQL: SHOW COLUMNS FROM `mix` [ RunTime:0.0030s ]
NOTIC: [8] Undefined variable: stu_id D:\WWW\stu\Application\Tec\Controller\ArticleController.class.php 第 19 行.
SQL: SELECT COUNT(*) AS tp_count FROM `mix` WHERE `stu_id` = null AND `status` = 1 LIMIT 1   [ RunTime:0.0000s ]
SQL: SELECT * FROM `mix` WHERE `stu_id` = null AND `status` = 1 LIMIT 0,10   [ RunTime:0.0000s ]
NOTIC: [8] Undefined variable: moban_info D:\WWW\stu\Application\Tec\Controller\ArticleController.class.php 第 51 行.
INFO: [ view_parse ] --START--
INFO: [ template_filter ] --START--
INFO: Run Behavior\ContentReplaceBehavior [ RunTime:0.000000s ]
INFO: [ template_filter ] --END-- [ RunTime:0.000000s ]
NOTIC: [8] Undefined variable: name D:\WWW\stu\Application\Runtime\Cache\Tec\1f5a09f01b41faf18cd35b68b84e5f3e.php 第 27 行.
INFO: Run Behavior\ParseTemplateBehavior [ RunTime:0.023002s ]
INFO: [ view_parse ] --END-- [ RunTime:0.023002s ]
INFO: [ view_filter ] --START--
INFO: Run Behavior\WriteHtmlCacheBehavior [ RunTime:0.001000s ]
INFO: [ view_filter ] --END-- [ RunTime:0.001000s ]
INFO: [ app_end ] --START--
INFO: Run Behavior\ShowPageTraceBehavior [ RunTime:0.000000s ]
INFO: [ app_end ] --END-- [ RunTime:0.000000s ]

[ 2015-06-11T17:40:26+08:00 ] ::1 /stu/index.php/Tec/Article/wait.html
INFO: [ app_init ] --START--
INFO: Run Behavior\BuildLiteBehavior [ RunTime:0.000000s ]
INFO: [ app_init ] --END-- [ RunTime:0.001000s ]
INFO: [ app_begin ] --START--
INFO: Run Behavior\ReadHtmlCacheBehavior [ RunTime:0.001000s ]
INFO: [ app_begin ] --END-- [ RunTime:0.001000s ]
SQL: SHOW COLUMNS FROM `mix` [ RunTime:0.0060s ]
NOTIC: [8] Undefined variable: stu_id D:\WWW\stu\Application\Tec\Controller\ArticleController.class.php 第 19 行.
SQL: SELECT COUNT(*) AS tp_count FROM `mix` WHERE `stu_id` = null AND `status` = 1 LIMIT 1   [ RunTime:0.0010s ]
SQL: SELECT * FROM `mix` WHERE `stu_id` = null AND `status` = 1 LIMIT 0,10   [ RunTime:0.0000s ]
SQL: SHOW COLUMNS FROM `stu` [ RunTime:0.0040s ]
NOTIC: [2] Missing argument 1 for Think\Model::where(), called in D:\WWW\stu\Application\Tec\Controller\ArticleController.class.php on line 33 and defined D:\WWW\stu\ThinkPHP\Library\Think\Model.class.php 第 1777 行.
NOTIC: [8] Undefined variable: where D:\WWW\stu\ThinkPHP\Library\Think\Model.class.php 第 1785 行.
NOTIC: [8] Undefined variable: where D:\WWW\stu\ThinkPHP\Library\Think\Model.class.php 第 1788 行.
NOTIC: [8] Undefined variable: where D:\WWW\stu\ThinkPHP\Library\Think\Model.class.php 第 1796 行.
SQL: SELECT * FROM `stu` LIMIT 0,10   [ RunTime:0.0000s ]
NOTIC: [8] Undefined variable: moban_info D:\WWW\stu\Application\Tec\Controller\ArticleController.class.php 第 52 行.
INFO: [ view_parse ] --START--
INFO: [ template_filter ] --START--
INFO: Run Behavior\ContentReplaceBehavior [ RunTime:0.000000s ]
INFO: [ template_filter ] --END-- [ RunTime:0.000000s ]
NOTIC: [8] Undefined variable: name D:\WWW\stu\Application\Runtime\Cache\Tec\1f5a09f01b41faf18cd35b68b84e5f3e.php 第 27 行.
INFO: Run Behavior\ParseTemplateBehavior [ RunTime:0.009001s ]
INFO: [ view_parse ] --END-- [ RunTime:0.009001s ]
INFO: [ view_filter ] --START--
INFO: Run Behavior\WriteHtmlCacheBehavior [ RunTime:0.001000s ]
INFO: [ view_filter ] --END-- [ RunTime:0.001000s ]
INFO: [ app_end ] --START--
INFO: Run Behavior\ShowPageTraceBehavior [ RunTime:0.000000s ]
INFO: [ app_end ] --END-- [ RunTime:0.001000s ]

[ 2015-06-11T17:40:49+08:00 ] ::1 /stu/index.php/Tec/Article/wait.html
INFO: [ app_init ] --START--
INFO: Run Behavior\BuildLiteBehavior [ RunTime:0.000000s ]
INFO: [ app_init ] --END-- [ RunTime:0.001000s ]
INFO: [ app_begin ] --START--
INFO: Run Behavior\ReadHtmlCacheBehavior [ RunTime:0.002000s ]
INFO: [ app_begin ] --END-- [ RunTime:0.002000s ]
SQL: SHOW COLUMNS FROM `mix` [ RunTime:0.0040s ]
SQL: SELECT COUNT(*) AS tp_count FROM `mix` WHERE `status` = 1 LIMIT 1   [ RunTime:0.0000s ]
SQL: SELECT * FROM `mix` WHERE `status` = 1 LIMIT 0,10   [ RunTime:0.0000s ]
SQL: SHOW COLUMNS FROM `stu` [ RunTime:0.0040s ]
NOTIC: [2] Missing argument 1 for Think\Model::where(), called in D:\WWW\stu\Application\Tec\Controller\ArticleController.class.php on line 32 and defined D:\WWW\stu\ThinkPHP\Library\Think\Model.class.php 第 1777 行.
NOTIC: [8] Undefined variable: where D:\WWW\stu\ThinkPHP\Library\Think\Model.class.php 第 1785 行.
NOTIC: [8] Undefined variable: where D:\WWW\stu\ThinkPHP\Library\Think\Model.class.php 第 1788 行.
NOTIC: [8] Undefined variable: where D:\WWW\stu\ThinkPHP\Library\Think\Model.class.php 第 1796 行.
SQL: SELECT * FROM `stu` LIMIT 0,10   [ RunTime:0.0010s ]
SQL: SHOW COLUMNS FROM `status` [ RunTime:0.0060s ]
SQL: SELECT `status_name` FROM `status` WHERE `status` = 1  [ RunTime:0.0010s ]
SQL: SELECT `status_name` FROM `status` WHERE `status` = 4  [ RunTime:0.0010s ]
SQL: SELECT `status_name` FROM `status` WHERE `status` = 1  [ RunTime:0.0000s ]
SQL: SELECT `status_name` FROM `status` WHERE `status` = 9  [ RunTime:0.0010s ]
INFO: [ view_parse ] --START--
INFO: [ template_filter ] --START--
INFO: Run Behavior\ContentReplaceBehavior [ RunTime:0.000000s ]
INFO: [ template_filter ] --END-- [ RunTime:0.001000s ]
NOTIC: [8] Undefined variable: name D:\WWW\stu\Application\Runtime\Cache\Tec\1f5a09f01b41faf18cd35b68b84e5f3e.php 第 27 行.
INFO: Run Behavior\ParseTemplateBehavior [ RunTime:0.010001s ]
INFO: [ view_parse ] --END-- [ RunTime:0.010001s ]
INFO: [ view_filter ] --START--
INFO: Run Behavior\WriteHtmlCacheBehavior [ RunTime:0.000000s ]
INFO: [ view_filter ] --END-- [ RunTime:0.000000s ]
INFO: [ app_end ] --START--
INFO: Run Behavior\ShowPageTraceBehavior [ RunTime:0.002000s ]
INFO: [ app_end ] --END-- [ RunTime:0.002000s ]

[ 2015-06-11T17:42:06+08:00 ] ::1 /stu/index.php/Tec/Article/wait.html
INFO: [ app_init ] --START--
INFO: Run Behavior\BuildLiteBehavior [ RunTime:0.000000s ]
INFO: [ app_init ] --END-- [ RunTime:0.000000s ]
INFO: [ app_begin ] --START--
INFO: Run Behavior\ReadHtmlCacheBehavior [ RunTime:0.001000s ]
INFO: [ app_begin ] --END-- [ RunTime:0.001000s ]
SQL: SHOW COLUMNS FROM `mix` [ RunTime:0.0070s ]
SQL: SELECT COUNT(*) AS tp_count FROM `mix` WHERE `status` = 1 LIMIT 1   [ RunTime:0.0010s ]
SQL: SELECT * FROM `mix` WHERE `status` = 1 LIMIT 0,10   [ RunTime:0.0000s ]
SQL: SHOW COLUMNS FROM `stu` [ RunTime:0.0040s ]
NOTIC: [2] Missing argument 1 for Think\Model::where(), called in D:\WWW\stu\Application\Tec\Controller\ArticleController.class.php on line 32 and defined D:\WWW\stu\ThinkPHP\Library\Think\Model.class.php 第 1777 行.
NOTIC: [8] Undefined variable: where D:\WWW\stu\ThinkPHP\Library\Think\Model.class.php 第 1785 行.
NOTIC: [8] Undefined variable: where D:\WWW\stu\ThinkPHP\Library\Think\Model.class.php 第 1788 行.
NOTIC: [8] Undefined variable: where D:\WWW\stu\ThinkPHP\Library\Think\Model.class.php 第 1796 行.
SQL: SELECT * FROM `stu` LIMIT 0,10   [ RunTime:0.0010s ]
SQL: SHOW COLUMNS FROM `status` [ RunTime:0.0040s ]
SQL: SELECT `status_name` FROM `status` WHERE `status` = 1  [ RunTime:0.0020s ]
SQL: SELECT `status_name` FROM `status` WHERE `status` = 4  [ RunTime:0.0010s ]
SQL: SELECT `status_name` FROM `status` WHERE `status` = 1  [ RunTime:0.0000s ]
SQL: SELECT `status_name` FROM `status` WHERE `status` = 9  [ RunTime:0.0000s ]
INFO: [ view_parse ] --START--
INFO: [ template_filter ] --START--
INFO: Run Behavior\ContentReplaceBehavior [ RunTime:0.000000s ]
INFO: [ template_filter ] --END-- [ RunTime:0.000000s ]
NOTIC: [8] Undefined variable: name D:\WWW\stu\Application\Runtime\Cache\Tec\1f5a09f01b41faf18cd35b68b84e5f3e.php 第 27 行.
INFO: Run Behavior\ParseTemplateBehavior [ RunTime:0.011000s ]
INFO: [ view_parse ] --END-- [ RunTime:0.012000s ]
INFO: [ view_filter ] --START--
INFO: Run Behavior\WriteHtmlCacheBehavior [ RunTime:0.000000s ]
INFO: [ view_filter ] --END-- [ RunTime:0.001000s ]
INFO: [ app_end ] --START--
INFO: Run Behavior\ShowPageTraceBehavior [ RunTime:0.000000s ]
INFO: [ app_end ] --END-- [ RunTime:0.000000s ]

[ 2015-06-11T17:42:13+08:00 ] ::1 /stu/index.php/Tec/article/check/mix_id/5.html
INFO: [ app_init ] --START--
INFO: Run Behavior\BuildLiteBehavior [ RunTime:0.000000s ]
INFO: [ app_init ] --END-- [ RunTime:0.001000s ]
INFO: [ app_begin ] --START--
INFO: Run Behavior\ReadHtmlCacheBehavior [ RunTime:0.000000s ]
INFO: [ app_begin ] --END-- [ RunTime:0.000000s ]
SQL: SHOW COLUMNS FROM `mix` [ RunTime:0.0060s ]
SQL: UPDATE `mix` SET `status`='2' WHERE `mix_id` = 5 [ RunTime:0.0010s ]
INFO: [ view_parse ] --START--
INFO: [ template_filter ] --START--
INFO: Run Behavior\ContentReplaceBehavior [ RunTime:0.000000s ]
INFO: [ template_filter ] --END-- [ RunTime:0.000000s ]
INFO: Run Behavior\ParseTemplateBehavior [ RunTime:0.031001s ]
INFO: [ view_parse ] --END-- [ RunTime:0.031001s ]
INFO: [ view_filter ] --START--
INFO: Run Behavior\WriteHtmlCacheBehavior [ RunTime:0.001000s ]
INFO: [ view_filter ] --END-- [ RunTime:0.001000s ]
INFO: [ app_end ] --START--
INFO: Run Behavior\ShowPageTraceBehavior [ RunTime:0.001000s ]
INFO: [ app_end ] --END-- [ RunTime:0.001000s ]

[ 2015-06-11T17:42:15+08:00 ] ::1 /stu/index.php/Tec/article/set.html
INFO: [ app_init ] --START--
INFO: Run Behavior\BuildLiteBehavior [ RunTime:0.000000s ]
INFO: [ app_init ] --END-- [ RunTime:0.000000s ]
INFO: [ app_begin ] --START--
INFO: Run Behavior\ReadHtmlCacheBehavior [ RunTime:0.001000s ]
INFO: [ app_begin ] --END-- [ RunTime:0.001000s ]
SQL: SHOW COLUMNS FROM `mix` [ RunTime:0.0070s ]
SQL: SELECT * FROM `mix` WHERE `status` = 2  [ RunTime:0.0020s ]
SQL: SHOW COLUMNS FROM `stu` [ RunTime:0.0040s ]
SQL: SHOW COLUMNS FROM `status` [ RunTime:0.0040s ]
SQL: SELECT `status_name` FROM `status` WHERE `status` = 2  [ RunTime:0.0010s ]
SQL: SELECT `stu_id`,`name`,`student_id`,`gender`,`major`,`political_status`,`nation`,`country`,`birth`,`id_card`,`phone`,`health`,`address`,`home_phone`,`zipcode`,`email`,`grade` FROM `stu` WHERE `stu_id` = 1  [ RunTime:0.0010s ]
SQL: SELECT `status_name` FROM `status` WHERE `status` = 2  [ RunTime:0.0010s ]
SQL: SELECT `stu_id`,`name`,`student_id`,`gender`,`major`,`political_status`,`nation`,`country`,`birth`,`id_card`,`phone`,`health`,`address`,`home_phone`,`zipcode`,`email`,`grade` FROM `stu` WHERE `stu_id` = 1  [ RunTime:0.0010s ]
INFO: [ view_parse ] --START--
INFO: [ template_filter ] --START--
INFO: Run Behavior\ContentReplaceBehavior [ RunTime:0.000000s ]
INFO: [ template_filter ] --END-- [ RunTime:0.000000s ]
NOTIC: [8] Undefined variable: name D:\WWW\stu\Application\Runtime\Cache\Tec\f181a5cb81ed64917746b4f6ba3f07b4.php 第 27 行.
INFO: Run Behavior\ParseTemplateBehavior [ RunTime:0.026002s ]
INFO: [ view_parse ] --END-- [ RunTime:0.026002s ]
INFO: [ view_filter ] --START--
INFO: Run Behavior\WriteHtmlCacheBehavior [ RunTime:0.001000s ]
INFO: [ view_filter ] --END-- [ RunTime:0.001000s ]
INFO: [ app_end ] --START--
INFO: Run Behavior\ShowPageTraceBehavior [ RunTime:0.000000s ]
INFO: [ app_end ] --END-- [ RunTime:0.000000s ]

[ 2015-06-11T17:42:21+08:00 ] ::1 /stu/index.php/Tec/Article/wait.html
INFO: [ app_init ] --START--
INFO: Run Behavior\BuildLiteBehavior [ RunTime:0.000000s ]
INFO: [ app_init ] --END-- [ RunTime:0.000000s ]
INFO: [ app_begin ] --START--
INFO: Run Behavior\ReadHtmlCacheBehavior [ RunTime:0.000000s ]
INFO: [ app_begin ] --END-- [ RunTime:0.001000s ]
SQL: SHOW COLUMNS FROM `mix` [ RunTime:0.0030s ]
SQL: SELECT COUNT(*) AS tp_count FROM `mix` WHERE `status` = 1 LIMIT 1   [ RunTime:0.0010s ]
SQL: SELECT * FROM `mix` WHERE `status` = 1 LIMIT 0,10   [ RunTime:0.0010s ]
SQL: SHOW COLUMNS FROM `stu` [ RunTime:0.0040s ]
NOTIC: [2] Missing argument 1 for Think\Model::where(), called in D:\WWW\stu\Application\Tec\Controller\ArticleController.class.php on line 32 and defined D:\WWW\stu\ThinkPHP\Library\Think\Model.class.php 第 1777 行.
NOTIC: [8] Undefined variable: where D:\WWW\stu\ThinkPHP\Library\Think\Model.class.php 第 1785 行.
NOTIC: [8] Undefined variable: where D:\WWW\stu\ThinkPHP\Library\Think\Model.class.php 第 1788 行.
NOTIC: [8] Undefined variable: where D:\WWW\stu\ThinkPHP\Library\Think\Model.class.php 第 1796 行.
SQL: SELECT * FROM `stu` LIMIT 0,10   [ RunTime:0.0000s ]
SQL: SHOW COLUMNS FROM `status` [ RunTime:0.0030s ]
SQL: SELECT `status_name` FROM `status` WHERE `status` = 1  [ RunTime:0.0000s ]
SQL: SELECT `status_name` FROM `status` WHERE `status` = 9  [ RunTime:0.0010s ]
INFO: [ view_parse ] --START--
INFO: [ template_filter ] --START--
INFO: Run Behavior\ContentReplaceBehavior [ RunTime:0.000000s ]
INFO: [ template_filter ] --END-- [ RunTime:0.000000s ]
NOTIC: [8] Undefined variable: name D:\WWW\stu\Application\Runtime\Cache\Tec\1f5a09f01b41faf18cd35b68b84e5f3e.php 第 27 行.
INFO: Run Behavior\ParseTemplateBehavior [ RunTime:0.012001s ]
INFO: [ view_parse ] --END-- [ RunTime:0.012001s ]
INFO: [ view_filter ] --START--
INFO: Run Behavior\WriteHtmlCacheBehavior [ RunTime:0.000000s ]
INFO: [ view_filter ] --END-- [ RunTime:0.000000s ]
INFO: [ app_end ] --START--
INFO: Run Behavior\ShowPageTraceBehavior [ RunTime:0.001000s ]
INFO: [ app_end ] --END-- [ RunTime:0.001000s ]

[ 2015-06-11T17:55:41+08:00 ] ::1 /stu/index.php/Tec/Article/wait.html
INFO: [ app_init ] --START--
INFO: Run Behavior\BuildLiteBehavior [ RunTime:0.000000s ]
INFO: [ app_init ] --END-- [ RunTime:0.001000s ]
INFO: [ app_begin ] --START--
INFO: Run Behavior\ReadHtmlCacheBehavior [ RunTime:0.000000s ]
INFO: [ app_begin ] --END-- [ RunTime:0.001000s ]
SQL: SHOW COLUMNS FROM `mix` [ RunTime:0.0070s ]
SQL: SELECT COUNT(*) AS tp_count FROM `mix` WHERE `status` = 1 LIMIT 1   [ RunTime:0.0000s ]
SQL: SELECT * FROM `mix` WHERE `status` = 1 LIMIT 0,10   [ RunTime:0.0010s ]
SQL: SHOW COLUMNS FROM `stu` [ RunTime:0.0040s ]
NOTIC: [2] Missing argument 1 for Think\Model::where(), called in D:\WWW\stu\Application\Tec\Controller\ArticleController.class.php on line 32 and defined D:\WWW\stu\ThinkPHP\Library\Think\Model.class.php 第 1777 行.
NOTIC: [8] Undefined variable: where D:\WWW\stu\ThinkPHP\Library\Think\Model.class.php 第 1785 行.
NOTIC: [8] Undefined variable: where D:\WWW\stu\ThinkPHP\Library\Think\Model.class.php 第 1788 行.
NOTIC: [8] Undefined variable: where D:\WWW\stu\ThinkPHP\Library\Think\Model.class.php 第 1796 行.
SQL: SELECT * FROM `stu` LIMIT 0,10   [ RunTime:0.0010s ]
SQL: SHOW COLUMNS FROM `status` [ RunTime:0.0030s ]
SQL: SELECT `status_name` FROM `status` WHERE `status` = 1  [ RunTime:0.0010s ]
SQL: SELECT `status_name` FROM `status` WHERE `status` = 9  [ RunTime:0.0010s ]
INFO: [ view_parse ] --START--
INFO: [ template_filter ] --START--
INFO: Run Behavior\ContentReplaceBehavior [ RunTime:0.000000s ]
INFO: [ template_filter ] --END-- [ RunTime:0.000000s ]
NOTIC: [8] Undefined variable: name D:\WWW\stu\Application\Runtime\Cache\Tec\1f5a09f01b41faf18cd35b68b84e5f3e.php 第 27 行.
INFO: Run Behavior\ParseTemplateBehavior [ RunTime:0.024001s ]
INFO: [ view_parse ] --END-- [ RunTime:0.024001s ]
INFO: [ view_filter ] --START--
INFO: Run Behavior\WriteHtmlCacheBehavior [ RunTime:0.000000s ]
INFO: [ view_filter ] --END-- [ RunTime:0.000000s ]
INFO: [ app_end ] --START--
INFO: Run Behavior\ShowPageTraceBehavior [ RunTime:0.001000s ]
INFO: [ app_end ] --END-- [ RunTime:0.001000s ]

