[ 2015-06-08T23:37:43+08:00 ] ::1 /stu/
INFO: [ app_init ] --START--
INFO: Run Behavior\BuildLiteBehavior [ RunTime:0.000000s ]
INFO: [ app_init ] --END-- [ RunTime:0.036002s ]
INFO: [ app_begin ] --START--
INFO: Run Behavior\ReadHtmlCacheBehavior [ RunTime:0.002000s ]
INFO: [ app_begin ] --END-- [ RunTime:0.002000s ]
INFO: [ view_parse ] --START--
INFO: [ template_filter ] --START--
INFO: Run Behavior\ContentReplaceBehavior [ RunTime:0.000000s ]
INFO: [ template_filter ] --END-- [ RunTime:0.000000s ]
NOTIC: [8] Undefined variable: name D:\WWW\stu\Application\Runtime\Cache\Home\2a94b8bda04ff446dcedd42276fc99ee.php 第 32 行.
INFO: Run Behavior\ParseTemplateBehavior [ RunTime:0.312018s ]
INFO: [ view_parse ] --END-- [ RunTime:0.312018s ]
INFO: [ view_filter ] --START--
INFO: Run Behavior\WriteHtmlCacheBehavior [ RunTime:0.036002s ]
INFO: [ view_filter ] --END-- [ RunTime:0.037002s ]
INFO: [ app_end ] --START--
INFO: Run Behavior\ShowPageTraceBehavior [ RunTime:0.013001s ]
INFO: [ app_end ] --END-- [ RunTime:0.013001s ]

[ 2015-06-08T23:38:15+08:00 ] ::1 /stu/index.php/Home/Article/informed.html
INFO: [ app_init ] --START--
INFO: Run Behavior\BuildLiteBehavior [ RunTime:0.000000s ]
INFO: [ app_init ] --END-- [ RunTime:0.001000s ]
INFO: [ app_begin ] --START--
INFO: Run Behavior\ReadHtmlCacheBehavior [ RunTime:0.001000s ]
INFO: [ app_begin ] --END-- [ RunTime:0.001000s ]
SQL: SHOW COLUMNS FROM `mix` [ RunTime:0.0530s ]
SQL: SELECT * FROM `mix` WHERE `stu_id` = 1  [ RunTime:0.0010s ]
SQL: SHOW COLUMNS FROM `stu` [ RunTime:0.0280s ]
SQL: SELECT `stu_id`,`name`,`student_id`,`gender`,`major`,`political_status`,`nation`,`country`,`birth`,`id_card`,`phone`,`health`,`address`,`home_phone`,`zipcode`,`email`,`grade` FROM `stu` WHERE `stu_id` = 1  [ RunTime:0.0050s ]
SQL: SHOW COLUMNS FROM `status` [ RunTime:0.0480s ]
SQL: SELECT `status_name` FROM `status` WHERE `status` = 2  [ RunTime:0.0000s ]
SQL: SELECT `status_name` FROM `status` WHERE `status` = 6  [ RunTime:0.0000s ]
SQL: SELECT `status_name` FROM `status` WHERE `status` = 1  [ RunTime:0.0010s ]
SQL: SELECT `status_name` FROM `status` WHERE `status` = 4  [ RunTime:0.0010s ]
SQL: SELECT `status_name` FROM `status` WHERE `status` = 3  [ RunTime:0.0010s ]
SQL: SELECT `status_name` FROM `status` WHERE `status` = 5  [ RunTime:0.0050s ]
INFO: [ view_parse ] --START--
INFO: [ template_filter ] --START--
INFO: Run Behavior\ContentReplaceBehavior [ RunTime:0.000000s ]
INFO: [ template_filter ] --END-- [ RunTime:0.000000s ]
NOTIC: [8] Undefined variable: name D:\WWW\stu\Application\Runtime\Cache\Home\adeb9592ee9dbb87fba8dc53a9d42b66.php 第 26 行.
NOTIC: [8] Undefined variable: show D:\WWW\stu\Application\Runtime\Cache\Home\adeb9592ee9dbb87fba8dc53a9d42b66.php 第 103 行.
INFO: Run Behavior\ParseTemplateBehavior [ RunTime:0.057003s ]
INFO: [ view_parse ] --END-- [ RunTime:0.057003s ]
INFO: [ view_filter ] --START--
INFO: Run Behavior\WriteHtmlCacheBehavior [ RunTime:0.001000s ]
INFO: [ view_filter ] --END-- [ RunTime:0.001000s ]
INFO: [ app_end ] --START--
INFO: Run Behavior\ShowPageTraceBehavior [ RunTime:0.001000s ]
INFO: [ app_end ] --END-- [ RunTime:0.001000s ]

[ 2015-06-08T23:38:19+08:00 ] ::1 /stu/index.php/Home/Article/apply.html
INFO: [ app_init ] --START--
INFO: Run Behavior\BuildLiteBehavior [ RunTime:0.000000s ]
INFO: [ app_init ] --END-- [ RunTime:0.001000s ]
INFO: [ app_begin ] --START--
INFO: Run Behavior\ReadHtmlCacheBehavior [ RunTime:0.000000s ]
INFO: [ app_begin ] --END-- [ RunTime:0.000000s ]
SQL: SHOW COLUMNS FROM `mix` [ RunTime:0.0050s ]
SQL: SELECT COUNT(*) AS tp_count FROM `mix` WHERE `stu_id` = 1 LIMIT 1   [ RunTime:0.0000s ]
SQL: SELECT * FROM `mix` WHERE `stu_id` = 1 LIMIT 0,10   [ RunTime:0.0010s ]
SQL: SHOW COLUMNS FROM `stu` [ RunTime:0.0050s ]
SQL: SELECT * FROM `stu` WHERE ( stu_id=1 ) LIMIT 0,10   [ RunTime:0.0060s ]
SQL: SHOW COLUMNS FROM `status` [ RunTime:0.0030s ]
SQL: SELECT `status_name` FROM `status` WHERE `status` = 2  [ RunTime:0.0020s ]
SQL: SELECT `status_name` FROM `status` WHERE `status` = 6  [ RunTime:0.0010s ]
SQL: SELECT `status_name` FROM `status` WHERE `status` = 1  [ RunTime:0.0000s ]
SQL: SELECT `status_name` FROM `status` WHERE `status` = 4  [ RunTime:0.0010s ]
SQL: SELECT `status_name` FROM `status` WHERE `status` = 3  [ RunTime:0.0010s ]
SQL: SELECT `status_name` FROM `status` WHERE `status` = 5  [ RunTime:0.0000s ]
INFO: [ view_parse ] --START--
INFO: [ template_filter ] --START--
INFO: Run Behavior\ContentReplaceBehavior [ RunTime:0.000000s ]
INFO: [ template_filter ] --END-- [ RunTime:0.000000s ]
NOTIC: [8] Undefined variable: name D:\WWW\stu\Application\Runtime\Cache\Home\1b9ac9d49230d6426a74feda9233cfb8.php 第 26 行.
NOTIC: [8] Undefined variable: id D:\WWW\stu\Application\Runtime\Cache\Home\1b9ac9d49230d6426a74feda9233cfb8.php 第 71 行.
INFO: Run Behavior\ParseTemplateBehavior [ RunTime:0.020001s ]
INFO: [ view_parse ] --END-- [ RunTime:0.020001s ]
INFO: [ view_filter ] --START--
INFO: Run Behavior\WriteHtmlCacheBehavior [ RunTime:0.000000s ]
INFO: [ view_filter ] --END-- [ RunTime:0.000000s ]
INFO: [ app_end ] --START--
INFO: Run Behavior\ShowPageTraceBehavior [ RunTime:0.000000s ]
INFO: [ app_end ] --END-- [ RunTime:0.000000s ]

[ 2015-06-08T23:38:23+08:00 ] ::1 /stu/index.php/Home/Article/checkinfo.html
INFO: [ app_init ] --START--
INFO: Run Behavior\BuildLiteBehavior [ RunTime:0.000000s ]
INFO: [ app_init ] --END-- [ RunTime:0.000000s ]
INFO: [ app_begin ] --START--
INFO: Run Behavior\ReadHtmlCacheBehavior [ RunTime:0.000000s ]
INFO: [ app_begin ] --END-- [ RunTime:0.000000s ]
SQL: SHOW COLUMNS FROM `mix` [ RunTime:0.0120s ]
SQL: SELECT COUNT(*) AS tp_count FROM `mix` WHERE `stu_id` = 1 LIMIT 1   [ RunTime:0.0020s ]
SQL: SELECT * FROM `mix` WHERE `stu_id` = 1 LIMIT 0,10   [ RunTime:0.0020s ]
SQL: SHOW COLUMNS FROM `stu` [ RunTime:0.0090s ]
SQL: SELECT * FROM `stu` WHERE ( stu_id=1 ) LIMIT 0,10   [ RunTime:0.0020s ]
SQL: SHOW COLUMNS FROM `status` [ RunTime:0.0080s ]
SQL: SELECT `status_name` FROM `status` WHERE `status` = 2  [ RunTime:0.0010s ]
SQL: SELECT `status_name` FROM `status` WHERE `status` = 6  [ RunTime:0.0010s ]
SQL: SELECT `status_name` FROM `status` WHERE `status` = 1  [ RunTime:0.0020s ]
SQL: SELECT `status_name` FROM `status` WHERE `status` = 4  [ RunTime:0.0010s ]
SQL: SELECT `status_name` FROM `status` WHERE `status` = 3  [ RunTime:0.0000s ]
SQL: SELECT `status_name` FROM `status` WHERE `status` = 5  [ RunTime:0.0000s ]
INFO: [ view_parse ] --START--
INFO: [ template_filter ] --START--
INFO: Run Behavior\ContentReplaceBehavior [ RunTime:0.000000s ]
INFO: [ template_filter ] --END-- [ RunTime:0.000000s ]
NOTIC: [8] Undefined variable: name D:\WWW\stu\Application\Runtime\Cache\Home\9e51868fbdcc62454132d7a07ff641b8.php 第 26 行.
INFO: Run Behavior\ParseTemplateBehavior [ RunTime:0.105006s ]
INFO: [ view_parse ] --END-- [ RunTime:0.105006s ]
INFO: [ view_filter ] --START--
INFO: Run Behavior\WriteHtmlCacheBehavior [ RunTime:0.000000s ]
INFO: [ view_filter ] --END-- [ RunTime:0.000000s ]
INFO: [ app_end ] --START--
INFO: Run Behavior\ShowPageTraceBehavior [ RunTime:0.002000s ]
INFO: [ app_end ] --END-- [ RunTime:0.002000s ]

[ 2015-06-08T23:38:33+08:00 ] ::1 /stu/index.php/Home/article/checkinfo.html?item=8
INFO: [ app_init ] --START--
INFO: Run Behavior\BuildLiteBehavior [ RunTime:0.000000s ]
INFO: [ app_init ] --END-- [ RunTime:0.001000s ]
INFO: [ app_begin ] --START--
INFO: Run Behavior\ReadHtmlCacheBehavior [ RunTime:0.000000s ]
INFO: [ app_begin ] --END-- [ RunTime:0.001000s ]
SQL: SHOW COLUMNS FROM `mix` [ RunTime:0.0030s ]
SQL: SELECT COUNT(*) AS tp_count FROM `mix` WHERE `item` = 8 AND `stu_id` = 1 LIMIT 1   [ RunTime:0.0000s ]
SQL: SELECT * FROM `mix` WHERE `item` = 8 AND `stu_id` = 1 LIMIT 0,10   [ RunTime:0.0010s ]
SQL: SHOW COLUMNS FROM `stu` [ RunTime:0.0040s ]
SQL: SELECT * FROM `stu` WHERE ( stu_id=1 ) LIMIT 0,10   [ RunTime:0.0010s ]
SQL: SHOW COLUMNS FROM `status` [ RunTime:0.0060s ]
SQL: SELECT `status_name` FROM `status` WHERE `status` = 1  [ RunTime:0.0010s ]
SQL: SELECT `status_name` FROM `status` WHERE `status` = 4  [ RunTime:0.0010s ]
INFO: [ view_parse ] --START--
INFO: [ template_filter ] --START--
INFO: Run Behavior\ContentReplaceBehavior [ RunTime:0.000000s ]
INFO: [ template_filter ] --END-- [ RunTime:0.000000s ]
NOTIC: [8] Undefined variable: name D:\WWW\stu\Application\Runtime\Cache\Home\9e51868fbdcc62454132d7a07ff641b8.php 第 26 行.
INFO: Run Behavior\ParseTemplateBehavior [ RunTime:0.008001s ]
INFO: [ view_parse ] --END-- [ RunTime:0.008001s ]
INFO: [ view_filter ] --START--
INFO: Run Behavior\WriteHtmlCacheBehavior [ RunTime:0.001000s ]
INFO: [ view_filter ] --END-- [ RunTime:0.001000s ]
INFO: [ app_end ] --START--
INFO: Run Behavior\ShowPageTraceBehavior [ RunTime:0.000000s ]
INFO: [ app_end ] --END-- [ RunTime:0.000000s ]

[ 2015-06-08T23:38:40+08:00 ] ::1 /stu/index.php/Home/Article/checkinfo.html
INFO: [ app_init ] --START--
INFO: Run Behavior\BuildLiteBehavior [ RunTime:0.000000s ]
INFO: [ app_init ] --END-- [ RunTime:0.000000s ]
INFO: [ app_begin ] --START--
INFO: Run Behavior\ReadHtmlCacheBehavior [ RunTime:0.001000s ]
INFO: [ app_begin ] --END-- [ RunTime:0.001000s ]
SQL: SHOW COLUMNS FROM `mix` [ RunTime:0.0050s ]
SQL: SELECT COUNT(*) AS tp_count FROM `mix` WHERE `stu_id` = 1 LIMIT 1   [ RunTime:0.0020s ]
SQL: SELECT * FROM `mix` WHERE `stu_id` = 1 LIMIT 0,10   [ RunTime:0.0000s ]
SQL: SHOW COLUMNS FROM `stu` [ RunTime:0.0050s ]
SQL: SELECT * FROM `stu` WHERE ( stu_id=1 ) LIMIT 0,10   [ RunTime:0.0010s ]
SQL: SHOW COLUMNS FROM `status` [ RunTime:0.0060s ]
SQL: SELECT `status_name` FROM `status` WHERE `status` = 2  [ RunTime:0.0010s ]
SQL: SELECT `status_name` FROM `status` WHERE `status` = 6  [ RunTime:0.0010s ]
SQL: SELECT `status_name` FROM `status` WHERE `status` = 1  [ RunTime:0.0010s ]
SQL: SELECT `status_name` FROM `status` WHERE `status` = 4  [ RunTime:0.0010s ]
SQL: SELECT `status_name` FROM `status` WHERE `status` = 3  [ RunTime:0.0000s ]
SQL: SELECT `status_name` FROM `status` WHERE `status` = 5  [ RunTime:0.0010s ]
INFO: [ view_parse ] --START--
INFO: [ template_filter ] --START--
INFO: Run Behavior\ContentReplaceBehavior [ RunTime:0.000000s ]
INFO: [ template_filter ] --END-- [ RunTime:0.000000s ]
NOTIC: [8] Undefined variable: name D:\WWW\stu\Application\Runtime\Cache\Home\9e51868fbdcc62454132d7a07ff641b8.php 第 26 行.
INFO: Run Behavior\ParseTemplateBehavior [ RunTime:0.012001s ]
INFO: [ view_parse ] --END-- [ RunTime:0.013001s ]
INFO: [ view_filter ] --START--
INFO: Run Behavior\WriteHtmlCacheBehavior [ RunTime:0.000000s ]
INFO: [ view_filter ] --END-- [ RunTime:0.000000s ]
INFO: [ app_end ] --START--
INFO: Run Behavior\ShowPageTraceBehavior [ RunTime:0.000000s ]
INFO: [ app_end ] --END-- [ RunTime:0.000000s ]

[ 2015-06-08T23:38:45+08:00 ] ::1 /stu/index.php/Home/article/checkinfo.html?item=1
INFO: [ app_init ] --START--
INFO: Run Behavior\BuildLiteBehavior [ RunTime:0.000000s ]
INFO: [ app_init ] --END-- [ RunTime:0.000000s ]
INFO: [ app_begin ] --START--
INFO: Run Behavior\ReadHtmlCacheBehavior [ RunTime:0.000000s ]
INFO: [ app_begin ] --END-- [ RunTime:0.001000s ]
SQL: SHOW COLUMNS FROM `mix` [ RunTime:0.0040s ]
SQL: SELECT COUNT(*) AS tp_count FROM `mix` WHERE `item` = 1 AND `stu_id` = 1 LIMIT 1   [ RunTime:0.0010s ]
SQL: SELECT * FROM `mix` WHERE `item` = 1 AND `stu_id` = 1 LIMIT 0,10   [ RunTime:0.0010s ]
SQL: SHOW COLUMNS FROM `stu` [ RunTime:0.0060s ]
SQL: SELECT * FROM `stu` WHERE ( stu_id=1 ) LIMIT 0,10   [ RunTime:0.0000s ]
SQL: SHOW COLUMNS FROM `status` [ RunTime:0.0030s ]
SQL: SELECT `status_name` FROM `status` WHERE `status` = 2  [ RunTime:0.0000s ]
SQL: SELECT `status_name` FROM `status` WHERE `status` = 6  [ RunTime:0.0000s ]
SQL: SELECT `status_name` FROM `status` WHERE `status` = 3  [ RunTime:0.0000s ]
SQL: SELECT `status_name` FROM `status` WHERE `status` = 5  [ RunTime:0.0000s ]
INFO: [ view_parse ] --START--
INFO: [ template_filter ] --START--
INFO: Run Behavior\ContentReplaceBehavior [ RunTime:0.000000s ]
INFO: [ template_filter ] --END-- [ RunTime:0.001000s ]
NOTIC: [8] Undefined variable: name D:\WWW\stu\Application\Runtime\Cache\Home\9e51868fbdcc62454132d7a07ff641b8.php 第 26 行.
INFO: Run Behavior\ParseTemplateBehavior [ RunTime:0.012001s ]
INFO: [ view_parse ] --END-- [ RunTime:0.012001s ]
INFO: [ view_filter ] --START--
INFO: Run Behavior\WriteHtmlCacheBehavior [ RunTime:0.000000s ]
INFO: [ view_filter ] --END-- [ RunTime:0.000000s ]
INFO: [ app_end ] --START--
INFO: Run Behavior\ShowPageTraceBehavior [ RunTime:0.001000s ]
INFO: [ app_end ] --END-- [ RunTime:0.001000s ]

