[ 2015-06-04T17:12:03+08:00 ] ::1 /stu/
INFO: [ app_init ] --START--
INFO: Run Behavior\BuildLiteBehavior [ RunTime:0.000000s ]
INFO: [ app_init ] --END-- [ RunTime:0.137300s ]
INFO: [ app_begin ] --START--
INFO: Run Behavior\ReadHtmlCacheBehavior [ RunTime:0.025000s ]
INFO: [ app_begin ] --END-- [ RunTime:0.025000s ]
INFO: [ view_parse ] --START--
INFO: [ template_filter ] --START--
INFO: Run Behavior\ContentReplaceBehavior [ RunTime:0.000000s ]
INFO: [ template_filter ] --END-- [ RunTime:0.000000s ]
NOTIC: [8] Undefined variable: name D:\WWW\stu\Application\Runtime\Cache\Home\2a94b8bda04ff446dcedd42276fc99ee.php 第 32 行.
INFO: Run Behavior\ParseTemplateBehavior [ RunTime:0.589701s ]
INFO: [ view_parse ] --END-- [ RunTime:0.589701s ]
INFO: [ view_filter ] --START--
INFO: Run Behavior\WriteHtmlCacheBehavior [ RunTime:0.074900s ]
INFO: [ view_filter ] --END-- [ RunTime:0.074900s ]
INFO: [ app_end ] --START--
INFO: Run Behavior\ShowPageTraceBehavior [ RunTime:0.022500s ]
INFO: [ app_end ] --END-- [ RunTime:0.022500s ]

