[ 2015-06-11T12:24:20+08:00 ] ::1 /stu/
INFO: [ app_init ] --START--
INFO: Run Behavior\BuildLiteBehavior [ RunTime:0.000000s ]
INFO: [ app_init ] --END-- [ RunTime:0.209012s ]
INFO: [ app_begin ] --START--
INFO: Run Behavior\ReadHtmlCacheBehavior [ RunTime:0.081005s ]
INFO: [ app_begin ] --END-- [ RunTime:0.081005s ]
SQL: SHOW COLUMNS FROM `mix` [ RunTime:0.1960s ]
SQL: SELECT COUNT(*) AS tp_count FROM `mix` WHERE `stu_id` = 1 LIMIT 1   [ RunTime:0.0020s ]
SQL: SELECT * FROM `mix` WHERE `stu_id` = 1 LIMIT 0,10   [ RunTime:0.0010s ]
SQL: SHOW COLUMNS FROM `stu` [ RunTime:0.1040s ]
SQL: SELECT * FROM `stu` WHERE ( stu_id=1 ) LIMIT 0,10   [ RunTime:0.0630s ]
SQL: SHOW COLUMNS FROM `status` [ RunTime:0.1270s ]
SQL: SELECT `status_name` FROM `status` WHERE `status` = 2  [ RunTime:0.0000s ]
SQL: SELECT `status_name` FROM `status` WHERE `status` = 6  [ RunTime:0.0000s ]
SQL: SELECT `status_name` FROM `status` WHERE `status` = 1  [ RunTime:0.0000s ]
SQL: SELECT `status_name` FROM `status` WHERE `status` = 4  [ RunTime:0.0010s ]
SQL: SELECT `status_name` FROM `status` WHERE `status` = 3  [ RunTime:0.0000s ]
SQL: SELECT `status_name` FROM `status` WHERE `status` = 5  [ RunTime:0.0000s ]
INFO: [ view_parse ] --START--
INFO: [ template_filter ] --START--
INFO: Run Behavior\ContentReplaceBehavior [ RunTime:0.000000s ]
INFO: [ template_filter ] --END-- [ RunTime:0.000000s ]
NOTIC: [8] Undefined variable: name D:\WWW\stu\Application\Runtime\Cache\Home\2a94b8bda04ff446dcedd42276fc99ee.php 第 32 行.
INFO: Run Behavior\ParseTemplateBehavior [ RunTime:0.511029s ]
INFO: [ view_parse ] --END-- [ RunTime:0.511029s ]
INFO: [ view_filter ] --START--
INFO: Run Behavior\WriteHtmlCacheBehavior [ RunTime:0.061004s ]
INFO: [ view_filter ] --END-- [ RunTime:0.062004s ]
INFO: [ app_end ] --START--
INFO: Run Behavior\ShowPageTraceBehavior [ RunTime:0.044002s ]
INFO: [ app_end ] --END-- [ RunTime:0.044002s ]

[ 2015-06-11T12:24:20+08:00 ] ::1 /stu/
INFO: [ app_init ] --START--
INFO: Run Behavior\BuildLiteBehavior [ RunTime:0.000000s ]
INFO: [ app_init ] --END-- [ RunTime:0.209012s ]
INFO: [ app_begin ] --START--
INFO: Run Behavior\ReadHtmlCacheBehavior [ RunTime:0.080005s ]
INFO: [ app_begin ] --END-- [ RunTime:0.080005s ]
SQL: SHOW COLUMNS FROM `mix` [ RunTime:0.1980s ]
SQL: SELECT COUNT(*) AS tp_count FROM `mix` WHERE `stu_id` = 1 LIMIT 1   [ RunTime:0.0000s ]
SQL: SELECT * FROM `mix` WHERE `stu_id` = 1 LIMIT 0,10   [ RunTime:0.0010s ]
SQL: SHOW COLUMNS FROM `stu` [ RunTime:0.1060s ]
SQL: SELECT * FROM `stu` WHERE ( stu_id=1 ) LIMIT 0,10   [ RunTime:0.0610s ]
SQL: SHOW COLUMNS FROM `status` [ RunTime:0.1260s ]
SQL: SELECT `status_name` FROM `status` WHERE `status` = 2  [ RunTime:0.0010s ]
SQL: SELECT `status_name` FROM `status` WHERE `status` = 6  [ RunTime:0.0010s ]
SQL: SELECT `status_name` FROM `status` WHERE `status` = 1  [ RunTime:0.0010s ]
SQL: SELECT `status_name` FROM `status` WHERE `status` = 4  [ RunTime:0.0010s ]
SQL: SELECT `status_name` FROM `status` WHERE `status` = 3  [ RunTime:0.0010s ]
SQL: SELECT `status_name` FROM `status` WHERE `status` = 5  [ RunTime:0.0000s ]
INFO: [ view_parse ] --START--
INFO: [ template_filter ] --START--
INFO: Run Behavior\ContentReplaceBehavior [ RunTime:0.000000s ]
INFO: [ template_filter ] --END-- [ RunTime:0.000000s ]
NOTIC: [8] Undefined variable: name D:\WWW\stu\Application\Runtime\Cache\Home\2a94b8bda04ff446dcedd42276fc99ee.php 第 32 行.
INFO: Run Behavior\ParseTemplateBehavior [ RunTime:0.512029s ]
INFO: [ view_parse ] --END-- [ RunTime:0.512029s ]
INFO: [ view_filter ] --START--
INFO: Run Behavior\WriteHtmlCacheBehavior [ RunTime:0.061004s ]
INFO: [ view_filter ] --END-- [ RunTime:0.062004s ]
INFO: [ app_end ] --START--
INFO: Run Behavior\ShowPageTraceBehavior [ RunTime:0.044002s ]
INFO: [ app_end ] --END-- [ RunTime:0.044002s ]

[ 2015-06-11T12:27:13+08:00 ] ::1 /stu/index.php/Home/Index/index.html
INFO: [ app_init ] --START--
INFO: Run Behavior\BuildLiteBehavior [ RunTime:0.000000s ]
INFO: [ app_init ] --END-- [ RunTime:0.000000s ]
INFO: [ app_begin ] --START--
INFO: Run Behavior\ReadHtmlCacheBehavior [ RunTime:0.000000s ]
INFO: [ app_begin ] --END-- [ RunTime:0.001000s ]
SQL: SHOW COLUMNS FROM `mix` [ RunTime:0.0060s ]
SQL: SELECT COUNT(*) AS tp_count FROM `mix` WHERE `stu_id` = 1 LIMIT 1   [ RunTime:0.0000s ]
SQL: SELECT * FROM `mix` WHERE `stu_id` = 1 LIMIT 0,10   [ RunTime:0.0010s ]
SQL: SHOW COLUMNS FROM `stu` [ RunTime:0.0080s ]
SQL: SELECT * FROM `stu` WHERE ( stu_id=1 ) LIMIT 0,10   [ RunTime:0.0010s ]
SQL: SHOW COLUMNS FROM `status` [ RunTime:0.0030s ]
SQL: SELECT `status_name` FROM `status` WHERE `status` = 2  [ RunTime:0.0000s ]
SQL: SELECT `status_name` FROM `status` WHERE `status` = 6  [ RunTime:0.0000s ]
SQL: SELECT `status_name` FROM `status` WHERE `status` = 1  [ RunTime:0.0010s ]
SQL: SELECT `status_name` FROM `status` WHERE `status` = 4  [ RunTime:0.0000s ]
SQL: SELECT `status_name` FROM `status` WHERE `status` = 3  [ RunTime:0.0000s ]
SQL: SELECT `status_name` FROM `status` WHERE `status` = 5  [ RunTime:0.0000s ]
INFO: [ view_parse ] --START--
INFO: [ template_filter ] --START--
INFO: Run Behavior\ContentReplaceBehavior [ RunTime:0.000000s ]
INFO: [ template_filter ] --END-- [ RunTime:0.000000s ]
NOTIC: [8] Undefined variable: name D:\WWW\stu\Application\Runtime\Cache\Home\2a94b8bda04ff446dcedd42276fc99ee.php 第 32 行.
INFO: Run Behavior\ParseTemplateBehavior [ RunTime:0.008001s ]
INFO: [ view_parse ] --END-- [ RunTime:0.008001s ]
INFO: [ view_filter ] --START--
INFO: Run Behavior\WriteHtmlCacheBehavior [ RunTime:0.001000s ]
INFO: [ view_filter ] --END-- [ RunTime:0.001000s ]
INFO: [ app_end ] --START--
INFO: Run Behavior\ShowPageTraceBehavior [ RunTime:0.000000s ]
INFO: [ app_end ] --END-- [ RunTime:0.000000s ]

[ 2015-06-11T17:37:52+08:00 ] ::1 /stu/
INFO: [ app_init ] --START--
INFO: Run Behavior\BuildLiteBehavior [ RunTime:0.000000s ]
INFO: [ app_init ] --END-- [ RunTime:0.042003s ]
INFO: [ app_begin ] --START--
INFO: Run Behavior\ReadHtmlCacheBehavior [ RunTime:0.001000s ]
INFO: [ app_begin ] --END-- [ RunTime:0.001000s ]
SQL: SHOW COLUMNS FROM `mix` [ RunTime:0.0030s ]
SQL: SELECT COUNT(*) AS tp_count FROM `mix` WHERE `stu_id` = 1 LIMIT 1   [ RunTime:0.0000s ]
SQL: SELECT * FROM `mix` WHERE `stu_id` = 1 LIMIT 0,10   [ RunTime:0.0010s ]
SQL: SHOW COLUMNS FROM `stu` [ RunTime:0.0060s ]
SQL: SELECT * FROM `stu` WHERE ( stu_id=1 ) LIMIT 0,10   [ RunTime:0.0170s ]
SQL: SHOW COLUMNS FROM `status` [ RunTime:0.0030s ]
SQL: SELECT `status_name` FROM `status` WHERE `status` = 2  [ RunTime:0.0000s ]
SQL: SELECT `status_name` FROM `status` WHERE `status` = 6  [ RunTime:0.0000s ]
SQL: SELECT `status_name` FROM `status` WHERE `status` = 1  [ RunTime:0.0020s ]
SQL: SELECT `status_name` FROM `status` WHERE `status` = 4  [ RunTime:0.0010s ]
SQL: SELECT `status_name` FROM `status` WHERE `status` = 3  [ RunTime:0.0000s ]
SQL: SELECT `status_name` FROM `status` WHERE `status` = 5  [ RunTime:0.0010s ]
INFO: [ view_parse ] --START--
INFO: [ template_filter ] --START--
INFO: Run Behavior\ContentReplaceBehavior [ RunTime:0.000000s ]
INFO: [ template_filter ] --END-- [ RunTime:0.000000s ]
NOTIC: [8] Undefined variable: name D:\WWW\stu\Application\Runtime\Cache\Home\2a94b8bda04ff446dcedd42276fc99ee.php 第 32 行.
INFO: Run Behavior\ParseTemplateBehavior [ RunTime:0.150008s ]
INFO: [ view_parse ] --END-- [ RunTime:0.150008s ]
INFO: [ view_filter ] --START--
INFO: Run Behavior\WriteHtmlCacheBehavior [ RunTime:0.026002s ]
INFO: [ view_filter ] --END-- [ RunTime:0.026002s ]
INFO: [ app_end ] --START--
INFO: Run Behavior\ShowPageTraceBehavior [ RunTime:0.012000s ]
INFO: [ app_end ] --END-- [ RunTime:0.012000s ]

[ 2015-06-11T17:37:59+08:00 ] ::1 /stu/index.php/Home/Index/index.html
INFO: [ app_init ] --START--
INFO: Run Behavior\BuildLiteBehavior [ RunTime:0.000000s ]
INFO: [ app_init ] --END-- [ RunTime:0.000000s ]
INFO: [ app_begin ] --START--
INFO: Run Behavior\ReadHtmlCacheBehavior [ RunTime:0.001000s ]
INFO: [ app_begin ] --END-- [ RunTime:0.001000s ]
SQL: SHOW COLUMNS FROM `mix` [ RunTime:0.0070s ]
SQL: SELECT COUNT(*) AS tp_count FROM `mix` WHERE `stu_id` = 1 LIMIT 1   [ RunTime:0.0020s ]
SQL: SELECT * FROM `mix` WHERE `stu_id` = 1 LIMIT 0,10   [ RunTime:0.0010s ]
SQL: SHOW COLUMNS FROM `stu` [ RunTime:0.0040s ]
SQL: SELECT * FROM `stu` WHERE ( stu_id=1 ) LIMIT 0,10   [ RunTime:0.0020s ]
SQL: SHOW COLUMNS FROM `status` [ RunTime:0.0040s ]
SQL: SELECT `status_name` FROM `status` WHERE `status` = 2  [ RunTime:0.0010s ]
SQL: SELECT `status_name` FROM `status` WHERE `status` = 6  [ RunTime:0.0010s ]
SQL: SELECT `status_name` FROM `status` WHERE `status` = 1  [ RunTime:0.0010s ]
SQL: SELECT `status_name` FROM `status` WHERE `status` = 4  [ RunTime:0.0010s ]
SQL: SELECT `status_name` FROM `status` WHERE `status` = 3  [ RunTime:0.0010s ]
SQL: SELECT `status_name` FROM `status` WHERE `status` = 5  [ RunTime:0.0010s ]
INFO: [ view_parse ] --START--
INFO: [ template_filter ] --START--
INFO: Run Behavior\ContentReplaceBehavior [ RunTime:0.000000s ]
INFO: [ template_filter ] --END-- [ RunTime:0.000000s ]
NOTIC: [8] Undefined variable: name D:\WWW\stu\Application\Runtime\Cache\Home\2a94b8bda04ff446dcedd42276fc99ee.php 第 32 行.
INFO: Run Behavior\ParseTemplateBehavior [ RunTime:0.027001s ]
INFO: [ view_parse ] --END-- [ RunTime:0.027001s ]
INFO: [ view_filter ] --START--
INFO: Run Behavior\WriteHtmlCacheBehavior [ RunTime:0.001000s ]
INFO: [ view_filter ] --END-- [ RunTime:0.001000s ]
INFO: [ app_end ] --START--
INFO: Run Behavior\ShowPageTraceBehavior [ RunTime:0.001000s ]
INFO: [ app_end ] --END-- [ RunTime:0.001000s ]

[ 2015-06-11T22:45:33+08:00 ] ::1 /stu/
INFO: [ app_init ] --START--
INFO: Run Behavior\BuildLiteBehavior [ RunTime:0.000000s ]
INFO: [ app_init ] --END-- [ RunTime:0.000000s ]
INFO: [ app_begin ] --START--
INFO: Run Behavior\ReadHtmlCacheBehavior [ RunTime:0.000000s ]
INFO: [ app_begin ] --END-- [ RunTime:0.001000s ]
SQL: SHOW COLUMNS FROM `mix` [ RunTime:0.1030s ]
SQL: SELECT COUNT(*) AS tp_count FROM `mix` WHERE `stu_id` = 1 LIMIT 1   [ RunTime:0.0500s ]
SQL: SELECT * FROM `mix` WHERE `stu_id` = 1 LIMIT 0,10   [ RunTime:0.0010s ]
SQL: SHOW COLUMNS FROM `stu` [ RunTime:0.0370s ]
SQL: SELECT * FROM `stu` WHERE ( stu_id=1 ) LIMIT 0,10   [ RunTime:0.0290s ]
SQL: SHOW COLUMNS FROM `status` [ RunTime:0.0380s ]
SQL: SELECT `status_name` FROM `status` WHERE `status` = 2  [ RunTime:0.0010s ]
SQL: SELECT `status_name` FROM `status` WHERE `status` = 6  [ RunTime:0.0000s ]
SQL: SELECT `status_name` FROM `status` WHERE `status` = 2  [ RunTime:0.0010s ]
SQL: SELECT `status_name` FROM `status` WHERE `status` = 4  [ RunTime:0.0000s ]
SQL: SELECT `status_name` FROM `status` WHERE `status` = 3  [ RunTime:0.0000s ]
SQL: SELECT `status_name` FROM `status` WHERE `status` = 5  [ RunTime:0.0010s ]
INFO: [ view_parse ] --START--
INFO: [ template_filter ] --START--
INFO: Run Behavior\ContentReplaceBehavior [ RunTime:0.000000s ]
INFO: [ template_filter ] --END-- [ RunTime:0.000000s ]
NOTIC: [8] Undefined variable: name D:\WWW\stu\Application\Runtime\Cache\Home\2a94b8bda04ff446dcedd42276fc99ee.php 第 32 行.
INFO: Run Behavior\ParseTemplateBehavior [ RunTime:0.050002s ]
INFO: [ view_parse ] --END-- [ RunTime:0.050002s ]
INFO: [ view_filter ] --START--
INFO: Run Behavior\WriteHtmlCacheBehavior [ RunTime:0.000000s ]
INFO: [ view_filter ] --END-- [ RunTime:0.000000s ]
INFO: [ app_end ] --START--
INFO: Run Behavior\ShowPageTraceBehavior [ RunTime:0.001000s ]
INFO: [ app_end ] --END-- [ RunTime:0.001000s ]

