[ 2015-05-29T23:10:26+08:00 ] ::1 /stu/
INFO: [ app_init ] --START--
INFO: Run Behavior\BuildLiteBehavior [ RunTime:0.000000s ]
INFO: [ app_init ] --END-- [ RunTime:0.117007s ]
INFO: [ app_begin ] --START--
INFO: Run Behavior\ReadHtmlCacheBehavior [ RunTime:0.001000s ]
INFO: [ app_begin ] --END-- [ RunTime:0.001000s ]
INFO: [ view_parse ] --START--
INFO: [ template_filter ] --START--
INFO: Run Behavior\ContentReplaceBehavior [ RunTime:0.000000s ]
INFO: [ template_filter ] --END-- [ RunTime:0.000000s ]
NOTIC: [8] Undefined variable: name D:\WWW\stu\Application\Runtime\Cache\Home\2a94b8bda04ff446dcedd42276fc99ee.php 第 32 行.
INFO: Run Behavior\ParseTemplateBehavior [ RunTime:0.275016s ]
INFO: [ view_parse ] --END-- [ RunTime:0.275016s ]
INFO: [ view_filter ] --START--
INFO: Run Behavior\WriteHtmlCacheBehavior [ RunTime:0.046003s ]
INFO: [ view_filter ] --END-- [ RunTime:0.046003s ]
INFO: [ app_end ] --START--
INFO: Run Behavior\ShowPageTraceBehavior [ RunTime:0.008000s ]
INFO: [ app_end ] --END-- [ RunTime:0.008000s ]

[ 2015-05-29T23:12:14+08:00 ] ::1 /stu/index.php/Home/Article/informed.html
INFO: [ app_init ] --START--
INFO: Run Behavior\BuildLiteBehavior [ RunTime:0.000000s ]
INFO: [ app_init ] --END-- [ RunTime:0.000000s ]
INFO: [ app_begin ] --START--
INFO: Run Behavior\ReadHtmlCacheBehavior [ RunTime:0.001000s ]
INFO: [ app_begin ] --END-- [ RunTime:0.001000s ]
INFO: [ view_parse ] --START--
INFO: [ template_filter ] --START--
INFO: Run Behavior\ContentReplaceBehavior [ RunTime:0.000000s ]
INFO: [ template_filter ] --END-- [ RunTime:0.000000s ]
NOTIC: [8] Undefined variable: name D:\WWW\stu\Application\Runtime\Cache\Home\adeb9592ee9dbb87fba8dc53a9d42b66.php 第 26 行.
INFO: Run Behavior\ParseTemplateBehavior [ RunTime:0.081005s ]
INFO: [ view_parse ] --END-- [ RunTime:0.081005s ]
INFO: [ view_filter ] --START--
INFO: Run Behavior\WriteHtmlCacheBehavior [ RunTime:0.001000s ]
INFO: [ view_filter ] --END-- [ RunTime:0.001000s ]
INFO: [ app_end ] --START--
INFO: Run Behavior\ShowPageTraceBehavior [ RunTime:0.001000s ]
INFO: [ app_end ] --END-- [ RunTime:0.001000s ]

[ 2015-05-29T23:12:16+08:00 ] ::1 /stu/index.php/Home/Article/apply.html
INFO: [ app_init ] --START--
INFO: Run Behavior\BuildLiteBehavior [ RunTime:0.000000s ]
INFO: [ app_init ] --END-- [ RunTime:0.001000s ]
INFO: [ app_begin ] --START--
INFO: Run Behavior\ReadHtmlCacheBehavior [ RunTime:0.001000s ]
INFO: [ app_begin ] --END-- [ RunTime:0.001000s ]
INFO: [ view_parse ] --START--
INFO: [ template_filter ] --START--
INFO: Run Behavior\ContentReplaceBehavior [ RunTime:0.000000s ]
INFO: [ template_filter ] --END-- [ RunTime:0.000000s ]
NOTIC: [8] Undefined variable: name D:\WWW\stu\Application\Runtime\Cache\Home\1b9ac9d49230d6426a74feda9233cfb8.php 第 26 行.
NOTIC: [8] Undefined variable: id D:\WWW\stu\Application\Runtime\Cache\Home\1b9ac9d49230d6426a74feda9233cfb8.php 第 70 行.
NOTIC: [8] Undefined variable: id D:\WWW\stu\Application\Runtime\Cache\Home\1b9ac9d49230d6426a74feda9233cfb8.php 第 94 行.
NOTIC: [8] Undefined variable: id D:\WWW\stu\Application\Runtime\Cache\Home\1b9ac9d49230d6426a74feda9233cfb8.php 第 100 行.
NOTIC: [8] Undefined variable: id D:\WWW\stu\Application\Runtime\Cache\Home\1b9ac9d49230d6426a74feda9233cfb8.php 第 101 行.
INFO: Run Behavior\ParseTemplateBehavior [ RunTime:0.026002s ]
INFO: [ view_parse ] --END-- [ RunTime:0.026002s ]
INFO: [ view_filter ] --START--
INFO: Run Behavior\WriteHtmlCacheBehavior [ RunTime:0.001000s ]
INFO: [ view_filter ] --END-- [ RunTime:0.001000s ]
INFO: [ app_end ] --START--
INFO: Run Behavior\ShowPageTraceBehavior [ RunTime:0.001000s ]
INFO: [ app_end ] --END-- [ RunTime:0.001000s ]

[ 2015-05-29T23:12:19+08:00 ] ::1 /stu/index.php/Home/User/upinfo.html
INFO: [ app_init ] --START--
INFO: Run Behavior\BuildLiteBehavior [ RunTime:0.000000s ]
INFO: [ app_init ] --END-- [ RunTime:0.000000s ]
INFO: [ app_begin ] --START--
INFO: Run Behavior\ReadHtmlCacheBehavior [ RunTime:0.001000s ]
INFO: [ app_begin ] --END-- [ RunTime:0.001000s ]
SQL: SHOW COLUMNS FROM `stu` [ RunTime:0.0300s ]
SQL: SELECT `stu_id`,`name`,`student_id`,`gender`,`major`,`political_status`,`nation`,`country`,`birth`,`id_card`,`phone`,`health`,`address`,`home_phone`,`zipcode`,`email`,`grade` FROM `stu` WHERE `stu_id` = 1  [ RunTime:0.0070s ]
INFO: [ view_parse ] --START--
INFO: [ template_filter ] --START--
INFO: Run Behavior\ContentReplaceBehavior [ RunTime:0.000000s ]
INFO: [ template_filter ] --END-- [ RunTime:0.000000s ]
INFO: Run Behavior\ParseTemplateBehavior [ RunTime:0.034002s ]
INFO: [ view_parse ] --END-- [ RunTime:0.034002s ]
INFO: [ view_filter ] --START--
INFO: Run Behavior\WriteHtmlCacheBehavior [ RunTime:0.000000s ]
INFO: [ view_filter ] --END-- [ RunTime:0.000000s ]
INFO: [ app_end ] --START--
INFO: Run Behavior\ShowPageTraceBehavior [ RunTime:0.001000s ]
INFO: [ app_end ] --END-- [ RunTime:0.001000s ]

[ 2015-05-29T23:12:20+08:00 ] ::1 /stu/index.php/Home/User/repswd.html
INFO: [ app_init ] --START--
INFO: Run Behavior\BuildLiteBehavior [ RunTime:0.000000s ]
INFO: [ app_init ] --END-- [ RunTime:0.001000s ]
INFO: [ app_begin ] --START--
INFO: Run Behavior\ReadHtmlCacheBehavior [ RunTime:0.001000s ]
INFO: [ app_begin ] --END-- [ RunTime:0.001000s ]
INFO: [ view_parse ] --START--
INFO: [ template_filter ] --START--
INFO: Run Behavior\ContentReplaceBehavior [ RunTime:0.000000s ]
INFO: [ template_filter ] --END-- [ RunTime:0.000000s ]
NOTIC: [8] Undefined variable: name D:\WWW\stu\Application\Runtime\Cache\Home\a1821fdcb82880b4a3f998051586c270.php 第 26 行.
INFO: Run Behavior\ParseTemplateBehavior [ RunTime:0.029002s ]
INFO: [ view_parse ] --END-- [ RunTime:0.029002s ]
INFO: [ view_filter ] --START--
INFO: Run Behavior\WriteHtmlCacheBehavior [ RunTime:0.001000s ]
INFO: [ view_filter ] --END-- [ RunTime:0.001000s ]
INFO: [ app_end ] --START--
INFO: Run Behavior\ShowPageTraceBehavior [ RunTime:0.002000s ]
INFO: [ app_end ] --END-- [ RunTime:0.003000s ]

[ 2015-05-29T23:12:22+08:00 ] ::1 /stu/index.php/Home/User/upinfo.html
INFO: [ app_init ] --START--
INFO: Run Behavior\BuildLiteBehavior [ RunTime:0.000000s ]
INFO: [ app_init ] --END-- [ RunTime:0.001000s ]
INFO: [ app_begin ] --START--
INFO: Run Behavior\ReadHtmlCacheBehavior [ RunTime:0.001000s ]
INFO: [ app_begin ] --END-- [ RunTime:0.001000s ]
SQL: SHOW COLUMNS FROM `stu` [ RunTime:0.0040s ]
SQL: SELECT `stu_id`,`name`,`student_id`,`gender`,`major`,`political_status`,`nation`,`country`,`birth`,`id_card`,`phone`,`health`,`address`,`home_phone`,`zipcode`,`email`,`grade` FROM `stu` WHERE `stu_id` = 1  [ RunTime:0.0010s ]
INFO: [ view_parse ] --START--
INFO: [ template_filter ] --START--
INFO: Run Behavior\ContentReplaceBehavior [ RunTime:0.000000s ]
INFO: [ template_filter ] --END-- [ RunTime:0.000000s ]
INFO: Run Behavior\ParseTemplateBehavior [ RunTime:0.012001s ]
INFO: [ view_parse ] --END-- [ RunTime:0.012001s ]
INFO: [ view_filter ] --START--
INFO: Run Behavior\WriteHtmlCacheBehavior [ RunTime:0.001000s ]
INFO: [ view_filter ] --END-- [ RunTime:0.001000s ]
INFO: [ app_end ] --START--
INFO: Run Behavior\ShowPageTraceBehavior [ RunTime:0.000000s ]
INFO: [ app_end ] --END-- [ RunTime:0.000000s ]

[ 2015-05-29T23:12:23+08:00 ] ::1 /stu/index.php/Home/Article/informed.html
INFO: [ app_init ] --START--
INFO: Run Behavior\BuildLiteBehavior [ RunTime:0.000000s ]
INFO: [ app_init ] --END-- [ RunTime:0.001000s ]
INFO: [ app_begin ] --START--
INFO: Run Behavior\ReadHtmlCacheBehavior [ RunTime:0.001000s ]
INFO: [ app_begin ] --END-- [ RunTime:0.001000s ]
INFO: [ view_parse ] --START--
INFO: [ template_filter ] --START--
INFO: Run Behavior\ContentReplaceBehavior [ RunTime:0.000000s ]
INFO: [ template_filter ] --END-- [ RunTime:0.000000s ]
NOTIC: [8] Undefined variable: name D:\WWW\stu\Application\Runtime\Cache\Home\adeb9592ee9dbb87fba8dc53a9d42b66.php 第 26 行.
INFO: Run Behavior\ParseTemplateBehavior [ RunTime:0.010000s ]
INFO: [ view_parse ] --END-- [ RunTime:0.010000s ]
INFO: [ view_filter ] --START--
INFO: Run Behavior\WriteHtmlCacheBehavior [ RunTime:0.000000s ]
INFO: [ view_filter ] --END-- [ RunTime:0.000000s ]
INFO: [ app_end ] --START--
INFO: Run Behavior\ShowPageTraceBehavior [ RunTime:0.001001s ]
INFO: [ app_end ] --END-- [ RunTime:0.001001s ]

[ 2015-05-29T23:12:32+08:00 ] ::1 /stu/index.php/Home/article/detial/id/2.html
INFO: [ app_init ] --START--
INFO: Run Behavior\BuildLiteBehavior [ RunTime:0.000000s ]
INFO: [ app_init ] --END-- [ RunTime:0.001000s ]
INFO: [ app_begin ] --START--
INFO: Run Behavior\ReadHtmlCacheBehavior [ RunTime:0.001000s ]
INFO: [ app_begin ] --END-- [ RunTime:0.001000s ]
ERR: 非法操作:detial

[ 2015-05-29T23:13:06+08:00 ] ::1 /stu/index.php/Home/Article/apply.html
INFO: [ app_init ] --START--
INFO: Run Behavior\BuildLiteBehavior [ RunTime:0.000000s ]
INFO: [ app_init ] --END-- [ RunTime:0.000000s ]
INFO: [ app_begin ] --START--
INFO: Run Behavior\ReadHtmlCacheBehavior [ RunTime:0.001000s ]
INFO: [ app_begin ] --END-- [ RunTime:0.001000s ]
INFO: [ view_parse ] --START--
INFO: [ template_filter ] --START--
INFO: Run Behavior\ContentReplaceBehavior [ RunTime:0.000000s ]
INFO: [ template_filter ] --END-- [ RunTime:0.000000s ]
NOTIC: [8] Undefined variable: name D:\WWW\stu\Application\Runtime\Cache\Home\1b9ac9d49230d6426a74feda9233cfb8.php 第 26 行.
NOTIC: [8] Undefined variable: id D:\WWW\stu\Application\Runtime\Cache\Home\1b9ac9d49230d6426a74feda9233cfb8.php 第 70 行.
NOTIC: [8] Undefined variable: id D:\WWW\stu\Application\Runtime\Cache\Home\1b9ac9d49230d6426a74feda9233cfb8.php 第 94 行.
NOTIC: [8] Undefined variable: id D:\WWW\stu\Application\Runtime\Cache\Home\1b9ac9d49230d6426a74feda9233cfb8.php 第 100 行.
NOTIC: [8] Undefined variable: id D:\WWW\stu\Application\Runtime\Cache\Home\1b9ac9d49230d6426a74feda9233cfb8.php 第 101 行.
INFO: Run Behavior\ParseTemplateBehavior [ RunTime:0.010001s ]
INFO: [ view_parse ] --END-- [ RunTime:0.010001s ]
INFO: [ view_filter ] --START--
INFO: Run Behavior\WriteHtmlCacheBehavior [ RunTime:0.001000s ]
INFO: [ view_filter ] --END-- [ RunTime:0.001000s ]
INFO: [ app_end ] --START--
INFO: Run Behavior\ShowPageTraceBehavior [ RunTime:0.000000s ]
INFO: [ app_end ] --END-- [ RunTime:0.000000s ]

[ 2015-05-29T23:13:07+08:00 ] ::1 /stu/index.php/Home/article/apply_content.html
INFO: [ app_init ] --START--
INFO: Run Behavior\BuildLiteBehavior [ RunTime:0.000000s ]
INFO: [ app_init ] --END-- [ RunTime:0.001000s ]
INFO: [ app_begin ] --START--
INFO: Run Behavior\ReadHtmlCacheBehavior [ RunTime:0.000000s ]
INFO: [ app_begin ] --END-- [ RunTime:0.000000s ]
INFO: [ view_parse ] --START--
INFO: [ template_filter ] --START--
INFO: Run Behavior\ContentReplaceBehavior [ RunTime:0.000000s ]
INFO: [ template_filter ] --END-- [ RunTime:0.000000s ]
NOTIC: [8] Undefined variable: name D:\WWW\stu\Application\Runtime\Cache\Home\b5e96c318f5642a2a2854118b0baf258.php 第 26 行.
NOTIC: [8] Undefined variable: title D:\WWW\stu\Application\Runtime\Cache\Home\b5e96c318f5642a2a2854118b0baf258.php 第 67 行.
INFO: Run Behavior\ParseTemplateBehavior [ RunTime:0.032002s ]
INFO: [ view_parse ] --END-- [ RunTime:0.032002s ]
INFO: [ view_filter ] --START--
INFO: Run Behavior\WriteHtmlCacheBehavior [ RunTime:0.000000s ]
INFO: [ view_filter ] --END-- [ RunTime:0.000000s ]
INFO: [ app_end ] --START--
INFO: Run Behavior\ShowPageTraceBehavior [ RunTime:0.001000s ]
INFO: [ app_end ] --END-- [ RunTime:0.001000s ]

[ 2015-05-29T23:13:38+08:00 ] ::1 /stu/index.php/Home/article/apply_content.html
INFO: [ app_init ] --START--
INFO: Run Behavior\BuildLiteBehavior [ RunTime:0.000000s ]
INFO: [ app_init ] --END-- [ RunTime:0.000000s ]
INFO: [ app_begin ] --START--
INFO: Run Behavior\ReadHtmlCacheBehavior [ RunTime:0.001000s ]
INFO: [ app_begin ] --END-- [ RunTime:0.001000s ]
INFO: [ view_parse ] --START--
INFO: [ template_filter ] --START--
INFO: Run Behavior\ContentReplaceBehavior [ RunTime:0.000000s ]
INFO: [ template_filter ] --END-- [ RunTime:0.000000s ]
NOTIC: [8] Undefined variable: name D:\WWW\stu\Application\Runtime\Cache\Home\b5e96c318f5642a2a2854118b0baf258.php 第 26 行.
NOTIC: [8] Undefined variable: title D:\WWW\stu\Application\Runtime\Cache\Home\b5e96c318f5642a2a2854118b0baf258.php 第 67 行.
INFO: Run Behavior\ParseTemplateBehavior [ RunTime:0.009001s ]
INFO: [ view_parse ] --END-- [ RunTime:0.009001s ]
INFO: [ view_filter ] --START--
INFO: Run Behavior\WriteHtmlCacheBehavior [ RunTime:0.001000s ]
INFO: [ view_filter ] --END-- [ RunTime:0.001000s ]
INFO: [ app_end ] --START--
INFO: Run Behavior\ShowPageTraceBehavior [ RunTime:0.000000s ]
INFO: [ app_end ] --END-- [ RunTime:0.000000s ]

[ 2015-05-29T23:16:49+08:00 ] ::1 /stu/index.php/Home/Article/apply.html
INFO: [ app_init ] --START--
INFO: Run Behavior\BuildLiteBehavior [ RunTime:0.000000s ]
INFO: [ app_init ] --END-- [ RunTime:0.000000s ]
INFO: [ app_begin ] --START--
INFO: Run Behavior\ReadHtmlCacheBehavior [ RunTime:0.000000s ]
INFO: [ app_begin ] --END-- [ RunTime:0.000000s ]
INFO: [ view_parse ] --START--
INFO: [ template_filter ] --START--
INFO: Run Behavior\ContentReplaceBehavior [ RunTime:0.000000s ]
INFO: [ template_filter ] --END-- [ RunTime:0.000000s ]
NOTIC: [8] Undefined variable: name D:\WWW\stu\Application\Runtime\Cache\Home\1b9ac9d49230d6426a74feda9233cfb8.php 第 26 行.
NOTIC: [8] Undefined variable: id D:\WWW\stu\Application\Runtime\Cache\Home\1b9ac9d49230d6426a74feda9233cfb8.php 第 70 行.
NOTIC: [8] Undefined variable: id D:\WWW\stu\Application\Runtime\Cache\Home\1b9ac9d49230d6426a74feda9233cfb8.php 第 94 行.
NOTIC: [8] Undefined variable: id D:\WWW\stu\Application\Runtime\Cache\Home\1b9ac9d49230d6426a74feda9233cfb8.php 第 100 行.
NOTIC: [8] Undefined variable: id D:\WWW\stu\Application\Runtime\Cache\Home\1b9ac9d49230d6426a74feda9233cfb8.php 第 101 行.
INFO: Run Behavior\ParseTemplateBehavior [ RunTime:0.008000s ]
INFO: [ view_parse ] --END-- [ RunTime:0.009000s ]
INFO: [ view_filter ] --START--
INFO: Run Behavior\WriteHtmlCacheBehavior [ RunTime:0.001001s ]
INFO: [ view_filter ] --END-- [ RunTime:0.001001s ]
INFO: [ app_end ] --START--
INFO: Run Behavior\ShowPageTraceBehavior [ RunTime:0.001000s ]
INFO: [ app_end ] --END-- [ RunTime:0.001000s ]

[ 2015-05-29T23:16:54+08:00 ] ::1 /stu/index.php/Home/article/apply_content.html
INFO: [ app_init ] --START--
INFO: Run Behavior\BuildLiteBehavior [ RunTime:0.000000s ]
INFO: [ app_init ] --END-- [ RunTime:0.001000s ]
INFO: [ app_begin ] --START--
INFO: Run Behavior\ReadHtmlCacheBehavior [ RunTime:0.001000s ]
INFO: [ app_begin ] --END-- [ RunTime:0.001000s ]
INFO: [ view_parse ] --START--
INFO: [ template_filter ] --START--
INFO: Run Behavior\ContentReplaceBehavior [ RunTime:0.000000s ]
INFO: [ template_filter ] --END-- [ RunTime:0.000000s ]
NOTIC: [8] Undefined variable: name D:\WWW\stu\Application\Runtime\Cache\Home\b5e96c318f5642a2a2854118b0baf258.php 第 26 行.
NOTIC: [8] Undefined variable: title D:\WWW\stu\Application\Runtime\Cache\Home\b5e96c318f5642a2a2854118b0baf258.php 第 67 行.
INFO: Run Behavior\ParseTemplateBehavior [ RunTime:0.010000s ]
INFO: [ view_parse ] --END-- [ RunTime:0.010000s ]
INFO: [ view_filter ] --START--
INFO: Run Behavior\WriteHtmlCacheBehavior [ RunTime:0.000000s ]
INFO: [ view_filter ] --END-- [ RunTime:0.001000s ]
INFO: [ app_end ] --START--
INFO: Run Behavior\ShowPageTraceBehavior [ RunTime:0.000000s ]
INFO: [ app_end ] --END-- [ RunTime:0.000000s ]

[ 2015-05-29T23:17:13+08:00 ] ::1 /stu/index.php/Home/Article/apply.html
INFO: [ app_init ] --START--
INFO: Run Behavior\BuildLiteBehavior [ RunTime:0.000000s ]
INFO: [ app_init ] --END-- [ RunTime:0.000000s ]
INFO: [ app_begin ] --START--
INFO: Run Behavior\ReadHtmlCacheBehavior [ RunTime:0.001000s ]
INFO: [ app_begin ] --END-- [ RunTime:0.001000s ]
INFO: [ view_parse ] --START--
INFO: [ template_filter ] --START--
INFO: Run Behavior\ContentReplaceBehavior [ RunTime:0.000000s ]
INFO: [ template_filter ] --END-- [ RunTime:0.000000s ]
NOTIC: [8] Undefined variable: name D:\WWW\stu\Application\Runtime\Cache\Home\1b9ac9d49230d6426a74feda9233cfb8.php 第 26 行.
NOTIC: [8] Undefined variable: id D:\WWW\stu\Application\Runtime\Cache\Home\1b9ac9d49230d6426a74feda9233cfb8.php 第 70 行.
NOTIC: [8] Undefined variable: id D:\WWW\stu\Application\Runtime\Cache\Home\1b9ac9d49230d6426a74feda9233cfb8.php 第 94 行.
NOTIC: [8] Undefined variable: id D:\WWW\stu\Application\Runtime\Cache\Home\1b9ac9d49230d6426a74feda9233cfb8.php 第 100 行.
NOTIC: [8] Undefined variable: id D:\WWW\stu\Application\Runtime\Cache\Home\1b9ac9d49230d6426a74feda9233cfb8.php 第 101 行.
INFO: Run Behavior\ParseTemplateBehavior [ RunTime:0.009000s ]
INFO: [ view_parse ] --END-- [ RunTime:0.009000s ]
INFO: [ view_filter ] --START--
INFO: Run Behavior\WriteHtmlCacheBehavior [ RunTime:0.000000s ]
INFO: [ view_filter ] --END-- [ RunTime:0.000000s ]
INFO: [ app_end ] --START--
INFO: Run Behavior\ShowPageTraceBehavior [ RunTime:0.001000s ]
INFO: [ app_end ] --END-- [ RunTime:0.001000s ]

[ 2015-05-29T23:17:57+08:00 ] ::1 /stu/index.php/Home/Article/apply.html
INFO: [ app_init ] --START--
INFO: Run Behavior\BuildLiteBehavior [ RunTime:0.000000s ]
INFO: [ app_init ] --END-- [ RunTime:0.001000s ]
INFO: [ app_begin ] --START--
INFO: Run Behavior\ReadHtmlCacheBehavior [ RunTime:0.001001s ]
INFO: [ app_begin ] --END-- [ RunTime:0.001001s ]
INFO: [ view_parse ] --START--
INFO: [ template_filter ] --START--
INFO: Run Behavior\ContentReplaceBehavior [ RunTime:0.000000s ]
INFO: [ template_filter ] --END-- [ RunTime:0.001000s ]
NOTIC: [8] Undefined variable: name D:\WWW\stu\Application\Runtime\Cache\Home\1b9ac9d49230d6426a74feda9233cfb8.php 第 26 行.
NOTIC: [8] Undefined variable: id D:\WWW\stu\Application\Runtime\Cache\Home\1b9ac9d49230d6426a74feda9233cfb8.php 第 70 行.
NOTIC: [8] Undefined variable: id D:\WWW\stu\Application\Runtime\Cache\Home\1b9ac9d49230d6426a74feda9233cfb8.php 第 94 行.
NOTIC: [8] Undefined variable: id D:\WWW\stu\Application\Runtime\Cache\Home\1b9ac9d49230d6426a74feda9233cfb8.php 第 100 行.
NOTIC: [8] Undefined variable: id D:\WWW\stu\Application\Runtime\Cache\Home\1b9ac9d49230d6426a74feda9233cfb8.php 第 101 行.
INFO: Run Behavior\ParseTemplateBehavior [ RunTime:0.025001s ]
INFO: [ view_parse ] --END-- [ RunTime:0.025001s ]
INFO: [ view_filter ] --START--
INFO: Run Behavior\WriteHtmlCacheBehavior [ RunTime:0.000000s ]
INFO: [ view_filter ] --END-- [ RunTime:0.000000s ]
INFO: [ app_end ] --START--
INFO: Run Behavior\ShowPageTraceBehavior [ RunTime:0.000000s ]
INFO: [ app_end ] --END-- [ RunTime:0.000000s ]

[ 2015-05-29T23:19:39+08:00 ] ::1 /stu/index.php/Home/article/content.html
INFO: [ app_init ] --START--
INFO: Run Behavior\BuildLiteBehavior [ RunTime:0.000000s ]
INFO: [ app_init ] --END-- [ RunTime:0.001000s ]
INFO: [ app_begin ] --START--
INFO: Run Behavior\ReadHtmlCacheBehavior [ RunTime:0.000000s ]
INFO: [ app_begin ] --END-- [ RunTime:0.000000s ]
ERR: 非法操作:content

[ 2015-05-29T23:25:03+08:00 ] ::1 /stu/index.php/Home/Article/apply.html
INFO: [ app_init ] --START--
INFO: Run Behavior\BuildLiteBehavior [ RunTime:0.000000s ]
INFO: [ app_init ] --END-- [ RunTime:0.001000s ]
INFO: [ app_begin ] --START--
INFO: Run Behavior\ReadHtmlCacheBehavior [ RunTime:0.001000s ]
INFO: [ app_begin ] --END-- [ RunTime:0.001000s ]
INFO: [ view_parse ] --START--
INFO: [ template_filter ] --START--
INFO: Run Behavior\ContentReplaceBehavior [ RunTime:0.000000s ]
INFO: [ template_filter ] --END-- [ RunTime:0.000000s ]
NOTIC: [8] Undefined variable: name D:\WWW\stu\Application\Runtime\Cache\Home\1b9ac9d49230d6426a74feda9233cfb8.php 第 26 行.
NOTIC: [8] Undefined variable: id D:\WWW\stu\Application\Runtime\Cache\Home\1b9ac9d49230d6426a74feda9233cfb8.php 第 70 行.
NOTIC: [8] Undefined variable: id D:\WWW\stu\Application\Runtime\Cache\Home\1b9ac9d49230d6426a74feda9233cfb8.php 第 94 行.
NOTIC: [8] Undefined variable: id D:\WWW\stu\Application\Runtime\Cache\Home\1b9ac9d49230d6426a74feda9233cfb8.php 第 100 行.
NOTIC: [8] Undefined variable: id D:\WWW\stu\Application\Runtime\Cache\Home\1b9ac9d49230d6426a74feda9233cfb8.php 第 101 行.
INFO: Run Behavior\ParseTemplateBehavior [ RunTime:0.025002s ]
INFO: [ view_parse ] --END-- [ RunTime:0.025002s ]
INFO: [ view_filter ] --START--
INFO: Run Behavior\WriteHtmlCacheBehavior [ RunTime:0.000000s ]
INFO: [ view_filter ] --END-- [ RunTime:0.000000s ]
INFO: [ app_end ] --START--
INFO: Run Behavior\ShowPageTraceBehavior [ RunTime:0.001000s ]
INFO: [ app_end ] --END-- [ RunTime:0.001000s ]

[ 2015-05-29T23:25:04+08:00 ] ::1 /stu/index.php/Home/article/apply_content.html
INFO: [ app_init ] --START--
INFO: Run Behavior\BuildLiteBehavior [ RunTime:0.000000s ]
INFO: [ app_init ] --END-- [ RunTime:0.000000s ]
INFO: [ app_begin ] --START--
INFO: Run Behavior\ReadHtmlCacheBehavior [ RunTime:0.000000s ]
INFO: [ app_begin ] --END-- [ RunTime:0.000000s ]
INFO: [ view_parse ] --START--
INFO: [ template_filter ] --START--
INFO: Run Behavior\ContentReplaceBehavior [ RunTime:0.000000s ]
INFO: [ template_filter ] --END-- [ RunTime:0.000000s ]
NOTIC: [8] Undefined variable: name D:\WWW\stu\Application\Runtime\Cache\Home\b5e96c318f5642a2a2854118b0baf258.php 第 26 行.
NOTIC: [8] Undefined variable: title D:\WWW\stu\Application\Runtime\Cache\Home\b5e96c318f5642a2a2854118b0baf258.php 第 67 行.
INFO: Run Behavior\ParseTemplateBehavior [ RunTime:0.008000s ]
INFO: [ view_parse ] --END-- [ RunTime:0.008000s ]
INFO: [ view_filter ] --START--
INFO: Run Behavior\WriteHtmlCacheBehavior [ RunTime:0.001000s ]
INFO: [ view_filter ] --END-- [ RunTime:0.001000s ]
INFO: [ app_end ] --START--
INFO: Run Behavior\ShowPageTraceBehavior [ RunTime:0.000000s ]
INFO: [ app_end ] --END-- [ RunTime:0.000000s ]

[ 2015-05-29T23:25:45+08:00 ] ::1 /stu/index.php/Home/article/apply_content.html
INFO: [ app_init ] --START--
INFO: Run Behavior\BuildLiteBehavior [ RunTime:0.000000s ]
INFO: [ app_init ] --END-- [ RunTime:0.000000s ]
INFO: [ app_begin ] --START--
INFO: Run Behavior\ReadHtmlCacheBehavior [ RunTime:0.000000s ]
INFO: [ app_begin ] --END-- [ RunTime:0.000000s ]
INFO: [ view_parse ] --START--
INFO: [ template_filter ] --START--
INFO: Run Behavior\ContentReplaceBehavior [ RunTime:0.001000s ]
INFO: [ template_filter ] --END-- [ RunTime:0.001000s ]
NOTIC: [8] Undefined variable: name D:\WWW\stu\Application\Runtime\Cache\Home\b5e96c318f5642a2a2854118b0baf258.php 第 26 行.
NOTIC: [8] Undefined variable: title D:\WWW\stu\Application\Runtime\Cache\Home\b5e96c318f5642a2a2854118b0baf258.php 第 67 行.
INFO: Run Behavior\ParseTemplateBehavior [ RunTime:0.007000s ]
INFO: [ view_parse ] --END-- [ RunTime:0.007000s ]
INFO: [ view_filter ] --START--
INFO: Run Behavior\WriteHtmlCacheBehavior [ RunTime:0.000000s ]
INFO: [ view_filter ] --END-- [ RunTime:0.000000s ]
INFO: [ app_end ] --START--
INFO: Run Behavior\ShowPageTraceBehavior [ RunTime:0.001000s ]
INFO: [ app_end ] --END-- [ RunTime:0.001000s ]

[ 2015-05-29T23:26:03+08:00 ] ::1 /stu/index.php/Home/article/setapply.html
INFO: [ app_init ] --START--
INFO: Run Behavior\BuildLiteBehavior [ RunTime:0.000000s ]
INFO: [ app_init ] --END-- [ RunTime:0.000000s ]
INFO: [ app_begin ] --START--
INFO: Run Behavior\ReadHtmlCacheBehavior [ RunTime:0.000000s ]
INFO: [ app_begin ] --END-- [ RunTime:0.000000s ]
SQL: SHOW COLUMNS FROM `stu` [ RunTime:0.0030s ]
SQL: SELECT `stu_id`,`name`,`student_id`,`gender`,`major`,`political_status`,`nation`,`country`,`birth`,`id_card`,`phone`,`health`,`address`,`home_phone`,`zipcode`,`email`,`grade` FROM `stu` WHERE `stu_id` = 1  [ RunTime:0.0000s ]
INFO: [ app_end ] --START--
INFO: Run Behavior\ShowPageTraceBehavior [ RunTime:0.000000s ]
INFO: [ app_end ] --END-- [ RunTime:0.000000s ]

[ 2015-05-29T23:26:27+08:00 ] ::1 /stu/index.php/Home/article/setapply.html
INFO: [ app_init ] --START--
INFO: Run Behavior\BuildLiteBehavior [ RunTime:0.000000s ]
INFO: [ app_init ] --END-- [ RunTime:0.001000s ]
INFO: [ app_begin ] --START--
INFO: Run Behavior\ReadHtmlCacheBehavior [ RunTime:0.000000s ]
INFO: [ app_begin ] --END-- [ RunTime:0.000000s ]
SQL: SHOW COLUMNS FROM `stu` [ RunTime:0.0030s ]
SQL: SELECT `stu_id`,`name`,`student_id`,`gender`,`major`,`political_status`,`nation`,`country`,`birth`,`id_card`,`phone`,`health`,`address`,`home_phone`,`zipcode`,`email`,`grade` FROM `stu` WHERE `stu_id` = 1  [ RunTime:0.0000s ]
INFO: [ app_end ] --START--
INFO: Run Behavior\ShowPageTraceBehavior [ RunTime:0.002000s ]
INFO: [ app_end ] --END-- [ RunTime:0.002000s ]

[ 2015-05-29T23:27:06+08:00 ] ::1 /stu/index.php/Home/article/setapply.html
INFO: [ app_init ] --START--
INFO: Run Behavior\BuildLiteBehavior [ RunTime:0.000000s ]
INFO: [ app_init ] --END-- [ RunTime:0.000000s ]
INFO: [ app_begin ] --START--
INFO: Run Behavior\ReadHtmlCacheBehavior [ RunTime:0.001000s ]
INFO: [ app_begin ] --END-- [ RunTime:0.001000s ]
SQL: SHOW COLUMNS FROM `stu` [ RunTime:0.0040s ]

[ 2015-05-29T23:27:07+08:00 ] ::1 /stu/index.php/Home/article/setapply.html
INFO: [ app_init ] --START--
INFO: Run Behavior\BuildLiteBehavior [ RunTime:0.000000s ]
INFO: [ app_init ] --END-- [ RunTime:0.001000s ]
INFO: [ app_begin ] --START--
INFO: Run Behavior\ReadHtmlCacheBehavior [ RunTime:0.001001s ]
INFO: [ app_begin ] --END-- [ RunTime:0.001001s ]
SQL: SHOW COLUMNS FROM `stu` [ RunTime:0.0040s ]

[ 2015-05-29T23:27:16+08:00 ] ::1 /stu/index.php/Home/article/setapply.html
INFO: [ app_init ] --START--
INFO: Run Behavior\BuildLiteBehavior [ RunTime:0.000000s ]
INFO: [ app_init ] --END-- [ RunTime:0.000000s ]
INFO: [ app_begin ] --START--
INFO: Run Behavior\ReadHtmlCacheBehavior [ RunTime:0.000000s ]
INFO: [ app_begin ] --END-- [ RunTime:0.001000s ]
SQL: SHOW COLUMNS FROM `stu` [ RunTime:0.0030s ]
SQL: SELECT `stu_id`,`name`,`student_id`,`gender`,`major`,`political_status`,`nation`,`country`,`birth`,`id_card`,`phone`,`health`,`address`,`home_phone`,`zipcode`,`email`,`grade` FROM `stu` WHERE `stu_id` = 1  [ RunTime:0.0000s ]
INFO: [ app_end ] --START--
INFO: Run Behavior\ShowPageTraceBehavior [ RunTime:0.001000s ]
INFO: [ app_end ] --END-- [ RunTime:0.001000s ]

[ 2015-05-29T23:27:39+08:00 ] ::1 /stu/index.php/Home/article/setapply.html
INFO: [ app_init ] --START--
INFO: Run Behavior\BuildLiteBehavior [ RunTime:0.000000s ]
INFO: [ app_init ] --END-- [ RunTime:0.000000s ]
INFO: [ app_begin ] --START--
INFO: Run Behavior\ReadHtmlCacheBehavior [ RunTime:0.000000s ]
INFO: [ app_begin ] --END-- [ RunTime:0.000000s ]
SQL: SHOW COLUMNS FROM `stu` [ RunTime:0.0050s ]
SQL: SELECT `stu_id`,`name`,`student_id`,`gender`,`major`,`political_status`,`nation`,`country`,`birth`,`id_card`,`phone`,`health`,`address`,`home_phone`,`zipcode`,`email`,`grade` FROM `stu` WHERE `stu_id` = 1  [ RunTime:0.0010s ]
INFO: [ app_end ] --START--
INFO: Run Behavior\ShowPageTraceBehavior [ RunTime:0.001000s ]
INFO: [ app_end ] --END-- [ RunTime:0.001000s ]

[ 2015-05-29T23:28:24+08:00 ] ::1 /stu/index.php/Home/article/setapply.html
INFO: [ app_init ] --START--
INFO: Run Behavior\BuildLiteBehavior [ RunTime:0.000000s ]
INFO: [ app_init ] --END-- [ RunTime:0.000000s ]
INFO: [ app_begin ] --START--
INFO: Run Behavior\ReadHtmlCacheBehavior [ RunTime:0.000000s ]
INFO: [ app_begin ] --END-- [ RunTime:0.000000s ]
SQL: SHOW COLUMNS FROM `stu` [ RunTime:0.0040s ]
SQL: SELECT `stu_id`,`name`,`student_id`,`gender`,`major`,`political_status`,`nation`,`country`,`birth`,`id_card`,`phone`,`health`,`address`,`home_phone`,`zipcode`,`email`,`grade` FROM `stu` WHERE `stu_id` = 1  [ RunTime:0.0010s ]
INFO: [ app_end ] --START--
INFO: Run Behavior\ShowPageTraceBehavior [ RunTime:0.001000s ]
INFO: [ app_end ] --END-- [ RunTime:0.001000s ]

[ 2015-05-29T23:28:55+08:00 ] ::1 /stu/index.php/Home/article/apply_content.html
INFO: [ app_init ] --START--
INFO: Run Behavior\BuildLiteBehavior [ RunTime:0.000000s ]
INFO: [ app_init ] --END-- [ RunTime:0.000000s ]
INFO: [ app_begin ] --START--
INFO: Run Behavior\ReadHtmlCacheBehavior [ RunTime:0.000000s ]
INFO: [ app_begin ] --END-- [ RunTime:0.000000s ]
INFO: [ view_parse ] --START--
INFO: [ template_filter ] --START--
INFO: Run Behavior\ContentReplaceBehavior [ RunTime:0.000000s ]
INFO: [ template_filter ] --END-- [ RunTime:0.000000s ]
NOTIC: [8] Undefined variable: name D:\WWW\stu\Application\Runtime\Cache\Home\b5e96c318f5642a2a2854118b0baf258.php 第 26 行.
NOTIC: [8] Undefined variable: title D:\WWW\stu\Application\Runtime\Cache\Home\b5e96c318f5642a2a2854118b0baf258.php 第 67 行.
INFO: Run Behavior\ParseTemplateBehavior [ RunTime:0.017001s ]
INFO: [ view_parse ] --END-- [ RunTime:0.017001s ]
INFO: [ view_filter ] --START--
INFO: Run Behavior\WriteHtmlCacheBehavior [ RunTime:0.000000s ]
INFO: [ view_filter ] --END-- [ RunTime:0.000000s ]
INFO: [ app_end ] --START--
INFO: Run Behavior\ShowPageTraceBehavior [ RunTime:0.001000s ]
INFO: [ app_end ] --END-- [ RunTime:0.001000s ]

[ 2015-05-29T23:28:59+08:00 ] ::1 /stu/index.php/Home/article/setapply.html
INFO: [ app_init ] --START--
INFO: Run Behavior\BuildLiteBehavior [ RunTime:0.000000s ]
INFO: [ app_init ] --END-- [ RunTime:0.001000s ]
INFO: [ app_begin ] --START--
INFO: Run Behavior\ReadHtmlCacheBehavior [ RunTime:0.001000s ]
INFO: [ app_begin ] --END-- [ RunTime:0.001000s ]
SQL: SHOW COLUMNS FROM `stu` [ RunTime:0.0040s ]
SQL: SELECT `stu_id`,`name`,`student_id`,`gender`,`major`,`political_status`,`nation`,`country`,`birth`,`id_card`,`phone`,`health`,`address`,`home_phone`,`zipcode`,`email`,`grade` FROM `stu` WHERE `stu_id` = 1  [ RunTime:0.0010s ]
INFO: [ app_end ] --START--
INFO: Run Behavior\ShowPageTraceBehavior [ RunTime:0.000000s ]
INFO: [ app_end ] --END-- [ RunTime:0.000000s ]

[ 2015-05-29T23:31:34+08:00 ] ::1 /stu/index.php/Home/article/setapply.html
INFO: [ app_init ] --START--
INFO: Run Behavior\BuildLiteBehavior [ RunTime:0.000000s ]
INFO: [ app_init ] --END-- [ RunTime:0.001000s ]
INFO: [ app_begin ] --START--
INFO: Run Behavior\ReadHtmlCacheBehavior [ RunTime:0.000000s ]
INFO: [ app_begin ] --END-- [ RunTime:0.000000s ]
SQL: SHOW COLUMNS FROM `stu` [ RunTime:0.0040s ]
SQL: SELECT `stu_id`,`name`,`student_id`,`gender`,`major`,`political_status`,`nation`,`country`,`birth`,`id_card`,`phone`,`health`,`address`,`home_phone`,`zipcode`,`email`,`grade` FROM `stu` WHERE `stu_id` = 1  [ RunTime:0.0010s ]
INFO: [ app_end ] --START--
INFO: Run Behavior\ShowPageTraceBehavior [ RunTime:0.001000s ]
INFO: [ app_end ] --END-- [ RunTime:0.001000s ]

[ 2015-05-29T23:32:25+08:00 ] ::1 /stu/index.php/Home/article/setapply.html
INFO: [ app_init ] --START--
INFO: Run Behavior\BuildLiteBehavior [ RunTime:0.000000s ]
INFO: [ app_init ] --END-- [ RunTime:0.000000s ]
INFO: [ app_begin ] --START--
INFO: Run Behavior\ReadHtmlCacheBehavior [ RunTime:0.001000s ]
INFO: [ app_begin ] --END-- [ RunTime:0.001000s ]
SQL: SHOW COLUMNS FROM `stu` [ RunTime:0.0040s ]
SQL: SELECT `stu_id`,`name`,`student_id`,`gender`,`major`,`political_status`,`nation`,`country`,`birth`,`id_card`,`phone`,`health`,`address`,`home_phone`,`zipcode`,`email`,`grade` FROM `stu` WHERE `stu_id` = 1  [ RunTime:0.0010s ]
INFO: [ app_end ] --START--
INFO: Run Behavior\ShowPageTraceBehavior [ RunTime:0.000000s ]
INFO: [ app_end ] --END-- [ RunTime:0.000000s ]

[ 2015-05-29T23:51:26+08:00 ] ::1 /stu/index.php/Home/Article/apply.html
INFO: [ app_init ] --START--
INFO: Run Behavior\BuildLiteBehavior [ RunTime:0.000000s ]
INFO: [ app_init ] --END-- [ RunTime:0.000000s ]
INFO: [ app_begin ] --START--
INFO: Run Behavior\ReadHtmlCacheBehavior [ RunTime:0.002000s ]
INFO: [ app_begin ] --END-- [ RunTime:0.002000s ]
INFO: [ view_parse ] --START--
INFO: [ template_filter ] --START--
INFO: Run Behavior\ContentReplaceBehavior [ RunTime:0.000000s ]
INFO: [ template_filter ] --END-- [ RunTime:0.000000s ]
NOTIC: [8] Undefined variable: name D:\WWW\stu\Application\Runtime\Cache\Home\1b9ac9d49230d6426a74feda9233cfb8.php 第 26 行.
NOTIC: [8] Undefined variable: id D:\WWW\stu\Application\Runtime\Cache\Home\1b9ac9d49230d6426a74feda9233cfb8.php 第 70 行.
NOTIC: [8] Undefined variable: id D:\WWW\stu\Application\Runtime\Cache\Home\1b9ac9d49230d6426a74feda9233cfb8.php 第 94 行.
NOTIC: [8] Undefined variable: id D:\WWW\stu\Application\Runtime\Cache\Home\1b9ac9d49230d6426a74feda9233cfb8.php 第 100 行.
NOTIC: [8] Undefined variable: id D:\WWW\stu\Application\Runtime\Cache\Home\1b9ac9d49230d6426a74feda9233cfb8.php 第 101 行.
INFO: Run Behavior\ParseTemplateBehavior [ RunTime:0.021002s ]
INFO: [ view_parse ] --END-- [ RunTime:0.021002s ]
INFO: [ view_filter ] --START--
INFO: Run Behavior\WriteHtmlCacheBehavior [ RunTime:0.001000s ]
INFO: [ view_filter ] --END-- [ RunTime:0.001000s ]
INFO: [ app_end ] --START--
INFO: Run Behavior\ShowPageTraceBehavior [ RunTime:0.000000s ]
INFO: [ app_end ] --END-- [ RunTime:0.000000s ]

