[ 2015-06-12T23:38:36+08:00 ] ::1 /stu/
INFO: [ app_init ] --START--
INFO: Run Behavior\BuildLiteBehavior [ RunTime:0.000000s ]
INFO: [ app_init ] --END-- [ RunTime:0.029001s ]
INFO: [ app_begin ] --START--
INFO: Run Behavior\ReadHtmlCacheBehavior [ RunTime:0.001000s ]
INFO: [ app_begin ] --END-- [ RunTime:0.001000s ]
SQL: SHOW COLUMNS FROM `mix` [ RunTime:0.0700s ]
SQL: SELECT COUNT(*) AS tp_count FROM `mix` WHERE `stu_id` = 1 LIMIT 1   [ RunTime:0.0280s ]
SQL: SELECT * FROM `mix` WHERE `stu_id` = 1 LIMIT 0,10   [ RunTime:0.0010s ]
SQL: SHOW COLUMNS FROM `stu` [ RunTime:0.0390s ]
SQL: SELECT * FROM `stu` WHERE ( stu_id=1 ) LIMIT 0,10   [ RunTime:0.0260s ]
SQL: SHOW COLUMNS FROM `status` [ RunTime:0.0360s ]
SQL: SELECT `status_name` FROM `status` WHERE `status` = 2  [ RunTime:0.0010s ]
SQL: SELECT `status_name` FROM `status` WHERE `status` = 6  [ RunTime:0.0000s ]
SQL: SELECT `status_name` FROM `status` WHERE `status` = 2  [ RunTime:0.0000s ]
SQL: SELECT `status_name` FROM `status` WHERE `status` = 4  [ RunTime:0.0010s ]
SQL: SELECT `status_name` FROM `status` WHERE `status` = 3  [ RunTime:0.0010s ]
SQL: SELECT `status_name` FROM `status` WHERE `status` = 5  [ RunTime:0.0010s ]
INFO: [ view_parse ] --START--
INFO: [ template_filter ] --START--
INFO: Run Behavior\ContentReplaceBehavior [ RunTime:0.000000s ]
INFO: [ template_filter ] --END-- [ RunTime:0.000000s ]
NOTIC: [8] Undefined variable: name D:\WWW\stu\Application\Runtime\Cache\Home\2a94b8bda04ff446dcedd42276fc99ee.php 第 32 行.
INFO: Run Behavior\ParseTemplateBehavior [ RunTime:0.105006s ]
INFO: [ view_parse ] --END-- [ RunTime:0.105006s ]
INFO: [ view_filter ] --START--
INFO: Run Behavior\WriteHtmlCacheBehavior [ RunTime:0.019001s ]
INFO: [ view_filter ] --END-- [ RunTime:0.019001s ]
INFO: [ app_end ] --START--
INFO: Run Behavior\ShowPageTraceBehavior [ RunTime:0.011001s ]
INFO: [ app_end ] --END-- [ RunTime:0.011001s ]

[ 2015-06-12T23:44:52+08:00 ] ::1 /stu/index.php/Home/Index/index.html
INFO: [ app_init ] --START--
INFO: Run Behavior\BuildLiteBehavior [ RunTime:0.000000s ]
INFO: [ app_init ] --END-- [ RunTime:0.000000s ]
INFO: [ app_begin ] --START--
INFO: Run Behavior\ReadHtmlCacheBehavior [ RunTime:0.000000s ]
INFO: [ app_begin ] --END-- [ RunTime:0.000000s ]
SQL: SHOW COLUMNS FROM `mix` [ RunTime:0.0080s ]
SQL: SELECT COUNT(*) AS tp_count FROM `mix` WHERE `stu_id` = 1 LIMIT 1   [ RunTime:0.0010s ]
SQL: SELECT * FROM `mix` WHERE `stu_id` = 1 LIMIT 0,10   [ RunTime:0.0010s ]
SQL: SHOW COLUMNS FROM `stu` [ RunTime:0.0040s ]
SQL: SELECT * FROM `stu` WHERE ( stu_id=1 ) LIMIT 0,10   [ RunTime:0.0000s ]
SQL: SHOW COLUMNS FROM `status` [ RunTime:0.0050s ]
SQL: SELECT `status_name` FROM `status` WHERE `status` = 2  [ RunTime:0.0000s ]
SQL: SELECT `status_name` FROM `status` WHERE `status` = 6  [ RunTime:0.0010s ]
SQL: SELECT `status_name` FROM `status` WHERE `status` = 2  [ RunTime:0.0010s ]
SQL: SELECT `status_name` FROM `status` WHERE `status` = 4  [ RunTime:0.0000s ]
SQL: SELECT `status_name` FROM `status` WHERE `status` = 3  [ RunTime:0.0010s ]
SQL: SELECT `status_name` FROM `status` WHERE `status` = 5  [ RunTime:0.0000s ]
INFO: [ view_parse ] --START--
INFO: [ template_filter ] --START--
INFO: Run Behavior\ContentReplaceBehavior [ RunTime:0.001000s ]
INFO: [ template_filter ] --END-- [ RunTime:0.001000s ]
NOTIC: [8] Undefined variable: name D:\WWW\stu\Application\Runtime\Cache\Home\2a94b8bda04ff446dcedd42276fc99ee.php 第 32 行.
INFO: Run Behavior\ParseTemplateBehavior [ RunTime:0.017001s ]
INFO: [ view_parse ] --END-- [ RunTime:0.018001s ]
INFO: [ view_filter ] --START--
INFO: Run Behavior\WriteHtmlCacheBehavior [ RunTime:0.001000s ]
INFO: [ view_filter ] --END-- [ RunTime:0.001000s ]
INFO: [ app_end ] --START--
INFO: Run Behavior\ShowPageTraceBehavior [ RunTime:0.001000s ]
INFO: [ app_end ] --END-- [ RunTime:0.001000s ]

[ 2015-06-12T23:44:53+08:00 ] ::1 /stu/index.php/Home/Article/informed.html
INFO: [ app_init ] --START--
INFO: Run Behavior\BuildLiteBehavior [ RunTime:0.000000s ]
INFO: [ app_init ] --END-- [ RunTime:0.001000s ]
INFO: [ app_begin ] --START--
INFO: Run Behavior\ReadHtmlCacheBehavior [ RunTime:0.001000s ]
INFO: [ app_begin ] --END-- [ RunTime:0.001000s ]
SQL: SHOW COLUMNS FROM `mix` [ RunTime:0.0060s ]
SQL: SELECT COUNT(*) AS tp_count FROM `mix` WHERE `stu_id` = 1 LIMIT 1   [ RunTime:0.0010s ]
SQL: SELECT * FROM `mix` WHERE `stu_id` = 1 LIMIT 0,10   [ RunTime:0.0000s ]
SQL: SHOW COLUMNS FROM `stu` [ RunTime:0.0060s ]
SQL: SELECT * FROM `stu` WHERE ( stu_id=1 ) LIMIT 0,10   [ RunTime:0.0000s ]
SQL: SHOW COLUMNS FROM `status` [ RunTime:0.0030s ]
SQL: SELECT `status_name` FROM `status` WHERE `status` = 2  [ RunTime:0.0010s ]
SQL: SELECT `status_name` FROM `status` WHERE `status` = 6  [ RunTime:0.0000s ]
SQL: SELECT `status_name` FROM `status` WHERE `status` = 2  [ RunTime:0.0010s ]
SQL: SELECT `status_name` FROM `status` WHERE `status` = 4  [ RunTime:0.0010s ]
SQL: SELECT `status_name` FROM `status` WHERE `status` = 3  [ RunTime:0.0000s ]
SQL: SELECT `status_name` FROM `status` WHERE `status` = 5  [ RunTime:0.0010s ]
INFO: [ view_parse ] --START--
INFO: [ template_filter ] --START--
INFO: Run Behavior\ContentReplaceBehavior [ RunTime:0.000000s ]
INFO: [ template_filter ] --END-- [ RunTime:0.000000s ]
NOTIC: [8] Undefined variable: name D:\WWW\stu\Application\Runtime\Cache\Home\adeb9592ee9dbb87fba8dc53a9d42b66.php 第 26 行.
INFO: Run Behavior\ParseTemplateBehavior [ RunTime:0.035002s ]
INFO: [ view_parse ] --END-- [ RunTime:0.035002s ]
INFO: [ view_filter ] --START--
INFO: Run Behavior\WriteHtmlCacheBehavior [ RunTime:0.001000s ]
INFO: [ view_filter ] --END-- [ RunTime:0.001000s ]
INFO: [ app_end ] --START--
INFO: Run Behavior\ShowPageTraceBehavior [ RunTime:0.001000s ]
INFO: [ app_end ] --END-- [ RunTime:0.001000s ]

[ 2015-06-12T23:44:58+08:00 ] ::1 /stu/index.php/Home/Article/checkinfo.html
INFO: [ app_init ] --START--
INFO: Run Behavior\BuildLiteBehavior [ RunTime:0.000000s ]
INFO: [ app_init ] --END-- [ RunTime:0.001000s ]
INFO: [ app_begin ] --START--
INFO: Run Behavior\ReadHtmlCacheBehavior [ RunTime:0.001000s ]
INFO: [ app_begin ] --END-- [ RunTime:0.001000s ]
SQL: SHOW COLUMNS FROM `mix` [ RunTime:0.0080s ]
SQL: SELECT COUNT(*) AS tp_count FROM `mix` WHERE `stu_id` = 1 LIMIT 1   [ RunTime:0.0010s ]
SQL: SELECT * FROM `mix` WHERE `stu_id` = 1 LIMIT 0,10   [ RunTime:0.0020s ]
SQL: SHOW COLUMNS FROM `stu` [ RunTime:0.0070s ]
SQL: SELECT * FROM `stu` WHERE ( stu_id=1 ) LIMIT 0,10   [ RunTime:0.0010s ]
SQL: SHOW COLUMNS FROM `status` [ RunTime:0.0070s ]
SQL: SELECT `status_name` FROM `status` WHERE `status` = 2  [ RunTime:0.0000s ]
SQL: SELECT `status_name` FROM `status` WHERE `status` = 6  [ RunTime:0.0010s ]
SQL: SELECT `status_name` FROM `status` WHERE `status` = 2  [ RunTime:0.0010s ]
SQL: SELECT `status_name` FROM `status` WHERE `status` = 4  [ RunTime:0.0010s ]
SQL: SELECT `status_name` FROM `status` WHERE `status` = 3  [ RunTime:0.0000s ]
SQL: SELECT `status_name` FROM `status` WHERE `status` = 5  [ RunTime:0.0000s ]
INFO: [ view_parse ] --START--
INFO: [ template_filter ] --START--
INFO: Run Behavior\ContentReplaceBehavior [ RunTime:0.000000s ]
INFO: [ template_filter ] --END-- [ RunTime:0.000000s ]
NOTIC: [8] Undefined variable: name D:\WWW\stu\Application\Runtime\Cache\Home\9e51868fbdcc62454132d7a07ff641b8.php 第 26 行.
INFO: Run Behavior\ParseTemplateBehavior [ RunTime:0.086005s ]
INFO: [ view_parse ] --END-- [ RunTime:0.086005s ]
INFO: [ view_filter ] --START--
INFO: Run Behavior\WriteHtmlCacheBehavior [ RunTime:0.000000s ]
INFO: [ view_filter ] --END-- [ RunTime:0.000000s ]
INFO: [ app_end ] --START--
INFO: Run Behavior\ShowPageTraceBehavior [ RunTime:0.001000s ]
INFO: [ app_end ] --END-- [ RunTime:0.001000s ]

