[ 2015-09-10T02:34:33+08:00 ] ::1 /stu-manage/index.php/Home/Article/checkinfo.html
ERR: Think\Model:setcomposite方法不存在！

[ 2015-09-10T02:35:13+08:00 ] ::1 /stu-manage/index.php/Home/Article/checkinfo.html
ERR: Think\Model:setcomposite方法不存在！

[ 2015-09-10T02:35:15+08:00 ] ::1 /stu-manage/index.php/Home/Article/checkinfo.html
ERR: Think\Model:setcomposite方法不存在！

[ 2015-09-10T02:36:31+08:00 ] ::1 /stu-manage/index.php/Home/Article/checkinfo.html
ERR: Think\Model:setcomposite方法不存在！

[ 2015-09-10T02:36:33+08:00 ] ::1 /stu-manage/index.php/Home/Article/checkinfo.html
ERR: Think\Model:setcomposite方法不存在！

[ 2015-09-10T02:36:34+08:00 ] ::1 /stu-manage/index.php/Home/Article/checkinfo.html
ERR: Think\Model:setcomposite方法不存在！

[ 2015-09-10T02:39:04+08:00 ] ::1 /stu-manage/index.php/Home/Article/checkinfo.html
ERR: Think\Model:setcomposite方法不存在！

[ 2015-09-10T03:11:50+08:00 ] ::1 /stu-manage/index.php/Home/Article/perinfo.html
ERR: 非法操作:perinfo

[ 2015-09-10T03:12:18+08:00 ] ::1 /stu-manage/index.php/Home/Article/perinfo.html
ERR: 非法操作:perinfo

[ 2015-09-10T03:15:20+08:00 ] ::1 /stu-manage/index.php/Home/article/searchinfo.html?item=1&item1=1
ERR: 模板不存在:./Application/Home/View/Article/searchinfo.html

[ 2015-09-10T03:16:01+08:00 ] ::1 /stu-manage/index.php/Home/article/searchinfo.html?item=1&item1=1
ERR: 模板不存在:./Application/Home/View/Article/searchinfo.html

