[ 2015-10-15T13:50:29+08:00 ] ::1 /stu-manage/index.php/Home/Article/infoshow.html
ERR: Think\Controller:where方法不存在！

[ 2015-10-15T13:50:29+08:00 ] ::1 /stu-manage/index.php/Home/Article/infoshow.html
ERR: Think\Controller:where方法不存在！

[ 2015-10-15T13:50:30+08:00 ] ::1 /stu-manage/index.php/Home/Article/infoshow.html
ERR: Think\Controller:where方法不存在！

[ 2015-10-15T13:50:33+08:00 ] ::1 /stu-manage/index.php/Home/Article/
ERR: 非法操作:index

[ 2015-10-15T13:51:10+08:00 ] ::1 /stu-manage/index.php/Home/Article/infoshow.html
ERR: Think\Controller:where方法不存在！

[ 2015-10-15T13:51:18+08:00 ] ::1 /stu-manage/index.php/Home/Article/infoshow.html
ERR: Think\Controller:where方法不存在！

[ 2015-10-15T13:51:48+08:00 ] ::1 /stu-manage/index.php/Home/Article/infoshow.html
ERR: Think\Controller:where方法不存在！

[ 2015-10-15T13:57:59+08:00 ] ::1 /stu-manage/index.php/Home/Article/infoshow.html
ERR: Think\Controller:where方法不存在！

[ 2015-10-15T13:58:00+08:00 ] ::1 /stu-manage/index.php/Home/Article/infoshow.html
ERR: Think\Controller:where方法不存在！

[ 2015-10-15T13:58:00+08:00 ] ::1 /stu-manage/index.php/Home/Article/infoshow.html
ERR: Think\Controller:where方法不存在！

[ 2015-10-15T13:58:00+08:00 ] ::1 /stu-manage/index.php/Home/Article/infoshow.html
ERR: Think\Controller:where方法不存在！

[ 2015-10-15T15:02:36+08:00 ] ::1 /stu-manage/index.php/Home/Article/infoshow.html
ERR: Think\Controller:where方法不存在！

[ 2015-10-15T15:46:48+08:00 ] ::1 /stu-manage/index.php/Home/article/setapply.html
ERR: SQLSTATE[23000]: Integrity constraint violation: 1048 Le champ 'info_type' ne peut être vide (null)

[ 2015-10-15T15:47:32+08:00 ] ::1 /stu-manage/index.php/Home/article/setapply.html
ERR: SQLSTATE[23000]: Integrity constraint violation: 1048 Le champ 'info_type' ne peut être vide (null)

[ 2015-10-15T15:47:38+08:00 ] ::1 /stu-manage/index.php/Home/article/setapply.html
ERR: SQLSTATE[23000]: Integrity constraint violation: 1048 Le champ 'info_type' ne peut être vide (null)

[ 2015-10-15T15:48:22+08:00 ] ::1 /stu-manage/index.php/Home/article/setapply.html
ERR: SQLSTATE[23000]: Integrity constraint violation: 1048 Le champ 'info_type' ne peut être vide (null)

[ 2015-10-15T15:48:35+08:00 ] ::1 /stu-manage/index.php/Home/article/setapply.html
ERR: SQLSTATE[23000]: Integrity constraint violation: 1048 Le champ 'info_type' ne peut être vide (null)

[ 2015-10-15T15:49:13+08:00 ] ::1 /stu-manage/index.php/Home/Article/setapply.html
ERR: SQLSTATE[23000]: Integrity constraint violation: 1048 Le champ 'info_type' ne peut être vide (null)

[ 2015-10-15T15:50:03+08:00 ] ::1 /stu-manage/index.php/Home/Article/setapply.html
ERR: SQLSTATE[23000]: Integrity constraint violation: 1048 Le champ 'info_type' ne peut être vide (null)

[ 2015-10-15T15:50:10+08:00 ] ::1 /stu-manage/index.php/Home/Article/setapply.html
ERR: SQLSTATE[23000]: Integrity constraint violation: 1048 Le champ 'info_type' ne peut être vide (null)

[ 2015-10-15T15:50:17+08:00 ] ::1 /stu-manage/index.php/Home/Article/setapply.html
ERR: SQLSTATE[23000]: Integrity constraint violation: 1048 Le champ 'info_type' ne peut être vide (null)

